[2023-12-10 03:11:15.797] [main] WARN  c.a.c.n.c.NacosPropertySourceBuilder : Ignore the empty nacos configuration and get it based on dataId[xfs-auth] & group[DEFAULT_GROUP]
[2023-12-10 03:11:15.805] [main] WARN  c.a.c.n.c.NacosPropertySourceBuilder : Ignore the empty nacos configuration and get it based on dataId[xfs-auth.yaml] & group[DEFAULT_GROUP]
[2023-12-10 03:11:15.812] [main] INFO  o.s.c.b.c.PropertySourceBootstrapConfiguration : Located property source: [BootstrapPropertySource {name='bootstrapProperties-xfs-auth-dev.yaml,DEFAULT_GROUP'}, BootstrapPropertySource {name='bootstrapProperties-xfs-auth.yaml,DEFAULT_GROUP'}, BootstrapPropertySource {name='bootstrapProperties-xfs-auth,DEFAULT_GROUP'}, BootstrapPropertySource {name='bootstrapProperties-jwt.yaml,DEFAULT_GROUP'}, BootstrapPropertySource {name='bootstrapProperties-redis.yaml,DEFAULT_GROUP'}, BootstrapPropertySource {name='bootstrapProperties-mybatis-plus.yaml,DEFAULT_GROUP'}]
[2023-12-10 03:11:15.817] [main] INFO  com.yyh.xfs.auth.AuthApplication : The following profiles are active: dev
[2023-12-10 03:11:16.486] [main] INFO  o.s.d.r.c.RepositoryConfigurationDelegate : Multiple Spring Data modules found, entering strict repository configuration mode!
[2023-12-10 03:11:16.488] [main] INFO  o.s.d.r.c.RepositoryConfigurationDelegate : Bootstrapping Spring Data Redis repositories in DEFAULT mode.
[2023-12-10 03:11:16.508] [main] INFO  o.s.d.r.c.RepositoryConfigurationDelegate : Finished Spring Data repository scanning in 6 ms. Found 0 Redis repository interfaces.
[2023-12-10 03:11:16.657] [main] WARN  o.m.s.mapper.ClassPathMapperScanner : No MyBatis mapper was found in '[com.yyh.xfs.auth]' package. Please check your configuration.
[2023-12-10 03:11:16.758] [main] INFO  o.s.cloud.context.scope.GenericScope : BeanFactory id=3fa2bd07-116f-3c92-a340-c229f76eccf5
[2023-12-10 03:11:17.088] [main] INFO  o.s.b.w.e.tomcat.TomcatWebServer : Tomcat initialized with port(s): 9100 (http)
[2023-12-10 03:11:17.095] [main] INFO  o.a.coyote.http11.Http11NioProtocol : Initializing ProtocolHandler ["http-nio-9100"]
[2023-12-10 03:11:17.096] [main] INFO  o.a.catalina.core.StandardService : Starting service [Tomcat]
[2023-12-10 03:11:17.097] [main] INFO  o.a.catalina.core.StandardEngine : Starting Servlet engine: [Apache Tomcat/9.0.56]
[2023-12-10 03:11:17.244] [main] INFO  o.a.c.c.C.[Tomcat].[localhost].[/] : Initializing Spring embedded WebApplicationContext
[2023-12-10 03:11:17.244] [main] INFO  o.s.b.w.s.c.ServletWebServerApplicationContext : Root WebApplicationContext: initialization completed in 1417 ms
[2023-12-10 03:11:19.000] [main] INFO  o.s.cloud.commons.util.InetUtils : Cannot determine local hostname
[2023-12-10 03:11:19.717] [main] INFO  o.s.b.f.a.AutowiredAnnotationBeanPostProcessor : Autowired annotation is not supported on static fields: private static java.lang.String com.yyh.xfs.common.web.utils.JWTUtil.secret
[2023-12-10 03:11:21.062] [main] INFO  o.s.cloud.commons.util.InetUtils : Cannot determine local hostname
[2023-12-10 03:11:21.102] [main] WARN  o.s.c.l.c.LoadBalancerCacheAutoConfiguration$LoadBalancerCaffeineWarnLogger : Spring Cloud LoadBalancer is currently working with the default cache. While this cache implementation is useful for development and tests, it's recommended to use Caffeine cache in production.You can switch to using Caffeine cache, by adding it and org.springframework.cache.caffeine.CaffeineCacheManager to the classpath.
[2023-12-10 03:11:21.255] [main] INFO  o.a.coyote.http11.Http11NioProtocol : Starting ProtocolHandler ["http-nio-9100"]
[2023-12-10 03:11:21.270] [main] INFO  o.s.b.w.e.tomcat.TomcatWebServer : Tomcat started on port(s): 9100 (http) with context path ''
[2023-12-10 03:11:21.329] [main] INFO  c.a.c.n.r.NacosServiceRegistry : nacos registry, DEFAULT_GROUP xfs-auth 192.168.229.1:9100 register finished
[2023-12-10 03:11:22.581] [main] INFO  o.s.cloud.commons.util.InetUtils : Cannot determine local hostname
[2023-12-10 03:11:22.614] [main] INFO  com.yyh.xfs.auth.AuthApplication : Started AuthApplication in 10.488 seconds (JVM running for 11.725)
[2023-12-10 03:11:22.619] [main] INFO  c.a.c.n.r.NacosContextRefresher : listening config: dataId=xfs-auth-dev.yaml, group=DEFAULT_GROUP
[2023-12-10 03:11:22.620] [main] INFO  c.a.c.n.r.NacosContextRefresher : listening config: dataId=xfs-auth, group=DEFAULT_GROUP
[2023-12-10 03:11:22.620] [main] INFO  c.a.c.n.r.NacosContextRefresher : listening config: dataId=xfs-auth.yaml, group=DEFAULT_GROUP
[2023-12-10 03:11:31.183] [Thread-30] WARN  c.a.nacos.common.notify.NotifyCenter : [NotifyCenter] Start destroying Publisher
[2023-12-10 03:11:31.183] [Thread-5] WARN  c.a.n.c.http.HttpClientBeanHolder : [HttpClientBeanHolder] Start destroying common HttpClient
[2023-12-10 03:11:31.183] [Thread-30] WARN  c.a.nacos.common.notify.NotifyCenter : [NotifyCenter] Destruction of the end
[2023-12-10 03:11:31.184] [Thread-5] WARN  c.a.n.c.http.HttpClientBeanHolder : [HttpClientBeanHolder] Destruction of the end
[2023-12-10 03:11:31.377] [SpringApplicationShutdownHook] INFO  c.a.c.n.r.NacosServiceRegistry : De-registering from Nacos Server now...
[2023-12-10 03:11:31.383] [SpringApplicationShutdownHook] INFO  c.a.c.n.r.NacosServiceRegistry : De-registration finished.
