[2023-12-09 21:24:13.480] [main] INFO  com.yyh.xfs.auth.AuthApplication : Starting AuthApplication using Java 1.8.0_371 on LAPTOP-MDOAHFJK with PID 13424 (D:\ideaproject\xiaofanshu\xfs-auth\target\classes started by 86131 in D:\ideaproject\xiaofanshu)
[2023-12-09 21:24:13.482] [main] INFO  com.yyh.xfs.auth.AuthApplication : No active profile set, falling back to default profiles: default
[2023-12-09 21:24:14.343] [main] INFO  o.s.d.r.c.RepositoryConfigurationDelegate : Multiple Spring Data modules found, entering strict repository configuration mode!
[2023-12-09 21:24:14.346] [main] INFO  o.s.d.r.c.RepositoryConfigurationDelegate : Bootstrapping Spring Data Redis repositories in DEFAULT mode.
[2023-12-09 21:24:14.367] [main] INFO  o.s.d.r.c.RepositoryConfigurationDelegate : Finished Spring Data repository scanning in 6 ms. Found 0 Redis repository interfaces.
[2023-12-09 21:24:14.526] [main] WARN  o.m.s.mapper.ClassPathMapperScanner : No MyBatis mapper was found in '[com.yyh.xfs.auth]' package. Please check your configuration.
[2023-12-09 21:24:14.604] [main] INFO  o.s.cloud.context.scope.GenericScope : BeanFactory id=c070a2c6-b049-39d2-be47-b8b7cacf2b62
[2023-12-09 21:24:14.918] [main] INFO  o.s.b.w.e.tomcat.TomcatWebServer : Tomcat initialized with port(s): 8080 (http)
[2023-12-09 21:24:14.926] [main] INFO  o.a.coyote.http11.Http11NioProtocol : Initializing ProtocolHandler ["http-nio-8080"]
[2023-12-09 21:24:14.927] [main] INFO  o.a.catalina.core.StandardService : Starting service [Tomcat]
[2023-12-09 21:24:14.927] [main] INFO  o.a.catalina.core.StandardEngine : Starting Servlet engine: [Apache Tomcat/9.0.56]
[2023-12-09 21:24:15.035] [main] INFO  o.a.c.c.C.[Tomcat].[localhost].[/] : Initializing Spring embedded WebApplicationContext
[2023-12-09 21:24:15.036] [main] INFO  o.s.b.w.s.c.ServletWebServerApplicationContext : Root WebApplicationContext: initialization completed in 1520 ms
[2023-12-09 21:24:15.846] [main] WARN  o.s.b.w.s.c.AnnotationConfigServletWebServerApplicationContext : Exception encountered during context initialization - cancelling refresh attempt: org.springframework.beans.factory.BeanCreationException: Error creating bean with name 'dataSource' defined in class path resource [org/springframework/boot/autoconfigure/jdbc/DataSourceConfiguration$Hikari.class]: Bean instantiation via factory method failed; nested exception is org.springframework.beans.BeanInstantiationException: Failed to instantiate [com.zaxxer.hikari.HikariDataSource]: Factory method 'dataSource' threw exception; nested exception is org.springframework.boot.autoconfigure.jdbc.DataSourceProperties$DataSourceBeanCreationException: Failed to determine a suitable driver class
[2023-12-09 21:24:15.851] [main] INFO  o.a.catalina.core.StandardService : Stopping service [Tomcat]
[2023-12-09 21:24:15.864] [main] INFO  o.s.b.a.l.ConditionEvaluationReportLoggingListener : 

Error starting ApplicationContext. To display the conditions report re-run your application with 'debug' enabled.
[2023-12-09 21:24:15.878] [main] ERROR o.s.b.d.LoggingFailureAnalysisReporter : 

***************************
APPLICATION FAILED TO START
***************************

Description:

Failed to configure a DataSource: 'url' attribute is not specified and no embedded datasource could be configured.

Reason: Failed to determine a suitable driver class


Action:

Consider the following:
	If you want an embedded database (H2, HSQL or Derby), please put it on the classpath.
	If you have database settings to be loaded from a particular profile you may need to activate it (no profiles are currently active).

[2023-12-09 21:24:15.879] [Thread-8] WARN  c.a.n.c.http.HttpClientBeanHolder : [HttpClientBeanHolder] Start destroying common HttpClient
[2023-12-09 21:27:44.152] [main] INFO  com.yyh.xfs.auth.AuthApplication : Starting AuthApplication using Java 1.8.0_371 on LAPTOP-MDOAHFJK with PID 15464 (D:\ideaproject\xiaofanshu\xfs-auth\target\classes started by 86131 in D:\ideaproject\xiaofanshu)
[2023-12-09 21:27:44.154] [main] INFO  com.yyh.xfs.auth.AuthApplication : No active profile set, falling back to default profiles: default
[2023-12-09 21:27:44.971] [main] INFO  o.s.d.r.c.RepositoryConfigurationDelegate : Multiple Spring Data modules found, entering strict repository configuration mode!
[2023-12-09 21:27:44.972] [main] INFO  o.s.d.r.c.RepositoryConfigurationDelegate : Bootstrapping Spring Data Redis repositories in DEFAULT mode.
[2023-12-09 21:27:44.992] [main] INFO  o.s.d.r.c.RepositoryConfigurationDelegate : Finished Spring Data repository scanning in 5 ms. Found 0 Redis repository interfaces.
[2023-12-09 21:27:45.144] [main] WARN  o.m.s.mapper.ClassPathMapperScanner : No MyBatis mapper was found in '[com.yyh.xfs.auth]' package. Please check your configuration.
[2023-12-09 21:27:45.225] [main] INFO  o.s.cloud.context.scope.GenericScope : BeanFactory id=804477da-62bb-39c4-b3c4-8e7ff489dc16
[2023-12-09 21:27:45.538] [main] INFO  o.s.b.w.e.tomcat.TomcatWebServer : Tomcat initialized with port(s): 9100 (http)
[2023-12-09 21:27:45.548] [main] INFO  o.a.coyote.http11.Http11NioProtocol : Initializing ProtocolHandler ["http-nio-9100"]
[2023-12-09 21:27:45.548] [main] INFO  o.a.catalina.core.StandardService : Starting service [Tomcat]
[2023-12-09 21:27:45.548] [main] INFO  o.a.catalina.core.StandardEngine : Starting Servlet engine: [Apache Tomcat/9.0.56]
[2023-12-09 21:27:45.668] [main] INFO  o.a.c.c.C.[Tomcat].[localhost].[/] : Initializing Spring embedded WebApplicationContext
[2023-12-09 21:27:45.668] [main] INFO  o.s.b.w.s.c.ServletWebServerApplicationContext : Root WebApplicationContext: initialization completed in 1483 ms
[2023-12-09 21:27:47.064] [main] INFO  o.s.b.f.a.AutowiredAnnotationBeanPostProcessor : Autowired annotation is not supported on static fields: private static java.lang.String com.yyh.xfs.common.web.utils.JWTUtil.secret
[2023-12-09 21:27:47.442] [main] WARN  o.s.c.l.c.LoadBalancerCacheAutoConfiguration$LoadBalancerCaffeineWarnLogger : Spring Cloud LoadBalancer is currently working with the default cache. While this cache implementation is useful for development and tests, it's recommended to use Caffeine cache in production.You can switch to using Caffeine cache, by adding it and org.springframework.cache.caffeine.CaffeineCacheManager to the classpath.
[2023-12-09 21:27:47.545] [main] ERROR c.a.cloud.nacos.discovery.NacosWatch : namingService subscribe failed, properties:NacosDiscoveryProperties{serverAddr='192.168.124.100:8848', username='', password='', endpoint='', namespace='${spring.cloud.nacos.config.namespace}', watchDelay=30000, logName='', service='', weight=1.0, clusterName='DEFAULT', group='DEFAULT_GROUP', namingLoadCacheAtStart='false', metadata={preserved.register.source=SPRING_CLOUD}, registerEnabled=true, ip='192.168.229.1', networkInterface='', port=-1, secure=false, accessKey='', secretKey='', heartBeatInterval=null, heartBeatTimeout=null, ipDeleteTimeout=null, instanceEnabled=true, ephemeral=true, failureToleranceEnabled=false}, ipDeleteTimeout=null, failFast=true}
java.lang.IllegalArgumentException: Param 'serviceName' is illegal, serviceName is blank
	at com.alibaba.nacos.api.naming.utils.NamingUtils.getGroupedName(NamingUtils.java:47)
	at com.alibaba.nacos.client.naming.NacosNamingService.subscribe(NacosNamingService.java:457)
	at com.alibaba.cloud.nacos.discovery.NacosWatch.start(NacosWatch.java:133)
	at org.springframework.context.support.DefaultLifecycleProcessor.doStart(DefaultLifecycleProcessor.java:178)
	at org.springframework.context.support.DefaultLifecycleProcessor.access$200(DefaultLifecycleProcessor.java:54)
	at org.springframework.context.support.DefaultLifecycleProcessor$LifecycleGroup.start(DefaultLifecycleProcessor.java:356)
	at java.lang.Iterable.forEach(Iterable.java:75)
	at org.springframework.context.support.DefaultLifecycleProcessor.startBeans(DefaultLifecycleProcessor.java:155)
	at org.springframework.context.support.DefaultLifecycleProcessor.onRefresh(DefaultLifecycleProcessor.java:123)
	at org.springframework.context.support.AbstractApplicationContext.finishRefresh(AbstractApplicationContext.java:935)
	at org.springframework.context.support.AbstractApplicationContext.refresh(AbstractApplicationContext.java:586)
	at org.springframework.boot.web.servlet.context.ServletWebServerApplicationContext.refresh(ServletWebServerApplicationContext.java:145)
	at org.springframework.boot.SpringApplication.refresh(SpringApplication.java:732)
	at org.springframework.boot.SpringApplication.refreshContext(SpringApplication.java:414)
	at org.springframework.boot.SpringApplication.run(SpringApplication.java:302)
	at org.springframework.boot.SpringApplication.run(SpringApplication.java:1303)
	at org.springframework.boot.SpringApplication.run(SpringApplication.java:1292)
	at com.yyh.xfs.auth.AuthApplication.main(AuthApplication.java:13)
[2023-12-09 21:27:47.548] [main] INFO  o.a.coyote.http11.Http11NioProtocol : Starting ProtocolHandler ["http-nio-9100"]
[2023-12-09 21:27:47.568] [main] INFO  o.s.b.w.e.tomcat.TomcatWebServer : Tomcat started on port(s): 9100 (http) with context path ''
[2023-12-09 21:27:47.571] [main] WARN  c.a.c.n.r.NacosServiceRegistry : No service to register for nacos client...
[2023-12-09 21:27:47.896] [main] INFO  com.yyh.xfs.auth.AuthApplication : Started AuthApplication in 4.552 seconds (JVM running for 5.606)
[2023-12-09 21:27:57.466] [Thread-9] WARN  c.a.n.c.http.HttpClientBeanHolder : [HttpClientBeanHolder] Start destroying common HttpClient
[2023-12-09 21:27:57.466] [Thread-20] WARN  c.a.nacos.common.notify.NotifyCenter : [NotifyCenter] Start destroying Publisher
[2023-12-09 21:27:57.467] [Thread-20] WARN  c.a.nacos.common.notify.NotifyCenter : [NotifyCenter] Destruction of the end
[2023-12-09 21:27:57.467] [Thread-9] WARN  c.a.n.c.http.HttpClientBeanHolder : [HttpClientBeanHolder] Destruction of the end
[2023-12-09 21:27:57.661] [SpringApplicationShutdownHook] ERROR c.a.cloud.nacos.discovery.NacosWatch : namingService unsubscribe failed, properties:NacosDiscoveryProperties{serverAddr='192.168.124.100:8848', username='', password='', endpoint='', namespace='${spring.cloud.nacos.config.namespace}', watchDelay=30000, logName='', service='', weight=1.0, clusterName='DEFAULT', group='DEFAULT_GROUP', namingLoadCacheAtStart='false', metadata={preserved.register.source=SPRING_CLOUD}, registerEnabled=true, ip='192.168.229.1', networkInterface='', port=9100, secure=false, accessKey='', secretKey='', heartBeatInterval=null, heartBeatTimeout=null, ipDeleteTimeout=null, instanceEnabled=true, ephemeral=true, failureToleranceEnabled=false}, ipDeleteTimeout=null, failFast=true}
java.lang.IllegalArgumentException: Param 'serviceName' is illegal, serviceName is blank
	at com.alibaba.nacos.api.naming.utils.NamingUtils.getGroupedName(NamingUtils.java:47)
	at com.alibaba.nacos.client.naming.NacosNamingService.unsubscribe(NacosNamingService.java:479)
	at com.alibaba.cloud.nacos.discovery.NacosWatch.stop(NacosWatch.java:176)
	at com.alibaba.cloud.nacos.discovery.NacosWatch.stop(NacosWatch.java:107)
	at org.springframework.context.support.DefaultLifecycleProcessor.doStop(DefaultLifecycleProcessor.java:234)
	at org.springframework.context.support.DefaultLifecycleProcessor.access$300(DefaultLifecycleProcessor.java:54)
	at org.springframework.context.support.DefaultLifecycleProcessor$LifecycleGroup.stop(DefaultLifecycleProcessor.java:373)
	at org.springframework.context.support.DefaultLifecycleProcessor.stopBeans(DefaultLifecycleProcessor.java:206)
	at org.springframework.context.support.DefaultLifecycleProcessor.onClose(DefaultLifecycleProcessor.java:129)
	at org.springframework.context.support.AbstractApplicationContext.doClose(AbstractApplicationContext.java:1067)
	at org.springframework.boot.web.servlet.context.ServletWebServerApplicationContext.doClose(ServletWebServerApplicationContext.java:172)
	at org.springframework.context.support.AbstractApplicationContext.close(AbstractApplicationContext.java:1021)
	at org.springframework.boot.SpringApplicationShutdownHook.closeAndWait(SpringApplicationShutdownHook.java:137)
	at java.lang.Iterable.forEach(Iterable.java:75)
	at org.springframework.boot.SpringApplicationShutdownHook.run(SpringApplicationShutdownHook.java:106)
	at java.lang.Thread.run(Thread.java:750)
[2023-12-09 21:27:57.681] [SpringApplicationShutdownHook] INFO  c.a.c.n.r.NacosServiceRegistry : De-registering from Nacos Server now...
[2023-12-09 21:27:57.681] [SpringApplicationShutdownHook] WARN  c.a.c.n.r.NacosServiceRegistry : No dom to de-register for nacos client...
[2023-12-09 21:31:23.205] [main] INFO  com.yyh.xfs.auth.AuthApplication : Starting AuthApplication using Java 1.8.0_371 on LAPTOP-MDOAHFJK with PID 19100 (D:\ideaproject\xiaofanshu\xfs-auth\target\classes started by 86131 in D:\ideaproject\xiaofanshu)
[2023-12-09 21:31:23.207] [main] INFO  com.yyh.xfs.auth.AuthApplication : No active profile set, falling back to default profiles: default
[2023-12-09 21:31:24.025] [main] INFO  o.s.d.r.c.RepositoryConfigurationDelegate : Multiple Spring Data modules found, entering strict repository configuration mode!
[2023-12-09 21:31:24.027] [main] INFO  o.s.d.r.c.RepositoryConfigurationDelegate : Bootstrapping Spring Data Redis repositories in DEFAULT mode.
[2023-12-09 21:31:24.048] [main] INFO  o.s.d.r.c.RepositoryConfigurationDelegate : Finished Spring Data repository scanning in 5 ms. Found 0 Redis repository interfaces.
[2023-12-09 21:31:24.187] [main] WARN  o.m.s.mapper.ClassPathMapperScanner : No MyBatis mapper was found in '[com.yyh.xfs.auth]' package. Please check your configuration.
[2023-12-09 21:31:24.265] [main] INFO  o.s.cloud.context.scope.GenericScope : BeanFactory id=c070a2c6-b049-39d2-be47-b8b7cacf2b62
[2023-12-09 21:31:24.567] [main] INFO  o.s.b.w.e.tomcat.TomcatWebServer : Tomcat initialized with port(s): 8080 (http)
[2023-12-09 21:31:24.574] [main] INFO  o.a.coyote.http11.Http11NioProtocol : Initializing ProtocolHandler ["http-nio-8080"]
[2023-12-09 21:31:24.575] [main] INFO  o.a.catalina.core.StandardService : Starting service [Tomcat]
[2023-12-09 21:31:24.576] [main] INFO  o.a.catalina.core.StandardEngine : Starting Servlet engine: [Apache Tomcat/9.0.56]
[2023-12-09 21:31:24.689] [main] INFO  o.a.c.c.C.[Tomcat].[localhost].[/] : Initializing Spring embedded WebApplicationContext
[2023-12-09 21:31:24.689] [main] INFO  o.s.b.w.s.c.ServletWebServerApplicationContext : Root WebApplicationContext: initialization completed in 1450 ms
[2023-12-09 21:31:25.470] [main] WARN  o.s.b.w.s.c.AnnotationConfigServletWebServerApplicationContext : Exception encountered during context initialization - cancelling refresh attempt: org.springframework.beans.factory.BeanCreationException: Error creating bean with name 'dataSource' defined in class path resource [org/springframework/boot/autoconfigure/jdbc/DataSourceConfiguration$Hikari.class]: Bean instantiation via factory method failed; nested exception is org.springframework.beans.BeanInstantiationException: Failed to instantiate [com.zaxxer.hikari.HikariDataSource]: Factory method 'dataSource' threw exception; nested exception is org.springframework.boot.autoconfigure.jdbc.DataSourceProperties$DataSourceBeanCreationException: Failed to determine a suitable driver class
[2023-12-09 21:31:25.474] [main] INFO  o.a.catalina.core.StandardService : Stopping service [Tomcat]
[2023-12-09 21:31:25.486] [main] INFO  o.s.b.a.l.ConditionEvaluationReportLoggingListener : 

Error starting ApplicationContext. To display the conditions report re-run your application with 'debug' enabled.
[2023-12-09 21:31:25.500] [main] ERROR o.s.b.d.LoggingFailureAnalysisReporter : 

***************************
APPLICATION FAILED TO START
***************************

Description:

Failed to configure a DataSource: 'url' attribute is not specified and no embedded datasource could be configured.

Reason: Failed to determine a suitable driver class


Action:

Consider the following:
	If you want an embedded database (H2, HSQL or Derby), please put it on the classpath.
	If you have database settings to be loaded from a particular profile you may need to activate it (no profiles are currently active).

[2023-12-09 21:31:25.501] [Thread-9] WARN  c.a.n.c.http.HttpClientBeanHolder : [HttpClientBeanHolder] Start destroying common HttpClient
[2023-12-09 21:55:31.880] [main] INFO  com.yyh.xfs.auth.AuthApplication : Starting AuthApplication using Java 1.8.0_371 on LAPTOP-MDOAHFJK with PID 21696 (D:\ideaproject\xiaofanshu\xfs-auth\target\classes started by 86131 in D:\ideaproject\xiaofanshu)
[2023-12-09 21:55:31.882] [main] INFO  com.yyh.xfs.auth.AuthApplication : No active profile set, falling back to default profiles: default
[2023-12-09 21:55:32.728] [main] INFO  o.s.d.r.c.RepositoryConfigurationDelegate : Multiple Spring Data modules found, entering strict repository configuration mode!
[2023-12-09 21:55:32.730] [main] INFO  o.s.d.r.c.RepositoryConfigurationDelegate : Bootstrapping Spring Data Redis repositories in DEFAULT mode.
[2023-12-09 21:55:32.753] [main] INFO  o.s.d.r.c.RepositoryConfigurationDelegate : Finished Spring Data repository scanning in 6 ms. Found 0 Redis repository interfaces.
[2023-12-09 21:55:32.915] [main] WARN  o.m.s.mapper.ClassPathMapperScanner : No MyBatis mapper was found in '[com.yyh.xfs.auth]' package. Please check your configuration.
[2023-12-09 21:55:33.000] [main] INFO  o.s.cloud.context.scope.GenericScope : BeanFactory id=804477da-62bb-39c4-b3c4-8e7ff489dc16
[2023-12-09 21:55:33.319] [main] INFO  o.s.b.w.e.tomcat.TomcatWebServer : Tomcat initialized with port(s): 9100 (http)
[2023-12-09 21:55:33.328] [main] INFO  o.a.coyote.http11.Http11NioProtocol : Initializing ProtocolHandler ["http-nio-9100"]
[2023-12-09 21:55:33.329] [main] INFO  o.a.catalina.core.StandardService : Starting service [Tomcat]
[2023-12-09 21:55:33.329] [main] INFO  o.a.catalina.core.StandardEngine : Starting Servlet engine: [Apache Tomcat/9.0.56]
[2023-12-09 21:55:33.451] [main] INFO  o.a.c.c.C.[Tomcat].[localhost].[/] : Initializing Spring embedded WebApplicationContext
[2023-12-09 21:55:33.451] [main] INFO  o.s.b.w.s.c.ServletWebServerApplicationContext : Root WebApplicationContext: initialization completed in 1534 ms
[2023-12-09 21:55:35.277] [main] INFO  o.s.cloud.commons.util.InetUtils : Cannot determine local hostname
[2023-12-09 21:55:35.906] [main] INFO  o.s.b.f.a.AutowiredAnnotationBeanPostProcessor : Autowired annotation is not supported on static fields: private static java.lang.String com.yyh.xfs.common.web.utils.JWTUtil.secret
[2023-12-09 21:55:37.274] [main] INFO  o.s.cloud.commons.util.InetUtils : Cannot determine local hostname
[2023-12-09 21:55:37.316] [main] WARN  o.s.c.l.c.LoadBalancerCacheAutoConfiguration$LoadBalancerCaffeineWarnLogger : Spring Cloud LoadBalancer is currently working with the default cache. While this cache implementation is useful for development and tests, it's recommended to use Caffeine cache in production.You can switch to using Caffeine cache, by adding it and org.springframework.cache.caffeine.CaffeineCacheManager to the classpath.
[2023-12-09 21:55:37.419] [main] ERROR c.a.cloud.nacos.discovery.NacosWatch : namingService subscribe failed, properties:NacosDiscoveryProperties{serverAddr='192.168.124.100:8848', username='', password='', endpoint='', namespace='${spring.cloud.nacos.config.namespace}', watchDelay=30000, logName='', service='', weight=1.0, clusterName='DEFAULT', group='DEFAULT_GROUP', namingLoadCacheAtStart='false', metadata={preserved.register.source=SPRING_CLOUD}, registerEnabled=true, ip='192.168.229.1', networkInterface='', port=-1, secure=false, accessKey='', secretKey='', heartBeatInterval=null, heartBeatTimeout=null, ipDeleteTimeout=null, instanceEnabled=true, ephemeral=true, failureToleranceEnabled=false}, ipDeleteTimeout=null, failFast=true}
java.lang.IllegalArgumentException: Param 'serviceName' is illegal, serviceName is blank
	at com.alibaba.nacos.api.naming.utils.NamingUtils.getGroupedName(NamingUtils.java:47)
	at com.alibaba.nacos.client.naming.NacosNamingService.subscribe(NacosNamingService.java:457)
	at com.alibaba.cloud.nacos.discovery.NacosWatch.start(NacosWatch.java:133)
	at org.springframework.context.support.DefaultLifecycleProcessor.doStart(DefaultLifecycleProcessor.java:178)
	at org.springframework.context.support.DefaultLifecycleProcessor.access$200(DefaultLifecycleProcessor.java:54)
	at org.springframework.context.support.DefaultLifecycleProcessor$LifecycleGroup.start(DefaultLifecycleProcessor.java:356)
	at java.lang.Iterable.forEach(Iterable.java:75)
	at org.springframework.context.support.DefaultLifecycleProcessor.startBeans(DefaultLifecycleProcessor.java:155)
	at org.springframework.context.support.DefaultLifecycleProcessor.onRefresh(DefaultLifecycleProcessor.java:123)
	at org.springframework.context.support.AbstractApplicationContext.finishRefresh(AbstractApplicationContext.java:935)
	at org.springframework.context.support.AbstractApplicationContext.refresh(AbstractApplicationContext.java:586)
	at org.springframework.boot.web.servlet.context.ServletWebServerApplicationContext.refresh(ServletWebServerApplicationContext.java:145)
	at org.springframework.boot.SpringApplication.refresh(SpringApplication.java:732)
	at org.springframework.boot.SpringApplication.refreshContext(SpringApplication.java:414)
	at org.springframework.boot.SpringApplication.run(SpringApplication.java:302)
	at org.springframework.boot.SpringApplication.run(SpringApplication.java:1303)
	at org.springframework.boot.SpringApplication.run(SpringApplication.java:1292)
	at com.yyh.xfs.auth.AuthApplication.main(AuthApplication.java:13)
[2023-12-09 21:55:37.422] [main] INFO  o.a.coyote.http11.Http11NioProtocol : Starting ProtocolHandler ["http-nio-9100"]
[2023-12-09 21:55:37.440] [main] INFO  o.s.b.w.e.tomcat.TomcatWebServer : Tomcat started on port(s): 9100 (http) with context path ''
[2023-12-09 21:55:37.443] [main] WARN  c.a.c.n.r.NacosServiceRegistry : No service to register for nacos client...
[2023-12-09 21:55:38.039] [Thread-27] WARN  c.a.nacos.common.notify.NotifyCenter : [NotifyCenter] Start destroying Publisher
[2023-12-09 21:55:38.039] [Thread-11] WARN  c.a.n.c.http.HttpClientBeanHolder : [HttpClientBeanHolder] Start destroying common HttpClient
[2023-12-09 21:55:38.039] [Thread-27] WARN  c.a.nacos.common.notify.NotifyCenter : [NotifyCenter] Destruction of the end
[2023-12-09 21:55:38.040] [Thread-11] WARN  c.a.n.c.http.HttpClientBeanHolder : [HttpClientBeanHolder] Destruction of the end
[2023-12-09 21:55:38.709] [main] INFO  o.s.cloud.commons.util.InetUtils : Cannot determine local hostname
[2023-12-09 21:55:38.742] [main] INFO  com.yyh.xfs.auth.AuthApplication : Started AuthApplication in 8.703 seconds (JVM running for 9.707)
[2023-12-09 21:55:38.910] [SpringApplicationShutdownHook] ERROR c.a.cloud.nacos.discovery.NacosWatch : namingService unsubscribe failed, properties:NacosDiscoveryProperties{serverAddr='192.168.124.100:8848', username='', password='', endpoint='', namespace='${spring.cloud.nacos.config.namespace}', watchDelay=30000, logName='', service='', weight=1.0, clusterName='DEFAULT', group='DEFAULT_GROUP', namingLoadCacheAtStart='false', metadata={preserved.register.source=SPRING_CLOUD}, registerEnabled=true, ip='192.168.229.1', networkInterface='', port=9100, secure=false, accessKey='', secretKey='', heartBeatInterval=null, heartBeatTimeout=null, ipDeleteTimeout=null, instanceEnabled=true, ephemeral=true, failureToleranceEnabled=false}, ipDeleteTimeout=null, failFast=true}
java.lang.IllegalArgumentException: Param 'serviceName' is illegal, serviceName is blank
	at com.alibaba.nacos.api.naming.utils.NamingUtils.getGroupedName(NamingUtils.java:47)
	at com.alibaba.nacos.client.naming.NacosNamingService.unsubscribe(NacosNamingService.java:479)
	at com.alibaba.cloud.nacos.discovery.NacosWatch.stop(NacosWatch.java:176)
	at com.alibaba.cloud.nacos.discovery.NacosWatch.stop(NacosWatch.java:107)
	at org.springframework.context.support.DefaultLifecycleProcessor.doStop(DefaultLifecycleProcessor.java:234)
	at org.springframework.context.support.DefaultLifecycleProcessor.access$300(DefaultLifecycleProcessor.java:54)
	at org.springframework.context.support.DefaultLifecycleProcessor$LifecycleGroup.stop(DefaultLifecycleProcessor.java:373)
	at org.springframework.context.support.DefaultLifecycleProcessor.stopBeans(DefaultLifecycleProcessor.java:206)
	at org.springframework.context.support.DefaultLifecycleProcessor.onClose(DefaultLifecycleProcessor.java:129)
	at org.springframework.context.support.AbstractApplicationContext.doClose(AbstractApplicationContext.java:1067)
	at org.springframework.boot.web.servlet.context.ServletWebServerApplicationContext.doClose(ServletWebServerApplicationContext.java:172)
	at org.springframework.context.support.AbstractApplicationContext.close(AbstractApplicationContext.java:1021)
	at org.springframework.boot.SpringApplicationShutdownHook.closeAndWait(SpringApplicationShutdownHook.java:137)
	at java.lang.Iterable.forEach(Iterable.java:75)
	at org.springframework.boot.SpringApplicationShutdownHook.run(SpringApplicationShutdownHook.java:106)
	at java.lang.Thread.run(Thread.java:750)
[2023-12-09 21:55:38.930] [SpringApplicationShutdownHook] INFO  c.a.c.n.r.NacosServiceRegistry : De-registering from Nacos Server now...
[2023-12-09 21:55:38.930] [SpringApplicationShutdownHook] WARN  c.a.c.n.r.NacosServiceRegistry : No dom to de-register for nacos client...
[2023-12-09 21:55:49.478] [main] INFO  com.yyh.xfs.auth.AuthApplication : Starting AuthApplication using Java 1.8.0_371 on LAPTOP-MDOAHFJK with PID 21988 (D:\ideaproject\xiaofanshu\xfs-auth\target\classes started by 86131 in D:\ideaproject\xiaofanshu)
[2023-12-09 21:55:49.480] [main] INFO  com.yyh.xfs.auth.AuthApplication : No active profile set, falling back to default profiles: default
[2023-12-09 21:55:50.170] [main] INFO  o.s.d.r.c.RepositoryConfigurationDelegate : Multiple Spring Data modules found, entering strict repository configuration mode!
[2023-12-09 21:55:50.173] [main] INFO  o.s.d.r.c.RepositoryConfigurationDelegate : Bootstrapping Spring Data Redis repositories in DEFAULT mode.
[2023-12-09 21:55:50.192] [main] INFO  o.s.d.r.c.RepositoryConfigurationDelegate : Finished Spring Data repository scanning in 6 ms. Found 0 Redis repository interfaces.
[2023-12-09 21:55:50.362] [main] WARN  o.m.s.mapper.ClassPathMapperScanner : No MyBatis mapper was found in '[com.yyh.xfs.auth]' package. Please check your configuration.
[2023-12-09 21:55:50.439] [main] INFO  o.s.cloud.context.scope.GenericScope : BeanFactory id=c070a2c6-b049-39d2-be47-b8b7cacf2b62
[2023-12-09 21:55:50.760] [main] INFO  o.s.b.w.e.tomcat.TomcatWebServer : Tomcat initialized with port(s): 8080 (http)
[2023-12-09 21:55:50.767] [main] INFO  o.a.coyote.http11.Http11NioProtocol : Initializing ProtocolHandler ["http-nio-8080"]
[2023-12-09 21:55:50.767] [main] INFO  o.a.catalina.core.StandardService : Starting service [Tomcat]
[2023-12-09 21:55:50.767] [main] INFO  o.a.catalina.core.StandardEngine : Starting Servlet engine: [Apache Tomcat/9.0.56]
[2023-12-09 21:55:50.870] [main] INFO  o.a.c.c.C.[Tomcat].[localhost].[/] : Initializing Spring embedded WebApplicationContext
[2023-12-09 21:55:50.870] [main] INFO  o.s.b.w.s.c.ServletWebServerApplicationContext : Root WebApplicationContext: initialization completed in 1363 ms
[2023-12-09 21:55:52.657] [main] INFO  o.s.cloud.commons.util.InetUtils : Cannot determine local hostname
[2023-12-09 21:55:52.676] [main] WARN  o.s.b.w.s.c.AnnotationConfigServletWebServerApplicationContext : Exception encountered during context initialization - cancelling refresh attempt: org.springframework.beans.factory.BeanCreationException: Error creating bean with name 'dataSource' defined in class path resource [org/springframework/boot/autoconfigure/jdbc/DataSourceConfiguration$Hikari.class]: Bean instantiation via factory method failed; nested exception is org.springframework.beans.BeanInstantiationException: Failed to instantiate [com.zaxxer.hikari.HikariDataSource]: Factory method 'dataSource' threw exception; nested exception is org.springframework.boot.autoconfigure.jdbc.DataSourceProperties$DataSourceBeanCreationException: Failed to determine a suitable driver class
[2023-12-09 21:55:52.680] [main] INFO  o.a.catalina.core.StandardService : Stopping service [Tomcat]
[2023-12-09 21:55:52.690] [main] INFO  o.s.b.a.l.ConditionEvaluationReportLoggingListener : 

Error starting ApplicationContext. To display the conditions report re-run your application with 'debug' enabled.
[2023-12-09 21:55:52.703] [main] ERROR o.s.b.d.LoggingFailureAnalysisReporter : 

***************************
APPLICATION FAILED TO START
***************************

Description:

Failed to configure a DataSource: 'url' attribute is not specified and no embedded datasource could be configured.

Reason: Failed to determine a suitable driver class


Action:

Consider the following:
	If you want an embedded database (H2, HSQL or Derby), please put it on the classpath.
	If you have database settings to be loaded from a particular profile you may need to activate it (no profiles are currently active).

[2023-12-09 21:55:52.704] [Thread-9] WARN  c.a.n.c.http.HttpClientBeanHolder : [HttpClientBeanHolder] Start destroying common HttpClient
[2023-12-09 21:59:13.297] [main] INFO  com.yyh.xfs.auth.AuthApplication : Starting AuthApplication using Java 1.8.0_371 on LAPTOP-MDOAHFJK with PID 11472 (D:\ideaproject\xiaofanshu\xfs-auth\target\classes started by 86131 in D:\ideaproject\xiaofanshu)
[2023-12-09 21:59:13.298] [main] INFO  com.yyh.xfs.auth.AuthApplication : No active profile set, falling back to default profiles: default
[2023-12-09 21:59:13.900] [main] INFO  o.s.d.r.c.RepositoryConfigurationDelegate : Multiple Spring Data modules found, entering strict repository configuration mode!
[2023-12-09 21:59:13.901] [main] INFO  o.s.d.r.c.RepositoryConfigurationDelegate : Bootstrapping Spring Data Redis repositories in DEFAULT mode.
[2023-12-09 21:59:13.917] [main] INFO  o.s.d.r.c.RepositoryConfigurationDelegate : Finished Spring Data repository scanning in 4 ms. Found 0 Redis repository interfaces.
[2023-12-09 21:59:14.079] [main] INFO  o.s.cloud.context.scope.GenericScope : BeanFactory id=717eab06-efab-389f-bf08-07f43e38e8f4
[2023-12-09 21:59:14.282] [main] INFO  o.s.b.w.e.tomcat.TomcatWebServer : Tomcat initialized with port(s): 8080 (http)
[2023-12-09 21:59:14.289] [main] INFO  o.a.coyote.http11.Http11NioProtocol : Initializing ProtocolHandler ["http-nio-8080"]
[2023-12-09 21:59:14.290] [main] INFO  o.a.catalina.core.StandardService : Starting service [Tomcat]
[2023-12-09 21:59:14.290] [main] INFO  o.a.catalina.core.StandardEngine : Starting Servlet engine: [Apache Tomcat/9.0.56]
[2023-12-09 21:59:14.387] [main] INFO  o.a.c.c.C.[Tomcat].[localhost].[/] : Initializing Spring embedded WebApplicationContext
[2023-12-09 21:59:14.387] [main] INFO  o.s.b.w.s.c.ServletWebServerApplicationContext : Root WebApplicationContext: initialization completed in 1062 ms
[2023-12-09 21:59:16.136] [main] INFO  o.s.cloud.commons.util.InetUtils : Cannot determine local hostname
[2023-12-09 21:59:16.310] [main] INFO  o.s.b.f.a.AutowiredAnnotationBeanPostProcessor : Autowired annotation is not supported on static fields: private static java.lang.String com.yyh.xfs.common.web.utils.JWTUtil.secret
[2023-12-09 21:59:17.634] [main] INFO  o.s.cloud.commons.util.InetUtils : Cannot determine local hostname
[2023-12-09 21:59:17.667] [main] WARN  o.s.c.l.c.LoadBalancerCacheAutoConfiguration$LoadBalancerCaffeineWarnLogger : Spring Cloud LoadBalancer is currently working with the default cache. While this cache implementation is useful for development and tests, it's recommended to use Caffeine cache in production.You can switch to using Caffeine cache, by adding it and org.springframework.cache.caffeine.CaffeineCacheManager to the classpath.
[2023-12-09 21:59:17.740] [main] ERROR c.a.cloud.nacos.discovery.NacosWatch : namingService subscribe failed, properties:NacosDiscoveryProperties{serverAddr='127.0.0.1:8848', username='', password='', endpoint='', namespace='', watchDelay=30000, logName='', service='', weight=1.0, clusterName='DEFAULT', group='DEFAULT_GROUP', namingLoadCacheAtStart='false', metadata={preserved.register.source=SPRING_CLOUD}, registerEnabled=true, ip='192.168.229.1', networkInterface='', port=-1, secure=false, accessKey='', secretKey='', heartBeatInterval=null, heartBeatTimeout=null, ipDeleteTimeout=null, instanceEnabled=true, ephemeral=true, failureToleranceEnabled=false}, ipDeleteTimeout=null, failFast=true}
java.lang.IllegalArgumentException: Param 'serviceName' is illegal, serviceName is blank
	at com.alibaba.nacos.api.naming.utils.NamingUtils.getGroupedName(NamingUtils.java:47)
	at com.alibaba.nacos.client.naming.NacosNamingService.subscribe(NacosNamingService.java:457)
	at com.alibaba.cloud.nacos.discovery.NacosWatch.start(NacosWatch.java:133)
	at org.springframework.context.support.DefaultLifecycleProcessor.doStart(DefaultLifecycleProcessor.java:178)
	at org.springframework.context.support.DefaultLifecycleProcessor.access$200(DefaultLifecycleProcessor.java:54)
	at org.springframework.context.support.DefaultLifecycleProcessor$LifecycleGroup.start(DefaultLifecycleProcessor.java:356)
	at java.lang.Iterable.forEach(Iterable.java:75)
	at org.springframework.context.support.DefaultLifecycleProcessor.startBeans(DefaultLifecycleProcessor.java:155)
	at org.springframework.context.support.DefaultLifecycleProcessor.onRefresh(DefaultLifecycleProcessor.java:123)
	at org.springframework.context.support.AbstractApplicationContext.finishRefresh(AbstractApplicationContext.java:935)
	at org.springframework.context.support.AbstractApplicationContext.refresh(AbstractApplicationContext.java:586)
	at org.springframework.boot.web.servlet.context.ServletWebServerApplicationContext.refresh(ServletWebServerApplicationContext.java:145)
	at org.springframework.boot.SpringApplication.refresh(SpringApplication.java:732)
	at org.springframework.boot.SpringApplication.refreshContext(SpringApplication.java:414)
	at org.springframework.boot.SpringApplication.run(SpringApplication.java:302)
	at org.springframework.boot.SpringApplication.run(SpringApplication.java:1303)
	at org.springframework.boot.SpringApplication.run(SpringApplication.java:1292)
	at com.yyh.xfs.auth.AuthApplication.main(AuthApplication.java:13)
[2023-12-09 21:59:17.743] [main] INFO  o.a.coyote.http11.Http11NioProtocol : Starting ProtocolHandler ["http-nio-8080"]
[2023-12-09 21:59:17.754] [main] INFO  o.s.b.w.e.tomcat.TomcatWebServer : Tomcat started on port(s): 8080 (http) with context path ''
[2023-12-09 21:59:17.757] [main] WARN  c.a.c.n.r.NacosServiceRegistry : No service to register for nacos client...
[2023-12-09 21:59:19.009] [main] INFO  o.s.cloud.commons.util.InetUtils : Cannot determine local hostname
[2023-12-09 21:59:19.012] [main] WARN  o.s.b.w.s.c.AnnotationConfigServletWebServerApplicationContext : Exception encountered during context initialization - cancelling refresh attempt: org.springframework.context.ApplicationContextException: Failed to start bean 'documentationPluginsBootstrapper'; nested exception is java.lang.NullPointerException
[2023-12-09 21:59:19.026] [main] INFO  c.a.c.n.r.NacosServiceRegistry : De-registering from Nacos Server now...
[2023-12-09 21:59:19.026] [main] WARN  c.a.c.n.r.NacosServiceRegistry : No dom to de-register for nacos client...
[2023-12-09 21:59:25.077] [main] ERROR c.a.cloud.nacos.discovery.NacosWatch : namingService unsubscribe failed, properties:NacosDiscoveryProperties{serverAddr='127.0.0.1:8848', username='', password='', endpoint='', namespace='', watchDelay=30000, logName='', service='', weight=1.0, clusterName='DEFAULT', group='DEFAULT_GROUP', namingLoadCacheAtStart='false', metadata={preserved.register.source=SPRING_CLOUD}, registerEnabled=true, ip='192.168.229.1', networkInterface='', port=8080, secure=false, accessKey='', secretKey='', heartBeatInterval=null, heartBeatTimeout=null, ipDeleteTimeout=null, instanceEnabled=true, ephemeral=true, failureToleranceEnabled=false}, ipDeleteTimeout=null, failFast=true}
java.lang.IllegalArgumentException: Param 'serviceName' is illegal, serviceName is blank
	at com.alibaba.nacos.api.naming.utils.NamingUtils.getGroupedName(NamingUtils.java:47)
	at com.alibaba.nacos.client.naming.NacosNamingService.unsubscribe(NacosNamingService.java:479)
	at com.alibaba.cloud.nacos.discovery.NacosWatch.stop(NacosWatch.java:176)
	at com.alibaba.cloud.nacos.discovery.NacosWatch.destroy(NacosWatch.java:206)
	at org.springframework.beans.factory.support.DisposableBeanAdapter.destroy(DisposableBeanAdapter.java:212)
	at org.springframework.beans.factory.support.DefaultSingletonBeanRegistry.destroyBean(DefaultSingletonBeanRegistry.java:587)
	at org.springframework.beans.factory.support.DefaultSingletonBeanRegistry.destroySingleton(DefaultSingletonBeanRegistry.java:559)
	at org.springframework.beans.factory.support.DefaultListableBeanFactory.destroySingleton(DefaultListableBeanFactory.java:1161)
	at org.springframework.beans.factory.support.DefaultSingletonBeanRegistry.destroySingletons(DefaultSingletonBeanRegistry.java:520)
	at org.springframework.beans.factory.support.DefaultListableBeanFactory.destroySingletons(DefaultListableBeanFactory.java:1154)
	at org.springframework.context.support.AbstractApplicationContext.destroyBeans(AbstractApplicationContext.java:1106)
	at org.springframework.context.support.AbstractApplicationContext.refresh(AbstractApplicationContext.java:596)
	at org.springframework.boot.web.servlet.context.ServletWebServerApplicationContext.refresh(ServletWebServerApplicationContext.java:145)
	at org.springframework.boot.SpringApplication.refresh(SpringApplication.java:732)
	at org.springframework.boot.SpringApplication.refreshContext(SpringApplication.java:414)
	at org.springframework.boot.SpringApplication.run(SpringApplication.java:302)
	at org.springframework.boot.SpringApplication.run(SpringApplication.java:1303)
	at org.springframework.boot.SpringApplication.run(SpringApplication.java:1292)
	at com.yyh.xfs.auth.AuthApplication.main(AuthApplication.java:13)
[2023-12-09 21:59:25.254] [main] INFO  o.a.coyote.http11.Http11NioProtocol : Pausing ProtocolHandler ["http-nio-8080"]
[2023-12-09 21:59:25.254] [main] INFO  o.a.catalina.core.StandardService : Stopping service [Tomcat]
[2023-12-09 21:59:25.258] [main] INFO  o.a.coyote.http11.Http11NioProtocol : Stopping ProtocolHandler ["http-nio-8080"]
[2023-12-09 21:59:25.260] [main] INFO  o.a.coyote.http11.Http11NioProtocol : Destroying ProtocolHandler ["http-nio-8080"]
[2023-12-09 21:59:25.265] [main] INFO  o.s.b.a.l.ConditionEvaluationReportLoggingListener : 

Error starting ApplicationContext. To display the conditions report re-run your application with 'debug' enabled.
[2023-12-09 21:59:25.283] [main] ERROR o.s.boot.SpringApplication : Application run failed
org.springframework.context.ApplicationContextException: Failed to start bean 'documentationPluginsBootstrapper'; nested exception is java.lang.NullPointerException
	at org.springframework.context.support.DefaultLifecycleProcessor.doStart(DefaultLifecycleProcessor.java:181)
	at org.springframework.context.support.DefaultLifecycleProcessor.access$200(DefaultLifecycleProcessor.java:54)
	at org.springframework.context.support.DefaultLifecycleProcessor$LifecycleGroup.start(DefaultLifecycleProcessor.java:356)
	at java.lang.Iterable.forEach(Iterable.java:75)
	at org.springframework.context.support.DefaultLifecycleProcessor.startBeans(DefaultLifecycleProcessor.java:155)
	at org.springframework.context.support.DefaultLifecycleProcessor.onRefresh(DefaultLifecycleProcessor.java:123)
	at org.springframework.context.support.AbstractApplicationContext.finishRefresh(AbstractApplicationContext.java:935)
	at org.springframework.context.support.AbstractApplicationContext.refresh(AbstractApplicationContext.java:586)
	at org.springframework.boot.web.servlet.context.ServletWebServerApplicationContext.refresh(ServletWebServerApplicationContext.java:145)
	at org.springframework.boot.SpringApplication.refresh(SpringApplication.java:732)
	at org.springframework.boot.SpringApplication.refreshContext(SpringApplication.java:414)
	at org.springframework.boot.SpringApplication.run(SpringApplication.java:302)
	at org.springframework.boot.SpringApplication.run(SpringApplication.java:1303)
	at org.springframework.boot.SpringApplication.run(SpringApplication.java:1292)
	at com.yyh.xfs.auth.AuthApplication.main(AuthApplication.java:13)
Caused by: java.lang.NullPointerException: null
	at springfox.documentation.spring.web.WebMvcPatternsRequestConditionWrapper.getPatterns(WebMvcPatternsRequestConditionWrapper.java:56)
	at springfox.documentation.RequestHandler.sortedPaths(RequestHandler.java:113)
	at springfox.documentation.spi.service.contexts.Orderings.lambda$byPatternsCondition$3(Orderings.java:89)
	at java.util.Comparator.lambda$comparing$77a9974f$1(Comparator.java:469)
	at java.util.TimSort.countRunAndMakeAscending(TimSort.java:355)
	at java.util.TimSort.sort(TimSort.java:220)
	at java.util.Arrays.sort(Arrays.java:1512)
	at java.util.ArrayList.sort(ArrayList.java:1464)
	at java.util.stream.SortedOps$RefSortingSink.end(SortedOps.java:387)
	at java.util.stream.Sink$ChainedReference.end(Sink.java:258)
	at java.util.stream.Sink$ChainedReference.end(Sink.java:258)
	at java.util.stream.Sink$ChainedReference.end(Sink.java:258)
	at java.util.stream.Sink$ChainedReference.end(Sink.java:258)
	at java.util.stream.AbstractPipeline.copyInto(AbstractPipeline.java:483)
	at java.util.stream.AbstractPipeline.wrapAndCopyInto(AbstractPipeline.java:472)
	at java.util.stream.ReduceOps$ReduceOp.evaluateSequential(ReduceOps.java:708)
	at java.util.stream.AbstractPipeline.evaluate(AbstractPipeline.java:234)
	at java.util.stream.ReferencePipeline.collect(ReferencePipeline.java:499)
	at springfox.documentation.spring.web.plugins.WebMvcRequestHandlerProvider.requestHandlers(WebMvcRequestHandlerProvider.java:81)
	at java.util.stream.ReferencePipeline$3$1.accept(ReferencePipeline.java:193)
	at java.util.ArrayList$ArrayListSpliterator.forEachRemaining(ArrayList.java:1384)
	at java.util.stream.AbstractPipeline.copyInto(AbstractPipeline.java:482)
	at java.util.stream.AbstractPipeline.wrapAndCopyInto(AbstractPipeline.java:472)
	at java.util.stream.ReduceOps$ReduceOp.evaluateSequential(ReduceOps.java:708)
	at java.util.stream.AbstractPipeline.evaluate(AbstractPipeline.java:234)
	at java.util.stream.ReferencePipeline.collect(ReferencePipeline.java:499)
	at springfox.documentation.spring.web.plugins.AbstractDocumentationPluginsBootstrapper.withDefaults(AbstractDocumentationPluginsBootstrapper.java:107)
	at springfox.documentation.spring.web.plugins.AbstractDocumentationPluginsBootstrapper.buildContext(AbstractDocumentationPluginsBootstrapper.java:91)
	at springfox.documentation.spring.web.plugins.AbstractDocumentationPluginsBootstrapper.bootstrapDocumentationPlugins(AbstractDocumentationPluginsBootstrapper.java:82)
	at springfox.documentation.spring.web.plugins.DocumentationPluginsBootstrapper.start(DocumentationPluginsBootstrapper.java:100)
	at org.springframework.context.support.DefaultLifecycleProcessor.doStart(DefaultLifecycleProcessor.java:178)
	... 14 common frames omitted
[2023-12-09 21:59:25.285] [Thread-9] WARN  c.a.n.c.http.HttpClientBeanHolder : [HttpClientBeanHolder] Start destroying common HttpClient
[2023-12-09 21:59:25.285] [Thread-24] WARN  c.a.nacos.common.notify.NotifyCenter : [NotifyCenter] Start destroying Publisher
[2023-12-09 21:59:25.286] [Thread-24] WARN  c.a.nacos.common.notify.NotifyCenter : [NotifyCenter] Destruction of the end
[2023-12-09 22:02:18.020] [main] INFO  com.yyh.xfs.auth.AuthApplication : Starting AuthApplication using Java 1.8.0_371 on LAPTOP-MDOAHFJK with PID 21272 (D:\ideaproject\xiaofanshu\xfs-auth\target\classes started by 86131 in D:\ideaproject\xiaofanshu)
[2023-12-09 22:02:18.022] [main] INFO  com.yyh.xfs.auth.AuthApplication : No active profile set, falling back to default profiles: default
[2023-12-09 22:02:18.656] [main] INFO  o.s.d.r.c.RepositoryConfigurationDelegate : Multiple Spring Data modules found, entering strict repository configuration mode!
[2023-12-09 22:02:18.658] [main] INFO  o.s.d.r.c.RepositoryConfigurationDelegate : Bootstrapping Spring Data Redis repositories in DEFAULT mode.
[2023-12-09 22:02:18.675] [main] INFO  o.s.d.r.c.RepositoryConfigurationDelegate : Finished Spring Data repository scanning in 5 ms. Found 0 Redis repository interfaces.
[2023-12-09 22:02:18.838] [main] INFO  o.s.cloud.context.scope.GenericScope : BeanFactory id=717eab06-efab-389f-bf08-07f43e38e8f4
[2023-12-09 22:02:19.072] [main] INFO  o.s.b.w.e.tomcat.TomcatWebServer : Tomcat initialized with port(s): 8080 (http)
[2023-12-09 22:02:19.079] [main] INFO  o.a.coyote.http11.Http11NioProtocol : Initializing ProtocolHandler ["http-nio-8080"]
[2023-12-09 22:02:19.080] [main] INFO  o.a.catalina.core.StandardService : Starting service [Tomcat]
[2023-12-09 22:02:19.080] [main] INFO  o.a.catalina.core.StandardEngine : Starting Servlet engine: [Apache Tomcat/9.0.56]
[2023-12-09 22:02:19.190] [main] INFO  o.a.c.c.C.[Tomcat].[localhost].[/] : Initializing Spring embedded WebApplicationContext
[2023-12-09 22:02:19.190] [main] INFO  o.s.b.w.s.c.ServletWebServerApplicationContext : Root WebApplicationContext: initialization completed in 1137 ms
[2023-12-09 22:02:20.951] [main] INFO  o.s.cloud.commons.util.InetUtils : Cannot determine local hostname
[2023-12-09 22:02:21.136] [main] INFO  o.s.b.f.a.AutowiredAnnotationBeanPostProcessor : Autowired annotation is not supported on static fields: private static java.lang.String com.yyh.xfs.common.web.utils.JWTUtil.secret
[2023-12-09 22:02:22.453] [main] INFO  o.s.cloud.commons.util.InetUtils : Cannot determine local hostname
[2023-12-09 22:02:22.488] [main] WARN  o.s.c.l.c.LoadBalancerCacheAutoConfiguration$LoadBalancerCaffeineWarnLogger : Spring Cloud LoadBalancer is currently working with the default cache. While this cache implementation is useful for development and tests, it's recommended to use Caffeine cache in production.You can switch to using Caffeine cache, by adding it and org.springframework.cache.caffeine.CaffeineCacheManager to the classpath.
[2023-12-09 22:02:22.566] [main] ERROR c.a.cloud.nacos.discovery.NacosWatch : namingService subscribe failed, properties:NacosDiscoveryProperties{serverAddr='127.0.0.1:8848', username='', password='', endpoint='', namespace='', watchDelay=30000, logName='', service='', weight=1.0, clusterName='DEFAULT', group='DEFAULT_GROUP', namingLoadCacheAtStart='false', metadata={preserved.register.source=SPRING_CLOUD}, registerEnabled=true, ip='192.168.229.1', networkInterface='', port=-1, secure=false, accessKey='', secretKey='', heartBeatInterval=null, heartBeatTimeout=null, ipDeleteTimeout=null, instanceEnabled=true, ephemeral=true, failureToleranceEnabled=false}, ipDeleteTimeout=null, failFast=true}
java.lang.IllegalArgumentException: Param 'serviceName' is illegal, serviceName is blank
	at com.alibaba.nacos.api.naming.utils.NamingUtils.getGroupedName(NamingUtils.java:47)
	at com.alibaba.nacos.client.naming.NacosNamingService.subscribe(NacosNamingService.java:457)
	at com.alibaba.cloud.nacos.discovery.NacosWatch.start(NacosWatch.java:133)
	at org.springframework.context.support.DefaultLifecycleProcessor.doStart(DefaultLifecycleProcessor.java:178)
	at org.springframework.context.support.DefaultLifecycleProcessor.access$200(DefaultLifecycleProcessor.java:54)
	at org.springframework.context.support.DefaultLifecycleProcessor$LifecycleGroup.start(DefaultLifecycleProcessor.java:356)
	at java.lang.Iterable.forEach(Iterable.java:75)
	at org.springframework.context.support.DefaultLifecycleProcessor.startBeans(DefaultLifecycleProcessor.java:155)
	at org.springframework.context.support.DefaultLifecycleProcessor.onRefresh(DefaultLifecycleProcessor.java:123)
	at org.springframework.context.support.AbstractApplicationContext.finishRefresh(AbstractApplicationContext.java:935)
	at org.springframework.context.support.AbstractApplicationContext.refresh(AbstractApplicationContext.java:586)
	at org.springframework.boot.web.servlet.context.ServletWebServerApplicationContext.refresh(ServletWebServerApplicationContext.java:145)
	at org.springframework.boot.SpringApplication.refresh(SpringApplication.java:732)
	at org.springframework.boot.SpringApplication.refreshContext(SpringApplication.java:414)
	at org.springframework.boot.SpringApplication.run(SpringApplication.java:302)
	at org.springframework.boot.SpringApplication.run(SpringApplication.java:1303)
	at org.springframework.boot.SpringApplication.run(SpringApplication.java:1292)
	at com.yyh.xfs.auth.AuthApplication.main(AuthApplication.java:13)
[2023-12-09 22:02:22.569] [main] INFO  o.a.coyote.http11.Http11NioProtocol : Starting ProtocolHandler ["http-nio-8080"]
[2023-12-09 22:02:22.589] [main] INFO  o.s.b.w.e.tomcat.TomcatWebServer : Tomcat started on port(s): 8080 (http) with context path ''
[2023-12-09 22:02:22.592] [main] WARN  c.a.c.n.r.NacosServiceRegistry : No service to register for nacos client...
[2023-12-09 22:02:23.838] [main] INFO  o.s.cloud.commons.util.InetUtils : Cannot determine local hostname
[2023-12-09 22:02:23.841] [main] WARN  o.s.b.w.s.c.AnnotationConfigServletWebServerApplicationContext : Exception encountered during context initialization - cancelling refresh attempt: org.springframework.context.ApplicationContextException: Failed to start bean 'documentationPluginsBootstrapper'; nested exception is java.lang.NullPointerException
[2023-12-09 22:02:23.857] [main] INFO  c.a.c.n.r.NacosServiceRegistry : De-registering from Nacos Server now...
[2023-12-09 22:02:23.858] [main] WARN  c.a.c.n.r.NacosServiceRegistry : No dom to de-register for nacos client...
[2023-12-09 22:02:29.899] [main] ERROR c.a.cloud.nacos.discovery.NacosWatch : namingService unsubscribe failed, properties:NacosDiscoveryProperties{serverAddr='127.0.0.1:8848', username='', password='', endpoint='', namespace='', watchDelay=30000, logName='', service='', weight=1.0, clusterName='DEFAULT', group='DEFAULT_GROUP', namingLoadCacheAtStart='false', metadata={preserved.register.source=SPRING_CLOUD}, registerEnabled=true, ip='192.168.229.1', networkInterface='', port=8080, secure=false, accessKey='', secretKey='', heartBeatInterval=null, heartBeatTimeout=null, ipDeleteTimeout=null, instanceEnabled=true, ephemeral=true, failureToleranceEnabled=false}, ipDeleteTimeout=null, failFast=true}
java.lang.IllegalArgumentException: Param 'serviceName' is illegal, serviceName is blank
	at com.alibaba.nacos.api.naming.utils.NamingUtils.getGroupedName(NamingUtils.java:47)
	at com.alibaba.nacos.client.naming.NacosNamingService.unsubscribe(NacosNamingService.java:479)
	at com.alibaba.cloud.nacos.discovery.NacosWatch.stop(NacosWatch.java:176)
	at com.alibaba.cloud.nacos.discovery.NacosWatch.destroy(NacosWatch.java:206)
	at org.springframework.beans.factory.support.DisposableBeanAdapter.destroy(DisposableBeanAdapter.java:212)
	at org.springframework.beans.factory.support.DefaultSingletonBeanRegistry.destroyBean(DefaultSingletonBeanRegistry.java:587)
	at org.springframework.beans.factory.support.DefaultSingletonBeanRegistry.destroySingleton(DefaultSingletonBeanRegistry.java:559)
	at org.springframework.beans.factory.support.DefaultListableBeanFactory.destroySingleton(DefaultListableBeanFactory.java:1161)
	at org.springframework.beans.factory.support.DefaultSingletonBeanRegistry.destroySingletons(DefaultSingletonBeanRegistry.java:520)
	at org.springframework.beans.factory.support.DefaultListableBeanFactory.destroySingletons(DefaultListableBeanFactory.java:1154)
	at org.springframework.context.support.AbstractApplicationContext.destroyBeans(AbstractApplicationContext.java:1106)
	at org.springframework.context.support.AbstractApplicationContext.refresh(AbstractApplicationContext.java:596)
	at org.springframework.boot.web.servlet.context.ServletWebServerApplicationContext.refresh(ServletWebServerApplicationContext.java:145)
	at org.springframework.boot.SpringApplication.refresh(SpringApplication.java:732)
	at org.springframework.boot.SpringApplication.refreshContext(SpringApplication.java:414)
	at org.springframework.boot.SpringApplication.run(SpringApplication.java:302)
	at org.springframework.boot.SpringApplication.run(SpringApplication.java:1303)
	at org.springframework.boot.SpringApplication.run(SpringApplication.java:1292)
	at com.yyh.xfs.auth.AuthApplication.main(AuthApplication.java:13)
[2023-12-09 22:02:30.066] [main] INFO  o.a.coyote.http11.Http11NioProtocol : Pausing ProtocolHandler ["http-nio-8080"]
[2023-12-09 22:02:30.066] [main] INFO  o.a.catalina.core.StandardService : Stopping service [Tomcat]
[2023-12-09 22:02:30.073] [main] INFO  o.a.coyote.http11.Http11NioProtocol : Stopping ProtocolHandler ["http-nio-8080"]
[2023-12-09 22:02:30.074] [main] INFO  o.a.coyote.http11.Http11NioProtocol : Destroying ProtocolHandler ["http-nio-8080"]
[2023-12-09 22:02:30.080] [main] INFO  o.s.b.a.l.ConditionEvaluationReportLoggingListener : 

Error starting ApplicationContext. To display the conditions report re-run your application with 'debug' enabled.
[2023-12-09 22:02:30.100] [main] ERROR o.s.boot.SpringApplication : Application run failed
org.springframework.context.ApplicationContextException: Failed to start bean 'documentationPluginsBootstrapper'; nested exception is java.lang.NullPointerException
	at org.springframework.context.support.DefaultLifecycleProcessor.doStart(DefaultLifecycleProcessor.java:181)
	at org.springframework.context.support.DefaultLifecycleProcessor.access$200(DefaultLifecycleProcessor.java:54)
	at org.springframework.context.support.DefaultLifecycleProcessor$LifecycleGroup.start(DefaultLifecycleProcessor.java:356)
	at java.lang.Iterable.forEach(Iterable.java:75)
	at org.springframework.context.support.DefaultLifecycleProcessor.startBeans(DefaultLifecycleProcessor.java:155)
	at org.springframework.context.support.DefaultLifecycleProcessor.onRefresh(DefaultLifecycleProcessor.java:123)
	at org.springframework.context.support.AbstractApplicationContext.finishRefresh(AbstractApplicationContext.java:935)
	at org.springframework.context.support.AbstractApplicationContext.refresh(AbstractApplicationContext.java:586)
	at org.springframework.boot.web.servlet.context.ServletWebServerApplicationContext.refresh(ServletWebServerApplicationContext.java:145)
	at org.springframework.boot.SpringApplication.refresh(SpringApplication.java:732)
	at org.springframework.boot.SpringApplication.refreshContext(SpringApplication.java:414)
	at org.springframework.boot.SpringApplication.run(SpringApplication.java:302)
	at org.springframework.boot.SpringApplication.run(SpringApplication.java:1303)
	at org.springframework.boot.SpringApplication.run(SpringApplication.java:1292)
	at com.yyh.xfs.auth.AuthApplication.main(AuthApplication.java:13)
Caused by: java.lang.NullPointerException: null
	at springfox.documentation.spring.web.WebMvcPatternsRequestConditionWrapper.getPatterns(WebMvcPatternsRequestConditionWrapper.java:56)
	at springfox.documentation.RequestHandler.sortedPaths(RequestHandler.java:113)
	at springfox.documentation.spi.service.contexts.Orderings.lambda$byPatternsCondition$3(Orderings.java:89)
	at java.util.Comparator.lambda$comparing$77a9974f$1(Comparator.java:469)
	at java.util.TimSort.countRunAndMakeAscending(TimSort.java:355)
	at java.util.TimSort.sort(TimSort.java:220)
	at java.util.Arrays.sort(Arrays.java:1512)
	at java.util.ArrayList.sort(ArrayList.java:1464)
	at java.util.stream.SortedOps$RefSortingSink.end(SortedOps.java:387)
	at java.util.stream.Sink$ChainedReference.end(Sink.java:258)
	at java.util.stream.Sink$ChainedReference.end(Sink.java:258)
	at java.util.stream.Sink$ChainedReference.end(Sink.java:258)
	at java.util.stream.Sink$ChainedReference.end(Sink.java:258)
	at java.util.stream.AbstractPipeline.copyInto(AbstractPipeline.java:483)
	at java.util.stream.AbstractPipeline.wrapAndCopyInto(AbstractPipeline.java:472)
	at java.util.stream.ReduceOps$ReduceOp.evaluateSequential(ReduceOps.java:708)
	at java.util.stream.AbstractPipeline.evaluate(AbstractPipeline.java:234)
	at java.util.stream.ReferencePipeline.collect(ReferencePipeline.java:499)
	at springfox.documentation.spring.web.plugins.WebMvcRequestHandlerProvider.requestHandlers(WebMvcRequestHandlerProvider.java:81)
	at java.util.stream.ReferencePipeline$3$1.accept(ReferencePipeline.java:193)
	at java.util.ArrayList$ArrayListSpliterator.forEachRemaining(ArrayList.java:1384)
	at java.util.stream.AbstractPipeline.copyInto(AbstractPipeline.java:482)
	at java.util.stream.AbstractPipeline.wrapAndCopyInto(AbstractPipeline.java:472)
	at java.util.stream.ReduceOps$ReduceOp.evaluateSequential(ReduceOps.java:708)
	at java.util.stream.AbstractPipeline.evaluate(AbstractPipeline.java:234)
	at java.util.stream.ReferencePipeline.collect(ReferencePipeline.java:499)
	at springfox.documentation.spring.web.plugins.AbstractDocumentationPluginsBootstrapper.withDefaults(AbstractDocumentationPluginsBootstrapper.java:107)
	at springfox.documentation.spring.web.plugins.AbstractDocumentationPluginsBootstrapper.buildContext(AbstractDocumentationPluginsBootstrapper.java:91)
	at springfox.documentation.spring.web.plugins.AbstractDocumentationPluginsBootstrapper.bootstrapDocumentationPlugins(AbstractDocumentationPluginsBootstrapper.java:82)
	at springfox.documentation.spring.web.plugins.DocumentationPluginsBootstrapper.start(DocumentationPluginsBootstrapper.java:100)
	at org.springframework.context.support.DefaultLifecycleProcessor.doStart(DefaultLifecycleProcessor.java:178)
	... 14 common frames omitted
[2023-12-09 22:02:30.103] [Thread-24] WARN  c.a.nacos.common.notify.NotifyCenter : [NotifyCenter] Start destroying Publisher
[2023-12-09 22:02:30.103] [Thread-10] WARN  c.a.n.c.http.HttpClientBeanHolder : [HttpClientBeanHolder] Start destroying common HttpClient
[2023-12-09 22:02:30.103] [Thread-24] WARN  c.a.nacos.common.notify.NotifyCenter : [NotifyCenter] Destruction of the end
[2023-12-09 22:02:59.309] [main] INFO  com.yyh.xfs.auth.AuthApplication : Starting AuthApplication using Java 1.8.0_371 on LAPTOP-MDOAHFJK with PID 20876 (D:\ideaproject\xiaofanshu\xfs-auth\target\classes started by 86131 in D:\ideaproject\xiaofanshu)
[2023-12-09 22:02:59.311] [main] INFO  com.yyh.xfs.auth.AuthApplication : No active profile set, falling back to default profiles: default
[2023-12-09 22:03:00.030] [main] INFO  o.s.d.r.c.RepositoryConfigurationDelegate : Multiple Spring Data modules found, entering strict repository configuration mode!
[2023-12-09 22:03:00.032] [main] INFO  o.s.d.r.c.RepositoryConfigurationDelegate : Bootstrapping Spring Data Redis repositories in DEFAULT mode.
[2023-12-09 22:03:00.049] [main] INFO  o.s.d.r.c.RepositoryConfigurationDelegate : Finished Spring Data repository scanning in 5 ms. Found 0 Redis repository interfaces.
[2023-12-09 22:03:00.248] [main] INFO  o.s.cloud.context.scope.GenericScope : BeanFactory id=717eab06-efab-389f-bf08-07f43e38e8f4
[2023-12-09 22:03:00.502] [main] INFO  o.s.b.w.e.tomcat.TomcatWebServer : Tomcat initialized with port(s): 8080 (http)
[2023-12-09 22:03:00.510] [main] INFO  o.a.coyote.http11.Http11NioProtocol : Initializing ProtocolHandler ["http-nio-8080"]
[2023-12-09 22:03:00.511] [main] INFO  o.a.catalina.core.StandardService : Starting service [Tomcat]
[2023-12-09 22:03:00.511] [main] INFO  o.a.catalina.core.StandardEngine : Starting Servlet engine: [Apache Tomcat/9.0.56]
[2023-12-09 22:03:00.622] [main] INFO  o.a.c.c.C.[Tomcat].[localhost].[/] : Initializing Spring embedded WebApplicationContext
[2023-12-09 22:03:00.623] [main] INFO  o.s.b.w.s.c.ServletWebServerApplicationContext : Root WebApplicationContext: initialization completed in 1284 ms
[2023-12-09 22:03:02.402] [main] INFO  o.s.cloud.commons.util.InetUtils : Cannot determine local hostname
[2023-12-09 22:03:02.585] [main] INFO  o.s.b.f.a.AutowiredAnnotationBeanPostProcessor : Autowired annotation is not supported on static fields: private static java.lang.String com.yyh.xfs.common.web.utils.JWTUtil.secret
[2023-12-09 22:03:03.949] [main] INFO  o.s.cloud.commons.util.InetUtils : Cannot determine local hostname
[2023-12-09 22:03:03.987] [main] WARN  o.s.c.l.c.LoadBalancerCacheAutoConfiguration$LoadBalancerCaffeineWarnLogger : Spring Cloud LoadBalancer is currently working with the default cache. While this cache implementation is useful for development and tests, it's recommended to use Caffeine cache in production.You can switch to using Caffeine cache, by adding it and org.springframework.cache.caffeine.CaffeineCacheManager to the classpath.
[2023-12-09 22:03:04.064] [main] ERROR c.a.cloud.nacos.discovery.NacosWatch : namingService subscribe failed, properties:NacosDiscoveryProperties{serverAddr='127.0.0.1:8848', username='', password='', endpoint='', namespace='', watchDelay=30000, logName='', service='', weight=1.0, clusterName='DEFAULT', group='DEFAULT_GROUP', namingLoadCacheAtStart='false', metadata={preserved.register.source=SPRING_CLOUD}, registerEnabled=true, ip='192.168.229.1', networkInterface='', port=-1, secure=false, accessKey='', secretKey='', heartBeatInterval=null, heartBeatTimeout=null, ipDeleteTimeout=null, instanceEnabled=true, ephemeral=true, failureToleranceEnabled=false}, ipDeleteTimeout=null, failFast=true}
java.lang.IllegalArgumentException: Param 'serviceName' is illegal, serviceName is blank
	at com.alibaba.nacos.api.naming.utils.NamingUtils.getGroupedName(NamingUtils.java:47)
	at com.alibaba.nacos.client.naming.NacosNamingService.subscribe(NacosNamingService.java:457)
	at com.alibaba.cloud.nacos.discovery.NacosWatch.start(NacosWatch.java:133)
	at org.springframework.context.support.DefaultLifecycleProcessor.doStart(DefaultLifecycleProcessor.java:178)
	at org.springframework.context.support.DefaultLifecycleProcessor.access$200(DefaultLifecycleProcessor.java:54)
	at org.springframework.context.support.DefaultLifecycleProcessor$LifecycleGroup.start(DefaultLifecycleProcessor.java:356)
	at java.lang.Iterable.forEach(Iterable.java:75)
	at org.springframework.context.support.DefaultLifecycleProcessor.startBeans(DefaultLifecycleProcessor.java:155)
	at org.springframework.context.support.DefaultLifecycleProcessor.onRefresh(DefaultLifecycleProcessor.java:123)
	at org.springframework.context.support.AbstractApplicationContext.finishRefresh(AbstractApplicationContext.java:935)
	at org.springframework.context.support.AbstractApplicationContext.refresh(AbstractApplicationContext.java:586)
	at org.springframework.boot.web.servlet.context.ServletWebServerApplicationContext.refresh(ServletWebServerApplicationContext.java:145)
	at org.springframework.boot.SpringApplication.refresh(SpringApplication.java:732)
	at org.springframework.boot.SpringApplication.refreshContext(SpringApplication.java:414)
	at org.springframework.boot.SpringApplication.run(SpringApplication.java:302)
	at org.springframework.boot.SpringApplication.run(SpringApplication.java:1303)
	at org.springframework.boot.SpringApplication.run(SpringApplication.java:1292)
	at com.yyh.xfs.auth.AuthApplication.main(AuthApplication.java:13)
[2023-12-09 22:03:04.066] [main] INFO  o.a.coyote.http11.Http11NioProtocol : Starting ProtocolHandler ["http-nio-8080"]
[2023-12-09 22:03:04.080] [main] INFO  o.s.b.w.e.tomcat.TomcatWebServer : Tomcat started on port(s): 8080 (http) with context path ''
[2023-12-09 22:03:04.083] [main] WARN  c.a.c.n.r.NacosServiceRegistry : No service to register for nacos client...
[2023-12-09 22:03:05.335] [main] INFO  o.s.cloud.commons.util.InetUtils : Cannot determine local hostname
[2023-12-09 22:03:05.338] [main] WARN  o.s.b.w.s.c.AnnotationConfigServletWebServerApplicationContext : Exception encountered during context initialization - cancelling refresh attempt: org.springframework.context.ApplicationContextException: Failed to start bean 'documentationPluginsBootstrapper'; nested exception is java.lang.NullPointerException
[2023-12-09 22:03:05.353] [main] INFO  c.a.c.n.r.NacosServiceRegistry : De-registering from Nacos Server now...
[2023-12-09 22:03:05.353] [main] WARN  c.a.c.n.r.NacosServiceRegistry : No dom to de-register for nacos client...
[2023-12-09 22:03:11.403] [main] ERROR c.a.cloud.nacos.discovery.NacosWatch : namingService unsubscribe failed, properties:NacosDiscoveryProperties{serverAddr='127.0.0.1:8848', username='', password='', endpoint='', namespace='', watchDelay=30000, logName='', service='', weight=1.0, clusterName='DEFAULT', group='DEFAULT_GROUP', namingLoadCacheAtStart='false', metadata={preserved.register.source=SPRING_CLOUD}, registerEnabled=true, ip='192.168.229.1', networkInterface='', port=8080, secure=false, accessKey='', secretKey='', heartBeatInterval=null, heartBeatTimeout=null, ipDeleteTimeout=null, instanceEnabled=true, ephemeral=true, failureToleranceEnabled=false}, ipDeleteTimeout=null, failFast=true}
java.lang.IllegalArgumentException: Param 'serviceName' is illegal, serviceName is blank
	at com.alibaba.nacos.api.naming.utils.NamingUtils.getGroupedName(NamingUtils.java:47)
	at com.alibaba.nacos.client.naming.NacosNamingService.unsubscribe(NacosNamingService.java:479)
	at com.alibaba.cloud.nacos.discovery.NacosWatch.stop(NacosWatch.java:176)
	at com.alibaba.cloud.nacos.discovery.NacosWatch.destroy(NacosWatch.java:206)
	at org.springframework.beans.factory.support.DisposableBeanAdapter.destroy(DisposableBeanAdapter.java:212)
	at org.springframework.beans.factory.support.DefaultSingletonBeanRegistry.destroyBean(DefaultSingletonBeanRegistry.java:587)
	at org.springframework.beans.factory.support.DefaultSingletonBeanRegistry.destroySingleton(DefaultSingletonBeanRegistry.java:559)
	at org.springframework.beans.factory.support.DefaultListableBeanFactory.destroySingleton(DefaultListableBeanFactory.java:1161)
	at org.springframework.beans.factory.support.DefaultSingletonBeanRegistry.destroySingletons(DefaultSingletonBeanRegistry.java:520)
	at org.springframework.beans.factory.support.DefaultListableBeanFactory.destroySingletons(DefaultListableBeanFactory.java:1154)
	at org.springframework.context.support.AbstractApplicationContext.destroyBeans(AbstractApplicationContext.java:1106)
	at org.springframework.context.support.AbstractApplicationContext.refresh(AbstractApplicationContext.java:596)
	at org.springframework.boot.web.servlet.context.ServletWebServerApplicationContext.refresh(ServletWebServerApplicationContext.java:145)
	at org.springframework.boot.SpringApplication.refresh(SpringApplication.java:732)
	at org.springframework.boot.SpringApplication.refreshContext(SpringApplication.java:414)
	at org.springframework.boot.SpringApplication.run(SpringApplication.java:302)
	at org.springframework.boot.SpringApplication.run(SpringApplication.java:1303)
	at org.springframework.boot.SpringApplication.run(SpringApplication.java:1292)
	at com.yyh.xfs.auth.AuthApplication.main(AuthApplication.java:13)
[2023-12-09 22:03:11.584] [main] INFO  o.a.coyote.http11.Http11NioProtocol : Pausing ProtocolHandler ["http-nio-8080"]
[2023-12-09 22:03:11.584] [main] INFO  o.a.catalina.core.StandardService : Stopping service [Tomcat]
[2023-12-09 22:03:11.587] [main] INFO  o.a.coyote.http11.Http11NioProtocol : Stopping ProtocolHandler ["http-nio-8080"]
[2023-12-09 22:03:11.588] [main] INFO  o.a.coyote.http11.Http11NioProtocol : Destroying ProtocolHandler ["http-nio-8080"]
[2023-12-09 22:03:11.594] [main] INFO  o.s.b.a.l.ConditionEvaluationReportLoggingListener : 

Error starting ApplicationContext. To display the conditions report re-run your application with 'debug' enabled.
[2023-12-09 22:03:11.612] [main] ERROR o.s.boot.SpringApplication : Application run failed
org.springframework.context.ApplicationContextException: Failed to start bean 'documentationPluginsBootstrapper'; nested exception is java.lang.NullPointerException
	at org.springframework.context.support.DefaultLifecycleProcessor.doStart(DefaultLifecycleProcessor.java:181)
	at org.springframework.context.support.DefaultLifecycleProcessor.access$200(DefaultLifecycleProcessor.java:54)
	at org.springframework.context.support.DefaultLifecycleProcessor$LifecycleGroup.start(DefaultLifecycleProcessor.java:356)
	at java.lang.Iterable.forEach(Iterable.java:75)
	at org.springframework.context.support.DefaultLifecycleProcessor.startBeans(DefaultLifecycleProcessor.java:155)
	at org.springframework.context.support.DefaultLifecycleProcessor.onRefresh(DefaultLifecycleProcessor.java:123)
	at org.springframework.context.support.AbstractApplicationContext.finishRefresh(AbstractApplicationContext.java:935)
	at org.springframework.context.support.AbstractApplicationContext.refresh(AbstractApplicationContext.java:586)
	at org.springframework.boot.web.servlet.context.ServletWebServerApplicationContext.refresh(ServletWebServerApplicationContext.java:145)
	at org.springframework.boot.SpringApplication.refresh(SpringApplication.java:732)
	at org.springframework.boot.SpringApplication.refreshContext(SpringApplication.java:414)
	at org.springframework.boot.SpringApplication.run(SpringApplication.java:302)
	at org.springframework.boot.SpringApplication.run(SpringApplication.java:1303)
	at org.springframework.boot.SpringApplication.run(SpringApplication.java:1292)
	at com.yyh.xfs.auth.AuthApplication.main(AuthApplication.java:13)
Caused by: java.lang.NullPointerException: null
	at springfox.documentation.spring.web.WebMvcPatternsRequestConditionWrapper.getPatterns(WebMvcPatternsRequestConditionWrapper.java:56)
	at springfox.documentation.RequestHandler.sortedPaths(RequestHandler.java:113)
	at springfox.documentation.spi.service.contexts.Orderings.lambda$byPatternsCondition$3(Orderings.java:89)
	at java.util.Comparator.lambda$comparing$77a9974f$1(Comparator.java:469)
	at java.util.TimSort.countRunAndMakeAscending(TimSort.java:355)
	at java.util.TimSort.sort(TimSort.java:220)
	at java.util.Arrays.sort(Arrays.java:1512)
	at java.util.ArrayList.sort(ArrayList.java:1464)
	at java.util.stream.SortedOps$RefSortingSink.end(SortedOps.java:387)
	at java.util.stream.Sink$ChainedReference.end(Sink.java:258)
	at java.util.stream.Sink$ChainedReference.end(Sink.java:258)
	at java.util.stream.Sink$ChainedReference.end(Sink.java:258)
	at java.util.stream.Sink$ChainedReference.end(Sink.java:258)
	at java.util.stream.AbstractPipeline.copyInto(AbstractPipeline.java:483)
	at java.util.stream.AbstractPipeline.wrapAndCopyInto(AbstractPipeline.java:472)
	at java.util.stream.ReduceOps$ReduceOp.evaluateSequential(ReduceOps.java:708)
	at java.util.stream.AbstractPipeline.evaluate(AbstractPipeline.java:234)
	at java.util.stream.ReferencePipeline.collect(ReferencePipeline.java:499)
	at springfox.documentation.spring.web.plugins.WebMvcRequestHandlerProvider.requestHandlers(WebMvcRequestHandlerProvider.java:81)
	at java.util.stream.ReferencePipeline$3$1.accept(ReferencePipeline.java:193)
	at java.util.ArrayList$ArrayListSpliterator.forEachRemaining(ArrayList.java:1384)
	at java.util.stream.AbstractPipeline.copyInto(AbstractPipeline.java:482)
	at java.util.stream.AbstractPipeline.wrapAndCopyInto(AbstractPipeline.java:472)
	at java.util.stream.ReduceOps$ReduceOp.evaluateSequential(ReduceOps.java:708)
	at java.util.stream.AbstractPipeline.evaluate(AbstractPipeline.java:234)
	at java.util.stream.ReferencePipeline.collect(ReferencePipeline.java:499)
	at springfox.documentation.spring.web.plugins.AbstractDocumentationPluginsBootstrapper.withDefaults(AbstractDocumentationPluginsBootstrapper.java:107)
	at springfox.documentation.spring.web.plugins.AbstractDocumentationPluginsBootstrapper.buildContext(AbstractDocumentationPluginsBootstrapper.java:91)
	at springfox.documentation.spring.web.plugins.AbstractDocumentationPluginsBootstrapper.bootstrapDocumentationPlugins(AbstractDocumentationPluginsBootstrapper.java:82)
	at springfox.documentation.spring.web.plugins.DocumentationPluginsBootstrapper.start(DocumentationPluginsBootstrapper.java:100)
	at org.springframework.context.support.DefaultLifecycleProcessor.doStart(DefaultLifecycleProcessor.java:178)
	... 14 common frames omitted
[2023-12-09 22:03:11.614] [Thread-25] WARN  c.a.nacos.common.notify.NotifyCenter : [NotifyCenter] Start destroying Publisher
[2023-12-09 22:03:11.614] [Thread-10] WARN  c.a.n.c.http.HttpClientBeanHolder : [HttpClientBeanHolder] Start destroying common HttpClient
[2023-12-09 22:03:11.614] [Thread-25] WARN  c.a.nacos.common.notify.NotifyCenter : [NotifyCenter] Destruction of the end
[2023-12-09 22:06:24.113] [main] WARN  c.a.c.n.c.NacosPropertySourceBuilder : Ignore the empty nacos configuration and get it based on dataId[xfs-auth] & group[DEFAULT_GROUP]
[2023-12-09 22:06:24.122] [main] WARN  c.a.c.n.c.NacosPropertySourceBuilder : Ignore the empty nacos configuration and get it based on dataId[xfs-auth.yaml] & group[DEFAULT_GROUP]
[2023-12-09 22:06:24.225] [main] INFO  o.s.c.b.c.PropertySourceBootstrapConfiguration : Located property source: [BootstrapPropertySource {name='bootstrapProperties-xfs-auth-dev.yaml,DEFAULT_GROUP'}, BootstrapPropertySource {name='bootstrapProperties-xfs-auth.yaml,DEFAULT_GROUP'}, BootstrapPropertySource {name='bootstrapProperties-xfs-auth,DEFAULT_GROUP'}]
[2023-12-09 22:06:24.228] [main] INFO  com.yyh.xfs.auth.AuthApplication : The following profiles are active: dev
[2023-12-09 22:06:24.775] [main] INFO  o.s.d.r.c.RepositoryConfigurationDelegate : Multiple Spring Data modules found, entering strict repository configuration mode!
[2023-12-09 22:06:24.776] [main] INFO  o.s.d.r.c.RepositoryConfigurationDelegate : Bootstrapping Spring Data Redis repositories in DEFAULT mode.
[2023-12-09 22:06:24.793] [main] INFO  o.s.d.r.c.RepositoryConfigurationDelegate : Finished Spring Data repository scanning in 5 ms. Found 0 Redis repository interfaces.
[2023-12-09 22:06:24.907] [main] WARN  o.m.s.mapper.ClassPathMapperScanner : No MyBatis mapper was found in '[com.yyh.xfs.auth]' package. Please check your configuration.
[2023-12-09 22:06:24.974] [main] INFO  o.s.cloud.context.scope.GenericScope : BeanFactory id=3fa2bd07-116f-3c92-a340-c229f76eccf5
[2023-12-09 22:06:25.237] [main] INFO  o.s.b.w.e.tomcat.TomcatWebServer : Tomcat initialized with port(s): 9100 (http)
[2023-12-09 22:06:25.246] [main] INFO  o.a.coyote.http11.Http11NioProtocol : Initializing ProtocolHandler ["http-nio-9100"]
[2023-12-09 22:06:25.247] [main] INFO  o.a.catalina.core.StandardService : Starting service [Tomcat]
[2023-12-09 22:06:25.247] [main] INFO  o.a.catalina.core.StandardEngine : Starting Servlet engine: [Apache Tomcat/9.0.56]
[2023-12-09 22:06:25.387] [main] INFO  o.a.c.c.C.[Tomcat].[localhost].[/] : Initializing Spring embedded WebApplicationContext
[2023-12-09 22:06:25.387] [main] INFO  o.s.b.w.s.c.ServletWebServerApplicationContext : Root WebApplicationContext: initialization completed in 1149 ms
[2023-12-09 22:06:27.045] [main] INFO  o.s.cloud.commons.util.InetUtils : Cannot determine local hostname
[2023-12-09 22:06:27.646] [main] INFO  o.s.b.f.a.AutowiredAnnotationBeanPostProcessor : Autowired annotation is not supported on static fields: private static java.lang.String com.yyh.xfs.common.web.utils.JWTUtil.secret
[2023-12-09 22:06:29.003] [main] INFO  o.s.cloud.commons.util.InetUtils : Cannot determine local hostname
[2023-12-09 22:06:29.038] [main] WARN  o.s.c.l.c.LoadBalancerCacheAutoConfiguration$LoadBalancerCaffeineWarnLogger : Spring Cloud LoadBalancer is currently working with the default cache. While this cache implementation is useful for development and tests, it's recommended to use Caffeine cache in production.You can switch to using Caffeine cache, by adding it and org.springframework.cache.caffeine.CaffeineCacheManager to the classpath.
[2023-12-09 22:06:29.179] [main] INFO  o.a.coyote.http11.Http11NioProtocol : Starting ProtocolHandler ["http-nio-9100"]
[2023-12-09 22:06:29.192] [main] INFO  o.s.b.w.e.tomcat.TomcatWebServer : Tomcat started on port(s): 9100 (http) with context path ''
[2023-12-09 22:06:29.209] [main] INFO  c.a.c.n.r.NacosServiceRegistry : nacos registry, DEFAULT_GROUP xfs-auth 192.168.229.1:9100 register finished
[2023-12-09 22:06:30.458] [main] INFO  o.s.cloud.commons.util.InetUtils : Cannot determine local hostname
[2023-12-09 22:06:30.492] [main] INFO  com.yyh.xfs.auth.AuthApplication : Started AuthApplication in 9.644 seconds (JVM running for 10.499)
[2023-12-09 22:06:30.497] [main] INFO  c.a.c.n.r.NacosContextRefresher : listening config: dataId=xfs-auth-dev.yaml, group=DEFAULT_GROUP
[2023-12-09 22:06:30.497] [main] INFO  c.a.c.n.r.NacosContextRefresher : listening config: dataId=xfs-auth, group=DEFAULT_GROUP
[2023-12-09 22:06:30.498] [main] INFO  c.a.c.n.r.NacosContextRefresher : listening config: dataId=xfs-auth.yaml, group=DEFAULT_GROUP
[2023-12-09 22:14:30.801] [com.alibaba.nacos.client.Worker.longPolling.fixed-192.168.124.100_8848-54c5b22b-7b63-4073-9a77-f07142769f1f] INFO  o.s.cloud.commons.util.InetUtils : Cannot determine local hostname
[2023-12-09 22:14:30.851] [com.alibaba.nacos.client.Worker.longPolling.fixed-192.168.124.100_8848-54c5b22b-7b63-4073-9a77-f07142769f1f] WARN  c.a.c.n.c.NacosPropertySourceBuilder : Ignore the empty nacos configuration and get it based on dataId[xfs-auth] & group[DEFAULT_GROUP]
[2023-12-09 22:14:30.855] [com.alibaba.nacos.client.Worker.longPolling.fixed-192.168.124.100_8848-54c5b22b-7b63-4073-9a77-f07142769f1f] WARN  c.a.c.n.c.NacosPropertySourceBuilder : Ignore the empty nacos configuration and get it based on dataId[xfs-auth.yaml] & group[DEFAULT_GROUP]
[2023-12-09 22:14:30.862] [com.alibaba.nacos.client.Worker.longPolling.fixed-192.168.124.100_8848-54c5b22b-7b63-4073-9a77-f07142769f1f] INFO  o.s.c.b.c.PropertySourceBootstrapConfiguration : Located property source: [BootstrapPropertySource {name='bootstrapProperties-xfs-auth-dev.yaml,DEFAULT_GROUP'}, BootstrapPropertySource {name='bootstrapProperties-xfs-auth.yaml,DEFAULT_GROUP'}, BootstrapPropertySource {name='bootstrapProperties-xfs-auth,DEFAULT_GROUP'}]
[2023-12-09 22:14:30.864] [com.alibaba.nacos.client.Worker.longPolling.fixed-192.168.124.100_8848-54c5b22b-7b63-4073-9a77-f07142769f1f] INFO  o.s.boot.SpringApplication : The following profiles are active: dev
[2023-12-09 22:14:30.872] [com.alibaba.nacos.client.Worker.longPolling.fixed-192.168.124.100_8848-54c5b22b-7b63-4073-9a77-f07142769f1f] INFO  o.s.boot.SpringApplication : Started application in 1.343 seconds (JVM running for 490.879)
[2023-12-09 22:14:30.899] [com.alibaba.nacos.client.Worker.longPolling.fixed-192.168.124.100_8848-54c5b22b-7b63-4073-9a77-f07142769f1f] INFO  o.s.c.e.event.RefreshEventListener : Refresh keys changed: [mybatis-plus.global-config.db-config.logic-delete-value, mybatis-plus.configuration.log-impl, spring.redis.host, mybatis-plus.global-config.db-config.logic-not-delete-value, spring.redis.port, mybatis-plus.mapper-locations, mybatis-plus.configuration.map-underscore-to-camel-case, mybatis-plus.global-config.db-config.id-type]
[2023-12-09 22:14:39.295] [Thread-5] WARN  c.a.n.c.http.HttpClientBeanHolder : [HttpClientBeanHolder] Start destroying common HttpClient
[2023-12-09 22:14:39.295] [Thread-29] WARN  c.a.nacos.common.notify.NotifyCenter : [NotifyCenter] Start destroying Publisher
[2023-12-09 22:14:39.296] [Thread-29] WARN  c.a.nacos.common.notify.NotifyCenter : [NotifyCenter] Destruction of the end
[2023-12-09 22:14:39.296] [Thread-5] WARN  c.a.n.c.http.HttpClientBeanHolder : [HttpClientBeanHolder] Destruction of the end
[2023-12-09 22:14:39.494] [SpringApplicationShutdownHook] INFO  c.a.c.n.r.NacosServiceRegistry : De-registering from Nacos Server now...
[2023-12-09 22:14:39.501] [SpringApplicationShutdownHook] INFO  c.a.c.n.r.NacosServiceRegistry : De-registration finished.
[2023-12-09 22:14:49.924] [main] WARN  c.a.c.n.c.NacosPropertySourceBuilder : Ignore the empty nacos configuration and get it based on dataId[xfs-auth] & group[DEFAULT_GROUP]
[2023-12-09 22:14:49.929] [main] WARN  c.a.c.n.c.NacosPropertySourceBuilder : Ignore the empty nacos configuration and get it based on dataId[xfs-auth.yaml] & group[DEFAULT_GROUP]
[2023-12-09 22:14:49.937] [main] INFO  o.s.c.b.c.PropertySourceBootstrapConfiguration : Located property source: [BootstrapPropertySource {name='bootstrapProperties-xfs-auth-dev.yaml,DEFAULT_GROUP'}, BootstrapPropertySource {name='bootstrapProperties-xfs-auth.yaml,DEFAULT_GROUP'}, BootstrapPropertySource {name='bootstrapProperties-xfs-auth,DEFAULT_GROUP'}, BootstrapPropertySource {name='bootstrapProperties-redis.yaml,DEFAULT_GROUP'}, BootstrapPropertySource {name='bootstrapProperties-mybatis-plus.yaml,DEFAULT_GROUP'}]
[2023-12-09 22:14:49.942] [main] INFO  com.yyh.xfs.auth.AuthApplication : The following profiles are active: dev
[2023-12-09 22:14:50.523] [main] INFO  o.s.d.r.c.RepositoryConfigurationDelegate : Multiple Spring Data modules found, entering strict repository configuration mode!
[2023-12-09 22:14:50.525] [main] INFO  o.s.d.r.c.RepositoryConfigurationDelegate : Bootstrapping Spring Data Redis repositories in DEFAULT mode.
[2023-12-09 22:14:50.541] [main] INFO  o.s.d.r.c.RepositoryConfigurationDelegate : Finished Spring Data repository scanning in 5 ms. Found 0 Redis repository interfaces.
[2023-12-09 22:14:50.670] [main] WARN  o.m.s.mapper.ClassPathMapperScanner : No MyBatis mapper was found in '[com.yyh.xfs.auth]' package. Please check your configuration.
[2023-12-09 22:14:50.738] [main] INFO  o.s.cloud.context.scope.GenericScope : BeanFactory id=3fa2bd07-116f-3c92-a340-c229f76eccf5
[2023-12-09 22:14:51.010] [main] INFO  o.s.b.w.e.tomcat.TomcatWebServer : Tomcat initialized with port(s): 9100 (http)
[2023-12-09 22:14:51.019] [main] INFO  o.a.coyote.http11.Http11NioProtocol : Initializing ProtocolHandler ["http-nio-9100"]
[2023-12-09 22:14:51.019] [main] INFO  o.a.catalina.core.StandardService : Starting service [Tomcat]
[2023-12-09 22:14:51.019] [main] INFO  o.a.catalina.core.StandardEngine : Starting Servlet engine: [Apache Tomcat/9.0.56]
[2023-12-09 22:14:51.161] [main] INFO  o.a.c.c.C.[Tomcat].[localhost].[/] : Initializing Spring embedded WebApplicationContext
[2023-12-09 22:14:51.163] [main] INFO  o.s.b.w.s.c.ServletWebServerApplicationContext : Root WebApplicationContext: initialization completed in 1212 ms
[2023-12-09 22:14:52.877] [main] INFO  o.s.cloud.commons.util.InetUtils : Cannot determine local hostname
[2023-12-09 22:14:53.536] [main] INFO  o.s.b.f.a.AutowiredAnnotationBeanPostProcessor : Autowired annotation is not supported on static fields: private static java.lang.String com.yyh.xfs.common.web.utils.JWTUtil.secret
[2023-12-09 22:14:54.901] [main] INFO  o.s.cloud.commons.util.InetUtils : Cannot determine local hostname
[2023-12-09 22:14:54.937] [main] WARN  o.s.c.l.c.LoadBalancerCacheAutoConfiguration$LoadBalancerCaffeineWarnLogger : Spring Cloud LoadBalancer is currently working with the default cache. While this cache implementation is useful for development and tests, it's recommended to use Caffeine cache in production.You can switch to using Caffeine cache, by adding it and org.springframework.cache.caffeine.CaffeineCacheManager to the classpath.
[2023-12-09 22:14:55.081] [main] INFO  o.a.coyote.http11.Http11NioProtocol : Starting ProtocolHandler ["http-nio-9100"]
[2023-12-09 22:14:55.097] [main] INFO  o.s.b.w.e.tomcat.TomcatWebServer : Tomcat started on port(s): 9100 (http) with context path ''
[2023-12-09 22:14:55.107] [main] INFO  c.a.c.n.r.NacosServiceRegistry : nacos registry, DEFAULT_GROUP xfs-auth 192.168.229.1:9100 register finished
[2023-12-09 22:14:56.370] [main] INFO  o.s.cloud.commons.util.InetUtils : Cannot determine local hostname
[2023-12-09 22:14:56.401] [main] INFO  com.yyh.xfs.auth.AuthApplication : Started AuthApplication in 9.861 seconds (JVM running for 10.779)
[2023-12-09 22:14:56.406] [main] INFO  c.a.c.n.r.NacosContextRefresher : listening config: dataId=xfs-auth-dev.yaml, group=DEFAULT_GROUP
[2023-12-09 22:14:56.406] [main] INFO  c.a.c.n.r.NacosContextRefresher : listening config: dataId=xfs-auth, group=DEFAULT_GROUP
[2023-12-09 22:14:56.407] [main] INFO  c.a.c.n.r.NacosContextRefresher : listening config: dataId=xfs-auth.yaml, group=DEFAULT_GROUP
[2023-12-09 22:20:50.100] [com.alibaba.nacos.client.Worker.longPolling.fixed-192.168.124.100_8848-54c5b22b-7b63-4073-9a77-f07142769f1f] INFO  o.s.cloud.commons.util.InetUtils : Cannot determine local hostname
[2023-12-09 22:20:50.164] [com.alibaba.nacos.client.Worker.longPolling.fixed-192.168.124.100_8848-54c5b22b-7b63-4073-9a77-f07142769f1f] WARN  c.a.c.n.c.NacosPropertySourceBuilder : Ignore the empty nacos configuration and get it based on dataId[xfs-auth] & group[DEFAULT_GROUP]
[2023-12-09 22:20:50.171] [com.alibaba.nacos.client.Worker.longPolling.fixed-192.168.124.100_8848-54c5b22b-7b63-4073-9a77-f07142769f1f] WARN  c.a.c.n.c.NacosPropertySourceBuilder : Ignore the empty nacos configuration and get it based on dataId[xfs-auth.yaml] & group[DEFAULT_GROUP]
[2023-12-09 22:20:50.179] [com.alibaba.nacos.client.Worker.longPolling.fixed-192.168.124.100_8848-54c5b22b-7b63-4073-9a77-f07142769f1f] INFO  o.s.c.b.c.PropertySourceBootstrapConfiguration : Located property source: [BootstrapPropertySource {name='bootstrapProperties-xfs-auth-dev.yaml,DEFAULT_GROUP'}, BootstrapPropertySource {name='bootstrapProperties-xfs-auth.yaml,DEFAULT_GROUP'}, BootstrapPropertySource {name='bootstrapProperties-xfs-auth,DEFAULT_GROUP'}, BootstrapPropertySource {name='bootstrapProperties-redis.yaml,DEFAULT_GROUP'}, BootstrapPropertySource {name='bootstrapProperties-mybatis-plus.yaml,DEFAULT_GROUP'}]
[2023-12-09 22:20:50.181] [com.alibaba.nacos.client.Worker.longPolling.fixed-192.168.124.100_8848-54c5b22b-7b63-4073-9a77-f07142769f1f] INFO  o.s.boot.SpringApplication : The following profiles are active: dev
[2023-12-09 22:20:50.192] [com.alibaba.nacos.client.Worker.longPolling.fixed-192.168.124.100_8848-54c5b22b-7b63-4073-9a77-f07142769f1f] INFO  o.s.boot.SpringApplication : Started application in 1.386 seconds (JVM running for 364.569)
[2023-12-09 22:20:50.233] [com.alibaba.nacos.client.Worker.longPolling.fixed-192.168.124.100_8848-54c5b22b-7b63-4073-9a77-f07142769f1f] INFO  o.s.c.e.event.RefreshEventListener : Refresh keys changed: [jwt.secret]
[2023-12-09 22:30:54.787] [Thread-30] WARN  c.a.nacos.common.notify.NotifyCenter : [NotifyCenter] Start destroying Publisher
[2023-12-09 22:30:54.787] [Thread-6] WARN  c.a.n.c.http.HttpClientBeanHolder : [HttpClientBeanHolder] Start destroying common HttpClient
[2023-12-09 22:30:54.787] [Thread-30] WARN  c.a.nacos.common.notify.NotifyCenter : [NotifyCenter] Destruction of the end
[2023-12-09 22:30:54.788] [Thread-6] WARN  c.a.n.c.http.HttpClientBeanHolder : [HttpClientBeanHolder] Destruction of the end
[2023-12-09 22:30:55.003] [SpringApplicationShutdownHook] INFO  c.a.c.n.r.NacosServiceRegistry : De-registering from Nacos Server now...
[2023-12-09 22:30:55.009] [SpringApplicationShutdownHook] INFO  c.a.c.n.r.NacosServiceRegistry : De-registration finished.
[2023-12-09 22:31:09.480] [main] WARN  c.a.c.n.c.NacosPropertySourceBuilder : Ignore the empty nacos configuration and get it based on dataId[xfs-auth] & group[DEFAULT_GROUP]
[2023-12-09 22:31:09.486] [main] WARN  c.a.c.n.c.NacosPropertySourceBuilder : Ignore the empty nacos configuration and get it based on dataId[xfs-auth.yaml] & group[DEFAULT_GROUP]
[2023-12-09 22:31:09.494] [main] INFO  o.s.c.b.c.PropertySourceBootstrapConfiguration : Located property source: [BootstrapPropertySource {name='bootstrapProperties-xfs-auth-dev.yaml,DEFAULT_GROUP'}, BootstrapPropertySource {name='bootstrapProperties-xfs-auth.yaml,DEFAULT_GROUP'}, BootstrapPropertySource {name='bootstrapProperties-xfs-auth,DEFAULT_GROUP'}, BootstrapPropertySource {name='bootstrapProperties-jwt.yaml,DEFAULT_GROUP'}, BootstrapPropertySource {name='bootstrapProperties-redis.yaml,DEFAULT_GROUP'}, BootstrapPropertySource {name='bootstrapProperties-mybatis-plus.yaml,DEFAULT_GROUP'}]
[2023-12-09 22:31:09.499] [main] INFO  com.yyh.xfs.auth.AuthApplication : The following profiles are active: dev
[2023-12-09 22:31:10.091] [main] INFO  o.s.d.r.c.RepositoryConfigurationDelegate : Multiple Spring Data modules found, entering strict repository configuration mode!
[2023-12-09 22:31:10.093] [main] INFO  o.s.d.r.c.RepositoryConfigurationDelegate : Bootstrapping Spring Data Redis repositories in DEFAULT mode.
[2023-12-09 22:31:10.110] [main] INFO  o.s.d.r.c.RepositoryConfigurationDelegate : Finished Spring Data repository scanning in 5 ms. Found 0 Redis repository interfaces.
[2023-12-09 22:31:10.233] [main] WARN  o.m.s.mapper.ClassPathMapperScanner : No MyBatis mapper was found in '[com.yyh.xfs.auth]' package. Please check your configuration.
[2023-12-09 22:31:10.300] [main] INFO  o.s.cloud.context.scope.GenericScope : BeanFactory id=3fa2bd07-116f-3c92-a340-c229f76eccf5
[2023-12-09 22:31:10.555] [main] INFO  o.s.b.w.e.tomcat.TomcatWebServer : Tomcat initialized with port(s): 9100 (http)
[2023-12-09 22:31:10.564] [main] INFO  o.a.coyote.http11.Http11NioProtocol : Initializing ProtocolHandler ["http-nio-9100"]
[2023-12-09 22:31:10.565] [main] INFO  o.a.catalina.core.StandardService : Starting service [Tomcat]
[2023-12-09 22:31:10.565] [main] INFO  o.a.catalina.core.StandardEngine : Starting Servlet engine: [Apache Tomcat/9.0.56]
[2023-12-09 22:31:10.711] [main] INFO  o.a.c.c.C.[Tomcat].[localhost].[/] : Initializing Spring embedded WebApplicationContext
[2023-12-09 22:31:10.711] [main] INFO  o.s.b.w.s.c.ServletWebServerApplicationContext : Root WebApplicationContext: initialization completed in 1202 ms
[2023-12-09 22:31:12.375] [main] INFO  o.s.cloud.commons.util.InetUtils : Cannot determine local hostname
[2023-12-09 22:31:13.011] [main] INFO  o.s.b.f.a.AutowiredAnnotationBeanPostProcessor : Autowired annotation is not supported on static fields: private static java.lang.String com.yyh.xfs.common.web.utils.JWTUtil.secret
[2023-12-09 22:31:14.366] [main] INFO  o.s.cloud.commons.util.InetUtils : Cannot determine local hostname
[2023-12-09 22:31:14.400] [main] WARN  o.s.c.l.c.LoadBalancerCacheAutoConfiguration$LoadBalancerCaffeineWarnLogger : Spring Cloud LoadBalancer is currently working with the default cache. While this cache implementation is useful for development and tests, it's recommended to use Caffeine cache in production.You can switch to using Caffeine cache, by adding it and org.springframework.cache.caffeine.CaffeineCacheManager to the classpath.
[2023-12-09 22:31:14.546] [main] INFO  o.a.coyote.http11.Http11NioProtocol : Starting ProtocolHandler ["http-nio-9100"]
[2023-12-09 22:31:14.560] [main] INFO  o.s.b.w.e.tomcat.TomcatWebServer : Tomcat started on port(s): 9100 (http) with context path ''
[2023-12-09 22:31:14.569] [main] INFO  c.a.c.n.r.NacosServiceRegistry : nacos registry, DEFAULT_GROUP xfs-auth 192.168.229.1:9100 register finished
[2023-12-09 22:31:15.825] [main] INFO  o.s.cloud.commons.util.InetUtils : Cannot determine local hostname
[2023-12-09 22:31:15.857] [main] INFO  com.yyh.xfs.auth.AuthApplication : Started AuthApplication in 9.748 seconds (JVM running for 10.574)
[2023-12-09 22:31:15.862] [main] INFO  c.a.c.n.r.NacosContextRefresher : listening config: dataId=xfs-auth-dev.yaml, group=DEFAULT_GROUP
[2023-12-09 22:31:15.863] [main] INFO  c.a.c.n.r.NacosContextRefresher : listening config: dataId=xfs-auth, group=DEFAULT_GROUP
[2023-12-09 22:31:15.863] [main] INFO  c.a.c.n.r.NacosContextRefresher : listening config: dataId=xfs-auth.yaml, group=DEFAULT_GROUP
[2023-12-09 22:33:27.696] [http-nio-9100-exec-1] INFO  o.a.c.c.C.[Tomcat].[localhost].[/] : Initializing Spring DispatcherServlet 'dispatcherServlet'
[2023-12-09 22:33:27.696] [http-nio-9100-exec-1] INFO  o.s.web.servlet.DispatcherServlet : Initializing Servlet 'dispatcherServlet'
[2023-12-09 22:33:27.697] [http-nio-9100-exec-1] INFO  o.s.web.servlet.DispatcherServlet : Completed initialization in 1 ms
[2023-12-09 22:34:22.811] [Thread-5] WARN  c.a.n.c.http.HttpClientBeanHolder : [HttpClientBeanHolder] Start destroying common HttpClient
[2023-12-09 22:34:22.811] [Thread-29] WARN  c.a.nacos.common.notify.NotifyCenter : [NotifyCenter] Start destroying Publisher
[2023-12-09 22:34:22.811] [Thread-29] WARN  c.a.nacos.common.notify.NotifyCenter : [NotifyCenter] Destruction of the end
[2023-12-09 22:34:22.812] [Thread-5] WARN  c.a.n.c.http.HttpClientBeanHolder : [HttpClientBeanHolder] Destruction of the end
[2023-12-09 22:34:23.044] [SpringApplicationShutdownHook] INFO  c.a.c.n.r.NacosServiceRegistry : De-registering from Nacos Server now...
[2023-12-09 22:34:23.049] [SpringApplicationShutdownHook] INFO  c.a.c.n.r.NacosServiceRegistry : De-registration finished.
