[2023-12-12 00:43:42.613] [main] WARN  c.a.c.n.c.NacosPropertySourceBuilder : Ignore the empty nacos configuration and get it based on dataId[xfs-third] & group[DEFAULT_GROUP]
[2023-12-12 00:43:42.617] [main] WARN  c.a.c.n.c.NacosPropertySourceBuilder : Ignore the empty nacos configuration and get it based on dataId[xfs-third.yaml] & group[DEFAULT_GROUP]
[2023-12-12 00:43:42.627] [main] INFO  o.s.c.b.c.PropertySourceBootstrapConfiguration : Located property source: [BootstrapPropertySource {name='bootstrapProperties-xfs-third-dev.yaml,DEFAULT_GROUP'}, BootstrapPropertySource {name='bootstrapProperties-xfs-third.yaml,DEFAULT_GROUP'}, BootstrapPropertySource {name='bootstrapProperties-xfs-third,DEFAULT_GROUP'}, BootstrapPropertySource {name='bootstrapProperties-redis.yaml,DEFAULT_GROUP'}]
[2023-12-12 00:43:42.634] [main] INFO  com.yyh.xfs.third.ThirdApplication : The following profiles are active: dev
[2023-12-12 00:43:43.405] [main] INFO  o.s.d.r.c.RepositoryConfigurationDelegate : Multiple Spring Data modules found, entering strict repository configuration mode!
[2023-12-12 00:43:43.407] [main] INFO  o.s.d.r.c.RepositoryConfigurationDelegate : Bootstrapping Spring Data Redis repositories in DEFAULT mode.
[2023-12-12 00:43:43.427] [main] INFO  o.s.d.r.c.RepositoryConfigurationDelegate : Finished Spring Data repository scanning in 5 ms. Found 0 Redis repository interfaces.
[2023-12-12 00:43:43.643] [main] INFO  o.s.cloud.context.scope.GenericScope : BeanFactory id=5318e823-1a5d-3f1d-beb9-b28260098aec
[2023-12-12 00:43:43.918] [main] INFO  o.s.b.w.e.tomcat.TomcatWebServer : Tomcat initialized with port(s): 9900 (http)
[2023-12-12 00:43:43.930] [main] INFO  o.a.coyote.http11.Http11NioProtocol : Initializing ProtocolHandler ["http-nio-9900"]
[2023-12-12 00:43:43.930] [main] INFO  o.a.catalina.core.StandardService : Starting service [Tomcat]
[2023-12-12 00:43:43.930] [main] INFO  o.a.catalina.core.StandardEngine : Starting Servlet engine: [Apache Tomcat/9.0.56]
[2023-12-12 00:43:44.096] [main] INFO  o.a.c.c.C.[Tomcat].[localhost].[/] : Initializing Spring embedded WebApplicationContext
[2023-12-12 00:43:44.096] [main] INFO  o.s.b.w.s.c.ServletWebServerApplicationContext : Root WebApplicationContext: initialization completed in 1448 ms
[2023-12-12 00:43:46.491] [main] INFO  o.s.cloud.commons.util.InetUtils : Cannot determine local hostname
[2023-12-12 00:43:48.174] [main] INFO  o.s.cloud.commons.util.InetUtils : Cannot determine local hostname
[2023-12-12 00:43:48.278] [main] WARN  o.s.c.l.c.LoadBalancerCacheAutoConfiguration$LoadBalancerCaffeineWarnLogger : Spring Cloud LoadBalancer is currently working with the default cache. While this cache implementation is useful for development and tests, it's recommended to use Caffeine cache in production.You can switch to using Caffeine cache, by adding it and org.springframework.cache.caffeine.CaffeineCacheManager to the classpath.
[2023-12-12 00:43:48.573] [main] INFO  o.a.coyote.http11.Http11NioProtocol : Starting ProtocolHandler ["http-nio-9900"]
[2023-12-12 00:43:48.593] [main] INFO  o.s.b.w.e.tomcat.TomcatWebServer : Tomcat started on port(s): 9900 (http) with context path ''
[2023-12-12 00:43:48.609] [main] INFO  c.a.c.n.r.NacosServiceRegistry : nacos registry, DEFAULT_GROUP xfs-third 192.168.229.1:9900 register finished
[2023-12-12 00:43:50.213] [main] INFO  o.s.cloud.commons.util.InetUtils : Cannot determine local hostname
[2023-12-12 00:43:50.265] [main] INFO  com.yyh.xfs.third.ThirdApplication : Started ThirdApplication in 12.317 seconds (JVM running for 13.952)
[2023-12-12 00:43:50.272] [main] INFO  c.a.c.n.r.NacosContextRefresher : listening config: dataId=xfs-third, group=DEFAULT_GROUP
[2023-12-12 00:43:50.274] [main] INFO  c.a.c.n.r.NacosContextRefresher : listening config: dataId=xfs-third.yaml, group=DEFAULT_GROUP
[2023-12-12 00:43:50.276] [main] INFO  c.a.c.n.r.NacosContextRefresher : listening config: dataId=xfs-third-dev.yaml, group=DEFAULT_GROUP
[2023-12-12 00:47:50.950] [http-nio-9900-exec-1] INFO  o.a.c.c.C.[Tomcat].[localhost].[/] : Initializing Spring DispatcherServlet 'dispatcherServlet'
[2023-12-12 00:47:50.951] [http-nio-9900-exec-1] INFO  o.s.web.servlet.DispatcherServlet : Initializing Servlet 'dispatcherServlet'
[2023-12-12 00:47:50.955] [http-nio-9900-exec-1] INFO  o.s.web.servlet.DispatcherServlet : Completed initialization in 4 ms
