[2023-12-11 16:59:47.940] [main] ERROR o.s.b.d.LoggingFailureAnalysisReporter : 

***************************
APPLICATION FAILED TO START
***************************

Description:

The bean 'redisTemplate', defined in class path resource [com/yyh/xfs/common/redis/config/RedisConfig.class], could not be registered. A bean with that name has already been defined in class path resource [org/springframework/boot/autoconfigure/data/redis/RedisAutoConfiguration.class] and overriding is disabled.

Action:

Consider renaming one of the beans or enabling overriding by setting spring.main.allow-bean-definition-overriding=true

[2023-12-11 17:04:13.278] [main] ERROR o.s.b.d.LoggingFailureAnalysisReporter : 

***************************
APPLICATION FAILED TO START
***************************

Description:

The bean 'redisTemplate', defined in class path resource [com/yyh/xfs/common/redis/config/RedisConfig.class], could not be registered. A bean with that name has already been defined in class path resource [org/springframework/boot/autoconfigure/data/redis/RedisAutoConfiguration.class] and overriding is disabled.

Action:

Consider renaming one of the beans or enabling overriding by setting spring.main.allow-bean-definition-overriding=true

[2023-12-11 17:04:46.498] [main] ERROR o.s.b.d.LoggingFailureAnalysisReporter : 

***************************
APPLICATION FAILED TO START
***************************

Description:

The bean 'redisTemplate', defined in class path resource [com/yyh/xfs/common/redis/config/RedisConfig.class], could not be registered. A bean with that name has already been defined in class path resource [org/springframework/boot/autoconfigure/data/redis/RedisAutoConfiguration.class] and overriding is disabled.

Action:

Consider renaming one of the beans or enabling overriding by setting spring.main.allow-bean-definition-overriding=true

[2023-12-11 17:04:54.537] [main] ERROR o.s.b.d.LoggingFailureAnalysisReporter : 

***************************
APPLICATION FAILED TO START
***************************

Description:

The bean 'redisTemplate', defined in class path resource [com/yyh/xfs/common/redis/config/RedisConfig.class], could not be registered. A bean with that name has already been defined in class path resource [org/springframework/boot/autoconfigure/data/redis/RedisAutoConfiguration.class] and overriding is disabled.

Action:

Consider renaming one of the beans or enabling overriding by setting spring.main.allow-bean-definition-overriding=true

[2023-12-11 17:10:57.361] [main] ERROR o.s.b.d.LoggingFailureAnalysisReporter : 

***************************
APPLICATION FAILED TO START
***************************

Description:

The bean 'redisTemplate', defined in class path resource [com/yyh/xfs/common/redis/config/CustomRedisConfig.class], could not be registered. A bean with that name has already been defined in class path resource [org/springframework/boot/autoconfigure/data/redis/RedisAutoConfiguration.class] and overriding is disabled.

Action:

Consider renaming one of the beans or enabling overriding by setting spring.main.allow-bean-definition-overriding=true

[2023-12-11 17:13:01.033] [main] ERROR o.s.b.d.LoggingFailureAnalysisReporter : 

***************************
APPLICATION FAILED TO START
***************************

Description:

The bean 'redisTemplate', defined in class path resource [com/yyh/xfs/common/redis/config/CustomRedisConfig.class], could not be registered. A bean with that name has already been defined in class path resource [org/springframework/boot/autoconfigure/data/redis/RedisAutoConfiguration.class] and overriding is disabled.

Action:

Consider renaming one of the beans or enabling overriding by setting spring.main.allow-bean-definition-overriding=true

[2023-12-11 20:25:29.107] [main] ERROR o.s.b.d.LoggingFailureAnalysisReporter : 

***************************
APPLICATION FAILED TO START
***************************

Description:

Failed to bind properties under 'jwt.expire-time' to long:

    Property: jwt.expire-time
    Value: ${24 * 60 * 60 * 1000}
    Origin: "jwt.expire-time" from property source "bootstrapProperties-jwt.yaml,DEFAULT_GROUP"
    Reason: failed to convert java.lang.String to long (caused by java.lang.NumberFormatException: For input string: "${24*60*60*1000}")

Action:

Update your application's configuration

