[2023-12-14 20:26:44.827] [background-preinit] INFO  o.h.validator.internal.util.Version : HV000001: Hibernate Validator 6.2.0.Final
[2023-12-14 20:26:56.006] [main] WARN  c.a.c.n.c.NacosPropertySourceBuilder : Ignore the empty nacos configuration and get it based on dataId[xfs-gateway] & group[DEFAULT_GROUP]
[2023-12-14 20:26:59.032] [main] WARN  c.a.c.n.c.NacosPropertySourceBuilder : Ignore the empty nacos configuration and get it based on dataId[xfs-gateway.yaml] & group[DEFAULT_GROUP]
[2023-12-14 20:27:02.088] [main] INFO  o.s.c.b.c.PropertySourceBootstrapConfiguration : Located property source: [BootstrapPropertySource {name='bootstrapProperties-xfs-gateway-dev.yaml,DEFAULT_GROUP'}, BootstrapPropertySource {name='bootstrapProperties-xfs-gateway.yaml,DEFAULT_GROUP'}, BootstrapPropertySource {name='bootstrapProperties-xfs-gateway,DEFAULT_GROUP'}, BootstrapPropertySource {name='bootstrapProperties-redis.yaml,DEFAULT_GROUP'}, BootstrapPropertySource {name='bootstrapProperties-jwt.yaml,DEFAULT_GROUP'}]
[2023-12-14 20:27:02.094] [main] INFO  c.yyh.xfs.gateway.GatewayApplication : The following profiles are active: dev
[2023-12-14 20:27:02.860] [main] INFO  o.s.d.r.c.RepositoryConfigurationDelegate : Multiple Spring Data modules found, entering strict repository configuration mode!
[2023-12-14 20:27:02.864] [main] INFO  o.s.d.r.c.RepositoryConfigurationDelegate : Bootstrapping Spring Data Redis repositories in DEFAULT mode.
[2023-12-14 20:27:02.896] [main] INFO  o.s.d.r.c.RepositoryConfigurationDelegate : Finished Spring Data repository scanning in 11 ms. Found 0 Redis repository interfaces.
[2023-12-14 20:27:03.117] [main] INFO  o.s.cloud.context.scope.GenericScope : BeanFactory id=75676e79-8f1d-33b4-bb3c-493b322b265d
[2023-12-14 20:27:03.196] [main] INFO  o.s.c.s.PostProcessorRegistrationDelegate$BeanPostProcessorChecker : Bean 'org.springframework.cloud.client.loadbalancer.reactive.LoadBalancerBeanPostProcessorAutoConfiguration' of type [org.springframework.cloud.client.loadbalancer.reactive.LoadBalancerBeanPostProcessorAutoConfiguration] is not eligible for getting processed by all BeanPostProcessors (for example: not eligible for auto-proxying)
[2023-12-14 20:27:03.197] [main] INFO  o.s.c.s.PostProcessorRegistrationDelegate$BeanPostProcessorChecker : Bean 'org.springframework.cloud.client.loadbalancer.reactive.LoadBalancerBeanPostProcessorAutoConfiguration$ReactorDeferringLoadBalancerFilterConfig' of type [org.springframework.cloud.client.loadbalancer.reactive.LoadBalancerBeanPostProcessorAutoConfiguration$ReactorDeferringLoadBalancerFilterConfig] is not eligible for getting processed by all BeanPostProcessors (for example: not eligible for auto-proxying)
[2023-12-14 20:27:03.200] [main] INFO  o.s.c.s.PostProcessorRegistrationDelegate$BeanPostProcessorChecker : Bean 'reactorDeferringLoadBalancerExchangeFilterFunction' of type [org.springframework.cloud.client.loadbalancer.reactive.DeferringLoadBalancerExchangeFilterFunction] is not eligible for getting processed by all BeanPostProcessors (for example: not eligible for auto-proxying)
[2023-12-14 20:27:06.207] [main] INFO  o.s.cloud.commons.util.InetUtils : Cannot determine local hostname
[2023-12-14 20:27:07.809] [main] INFO  o.s.cloud.commons.util.InetUtils : Cannot determine local hostname
[2023-12-14 20:27:08.154] [main] INFO  o.s.c.g.r.RouteDefinitionRouteLocator : Loaded RoutePredicateFactory [After]
[2023-12-14 20:27:08.154] [main] INFO  o.s.c.g.r.RouteDefinitionRouteLocator : Loaded RoutePredicateFactory [Before]
[2023-12-14 20:27:08.154] [main] INFO  o.s.c.g.r.RouteDefinitionRouteLocator : Loaded RoutePredicateFactory [Between]
[2023-12-14 20:27:08.154] [main] INFO  o.s.c.g.r.RouteDefinitionRouteLocator : Loaded RoutePredicateFactory [Cookie]
[2023-12-14 20:27:08.154] [main] INFO  o.s.c.g.r.RouteDefinitionRouteLocator : Loaded RoutePredicateFactory [Header]
[2023-12-14 20:27:08.154] [main] INFO  o.s.c.g.r.RouteDefinitionRouteLocator : Loaded RoutePredicateFactory [Host]
[2023-12-14 20:27:08.154] [main] INFO  o.s.c.g.r.RouteDefinitionRouteLocator : Loaded RoutePredicateFactory [Method]
[2023-12-14 20:27:08.156] [main] INFO  o.s.c.g.r.RouteDefinitionRouteLocator : Loaded RoutePredicateFactory [Path]
[2023-12-14 20:27:08.156] [main] INFO  o.s.c.g.r.RouteDefinitionRouteLocator : Loaded RoutePredicateFactory [Query]
[2023-12-14 20:27:08.156] [main] INFO  o.s.c.g.r.RouteDefinitionRouteLocator : Loaded RoutePredicateFactory [ReadBody]
[2023-12-14 20:27:08.156] [main] INFO  o.s.c.g.r.RouteDefinitionRouteLocator : Loaded RoutePredicateFactory [RemoteAddr]
[2023-12-14 20:27:08.156] [main] INFO  o.s.c.g.r.RouteDefinitionRouteLocator : Loaded RoutePredicateFactory [XForwardedRemoteAddr]
[2023-12-14 20:27:08.156] [main] INFO  o.s.c.g.r.RouteDefinitionRouteLocator : Loaded RoutePredicateFactory [Weight]
[2023-12-14 20:27:08.156] [main] INFO  o.s.c.g.r.RouteDefinitionRouteLocator : Loaded RoutePredicateFactory [CloudFoundryRouteService]
[2023-12-14 20:27:08.925] [main] WARN  o.s.c.l.c.LoadBalancerCacheAutoConfiguration$LoadBalancerCaffeineWarnLogger : Spring Cloud LoadBalancer is currently working with the default cache. While this cache implementation is useful for development and tests, it's recommended to use Caffeine cache in production.You can switch to using Caffeine cache, by adding it and org.springframework.cache.caffeine.CaffeineCacheManager to the classpath.
[2023-12-14 20:27:18.501] [main] INFO  o.s.b.w.e.netty.NettyWebServer : Netty started on port 9000
[2023-12-14 20:27:19.983] [main] INFO  o.s.cloud.commons.util.InetUtils : Cannot determine local hostname
[2023-12-14 20:27:21.449] [main] INFO  o.s.cloud.commons.util.InetUtils : Cannot determine local hostname
[2023-12-14 20:27:30.497] [main] ERROR c.a.c.n.r.NacosServiceRegistry : nacos registry, xfs-gateway register failed...NacosRegistration{nacosDiscoveryProperties=NacosDiscoveryProperties{serverAddr='192.168.124.100:8848', username='', password='', endpoint='', namespace='54c5b22b-7b63-4073-9a77-f07142769f1f', watchDelay=30000, logName='', service='xfs-gateway', weight=1.0, clusterName='DEFAULT', group='DEFAULT_GROUP', namingLoadCacheAtStart='false', metadata={preserved.register.source=SPRING_CLOUD}, registerEnabled=true, ip='192.168.229.1', networkInterface='', port=9000, secure=false, accessKey='', secretKey='', heartBeatInterval=null, heartBeatTimeout=null, ipDeleteTimeout=null, instanceEnabled=true, ephemeral=true, failureToleranceEnabled=false}, ipDeleteTimeout=null, failFast=true}},
com.alibaba.nacos.api.exception.NacosException: failed to req API:/nacos/v1/ns/instance after all servers([192.168.124.100:8848]) tried: java.net.SocketTimeoutException: connect timed out
	at com.alibaba.nacos.client.naming.net.NamingProxy.reqApi(NamingProxy.java:556)
	at com.alibaba.nacos.client.naming.net.NamingProxy.reqApi(NamingProxy.java:498)
	at com.alibaba.nacos.client.naming.net.NamingProxy.reqApi(NamingProxy.java:493)
	at com.alibaba.nacos.client.naming.net.NamingProxy.registerService(NamingProxy.java:246)
	at com.alibaba.nacos.client.naming.NacosNamingService.registerInstance(NacosNamingService.java:212)
	at com.alibaba.cloud.nacos.registry.NacosServiceRegistry.register(NacosServiceRegistry.java:74)
	at org.springframework.cloud.client.serviceregistry.AbstractAutoServiceRegistration.register(AbstractAutoServiceRegistration.java:232)
	at com.alibaba.cloud.nacos.registry.NacosAutoServiceRegistration.register(NacosAutoServiceRegistration.java:78)
	at org.springframework.cloud.client.serviceregistry.AbstractAutoServiceRegistration.start(AbstractAutoServiceRegistration.java:133)
	at org.springframework.cloud.client.serviceregistry.AbstractAutoServiceRegistration.bind(AbstractAutoServiceRegistration.java:98)
	at org.springframework.cloud.client.serviceregistry.AbstractAutoServiceRegistration.onApplicationEvent(AbstractAutoServiceRegistration.java:86)
	at org.springframework.cloud.client.serviceregistry.AbstractAutoServiceRegistration.onApplicationEvent(AbstractAutoServiceRegistration.java:47)
	at org.springframework.context.event.SimpleApplicationEventMulticaster.doInvokeListener(SimpleApplicationEventMulticaster.java:176)
	at org.springframework.context.event.SimpleApplicationEventMulticaster.invokeListener(SimpleApplicationEventMulticaster.java:169)
	at org.springframework.context.event.SimpleApplicationEventMulticaster.multicastEvent(SimpleApplicationEventMulticaster.java:143)
	at org.springframework.context.support.AbstractApplicationContext.publishEvent(AbstractApplicationContext.java:421)
	at org.springframework.context.support.AbstractApplicationContext.publishEvent(AbstractApplicationContext.java:378)
	at org.springframework.boot.web.reactive.context.WebServerManager.start(WebServerManager.java:57)
	at org.springframework.boot.web.reactive.context.WebServerStartStopLifecycle.start(WebServerStartStopLifecycle.java:40)
	at org.springframework.context.support.DefaultLifecycleProcessor.doStart(DefaultLifecycleProcessor.java:178)
	at org.springframework.context.support.DefaultLifecycleProcessor.access$200(DefaultLifecycleProcessor.java:54)
	at org.springframework.context.support.DefaultLifecycleProcessor$LifecycleGroup.start(DefaultLifecycleProcessor.java:356)
	at java.lang.Iterable.forEach(Iterable.java:75)
	at org.springframework.context.support.DefaultLifecycleProcessor.startBeans(DefaultLifecycleProcessor.java:155)
	at org.springframework.context.support.DefaultLifecycleProcessor.onRefresh(DefaultLifecycleProcessor.java:123)
	at org.springframework.context.support.AbstractApplicationContext.finishRefresh(AbstractApplicationContext.java:935)
	at org.springframework.context.support.AbstractApplicationContext.refresh(AbstractApplicationContext.java:586)
	at org.springframework.boot.web.reactive.context.ReactiveWebServerApplicationContext.refresh(ReactiveWebServerApplicationContext.java:64)
	at org.springframework.boot.SpringApplication.refresh(SpringApplication.java:732)
	at org.springframework.boot.SpringApplication.refreshContext(SpringApplication.java:414)
	at org.springframework.boot.SpringApplication.run(SpringApplication.java:302)
	at org.springframework.boot.SpringApplication.run(SpringApplication.java:1303)
	at org.springframework.boot.SpringApplication.run(SpringApplication.java:1292)
	at com.yyh.xfs.gateway.GatewayApplication.main(GatewayApplication.java:13)
[2023-12-14 20:27:30.499] [main] WARN  o.s.b.w.r.c.AnnotationConfigReactiveWebServerApplicationContext : Exception encountered during context initialization - cancelling refresh attempt: org.springframework.context.ApplicationContextException: Failed to start bean 'webServerStartStop'; nested exception is java.lang.reflect.UndeclaredThrowableException
[2023-12-14 20:27:41.708] [main] INFO  o.s.b.a.l.ConditionEvaluationReportLoggingListener : 

Error starting ApplicationContext. To display the conditions report re-run your application with 'debug' enabled.
[2023-12-14 20:27:41.743] [main] ERROR o.s.boot.SpringApplication : Application run failed
org.springframework.context.ApplicationContextException: Failed to start bean 'webServerStartStop'; nested exception is java.lang.reflect.UndeclaredThrowableException
	at org.springframework.context.support.DefaultLifecycleProcessor.doStart(DefaultLifecycleProcessor.java:181)
	at org.springframework.context.support.DefaultLifecycleProcessor.access$200(DefaultLifecycleProcessor.java:54)
	at org.springframework.context.support.DefaultLifecycleProcessor$LifecycleGroup.start(DefaultLifecycleProcessor.java:356)
	at java.lang.Iterable.forEach(Iterable.java:75)
	at org.springframework.context.support.DefaultLifecycleProcessor.startBeans(DefaultLifecycleProcessor.java:155)
	at org.springframework.context.support.DefaultLifecycleProcessor.onRefresh(DefaultLifecycleProcessor.java:123)
	at org.springframework.context.support.AbstractApplicationContext.finishRefresh(AbstractApplicationContext.java:935)
	at org.springframework.context.support.AbstractApplicationContext.refresh(AbstractApplicationContext.java:586)
	at org.springframework.boot.web.reactive.context.ReactiveWebServerApplicationContext.refresh(ReactiveWebServerApplicationContext.java:64)
	at org.springframework.boot.SpringApplication.refresh(SpringApplication.java:732)
	at org.springframework.boot.SpringApplication.refreshContext(SpringApplication.java:414)
	at org.springframework.boot.SpringApplication.run(SpringApplication.java:302)
	at org.springframework.boot.SpringApplication.run(SpringApplication.java:1303)
	at org.springframework.boot.SpringApplication.run(SpringApplication.java:1292)
	at com.yyh.xfs.gateway.GatewayApplication.main(GatewayApplication.java:13)
Caused by: java.lang.reflect.UndeclaredThrowableException: null
	at org.springframework.util.ReflectionUtils.rethrowRuntimeException(ReflectionUtils.java:147)
	at com.alibaba.cloud.nacos.registry.NacosServiceRegistry.register(NacosServiceRegistry.java:82)
	at org.springframework.cloud.client.serviceregistry.AbstractAutoServiceRegistration.register(AbstractAutoServiceRegistration.java:232)
	at com.alibaba.cloud.nacos.registry.NacosAutoServiceRegistration.register(NacosAutoServiceRegistration.java:78)
	at org.springframework.cloud.client.serviceregistry.AbstractAutoServiceRegistration.start(AbstractAutoServiceRegistration.java:133)
	at org.springframework.cloud.client.serviceregistry.AbstractAutoServiceRegistration.bind(AbstractAutoServiceRegistration.java:98)
	at org.springframework.cloud.client.serviceregistry.AbstractAutoServiceRegistration.onApplicationEvent(AbstractAutoServiceRegistration.java:86)
	at org.springframework.cloud.client.serviceregistry.AbstractAutoServiceRegistration.onApplicationEvent(AbstractAutoServiceRegistration.java:47)
	at org.springframework.context.event.SimpleApplicationEventMulticaster.doInvokeListener(SimpleApplicationEventMulticaster.java:176)
	at org.springframework.context.event.SimpleApplicationEventMulticaster.invokeListener(SimpleApplicationEventMulticaster.java:169)
	at org.springframework.context.event.SimpleApplicationEventMulticaster.multicastEvent(SimpleApplicationEventMulticaster.java:143)
	at org.springframework.context.support.AbstractApplicationContext.publishEvent(AbstractApplicationContext.java:421)
	at org.springframework.context.support.AbstractApplicationContext.publishEvent(AbstractApplicationContext.java:378)
	at org.springframework.boot.web.reactive.context.WebServerManager.start(WebServerManager.java:57)
	at org.springframework.boot.web.reactive.context.WebServerStartStopLifecycle.start(WebServerStartStopLifecycle.java:40)
	at org.springframework.context.support.DefaultLifecycleProcessor.doStart(DefaultLifecycleProcessor.java:178)
	... 14 common frames omitted
Caused by: com.alibaba.nacos.api.exception.NacosException: failed to req API:/nacos/v1/ns/instance after all servers([192.168.124.100:8848]) tried: java.net.SocketTimeoutException: connect timed out
	at com.alibaba.nacos.client.naming.net.NamingProxy.reqApi(NamingProxy.java:556)
	at com.alibaba.nacos.client.naming.net.NamingProxy.reqApi(NamingProxy.java:498)
	at com.alibaba.nacos.client.naming.net.NamingProxy.reqApi(NamingProxy.java:493)
	at com.alibaba.nacos.client.naming.net.NamingProxy.registerService(NamingProxy.java:246)
	at com.alibaba.nacos.client.naming.NacosNamingService.registerInstance(NacosNamingService.java:212)
	at com.alibaba.cloud.nacos.registry.NacosServiceRegistry.register(NacosServiceRegistry.java:74)
	... 28 common frames omitted
[2023-12-14 20:27:42.685] [Thread-65] WARN  c.a.nacos.common.notify.NotifyCenter : [NotifyCenter] Start destroying Publisher
[2023-12-14 20:27:42.685] [Thread-7] WARN  c.a.n.c.http.HttpClientBeanHolder : [HttpClientBeanHolder] Start destroying common HttpClient
[2023-12-14 20:27:42.687] [Thread-65] WARN  c.a.nacos.common.notify.NotifyCenter : [NotifyCenter] Destruction of the end
[2023-12-14 20:27:42.689] [Thread-7] WARN  c.a.n.c.http.HttpClientBeanHolder : [HttpClientBeanHolder] Destruction of the end
[2023-12-14 20:33:44.686] [background-preinit] INFO  o.h.validator.internal.util.Version : HV000001: Hibernate Validator 6.2.0.Final
[2023-12-14 20:33:47.712] [main] WARN  c.a.c.n.c.NacosPropertySourceBuilder : Ignore the empty nacos configuration and get it based on dataId[xfs-gateway] & group[DEFAULT_GROUP]
[2023-12-14 20:33:47.723] [main] WARN  c.a.c.n.c.NacosPropertySourceBuilder : Ignore the empty nacos configuration and get it based on dataId[xfs-gateway.yaml] & group[DEFAULT_GROUP]
[2023-12-14 20:33:47.755] [main] INFO  o.s.c.b.c.PropertySourceBootstrapConfiguration : Located property source: [BootstrapPropertySource {name='bootstrapProperties-xfs-gateway-dev.yaml,DEFAULT_GROUP'}, BootstrapPropertySource {name='bootstrapProperties-xfs-gateway.yaml,DEFAULT_GROUP'}, BootstrapPropertySource {name='bootstrapProperties-xfs-gateway,DEFAULT_GROUP'}, BootstrapPropertySource {name='bootstrapProperties-redis.yaml,DEFAULT_GROUP'}, BootstrapPropertySource {name='bootstrapProperties-jwt.yaml,DEFAULT_GROUP'}]
[2023-12-14 20:33:47.767] [main] INFO  c.yyh.xfs.gateway.GatewayApplication : The following profiles are active: dev
[2023-12-14 20:33:48.900] [main] INFO  o.s.d.r.c.RepositoryConfigurationDelegate : Multiple Spring Data modules found, entering strict repository configuration mode!
[2023-12-14 20:33:48.904] [main] INFO  o.s.d.r.c.RepositoryConfigurationDelegate : Bootstrapping Spring Data Redis repositories in DEFAULT mode.
[2023-12-14 20:33:48.945] [main] INFO  o.s.d.r.c.RepositoryConfigurationDelegate : Finished Spring Data repository scanning in 13 ms. Found 0 Redis repository interfaces.
[2023-12-14 20:33:49.289] [main] INFO  o.s.cloud.context.scope.GenericScope : BeanFactory id=75676e79-8f1d-33b4-bb3c-493b322b265d
[2023-12-14 20:33:49.384] [main] INFO  o.s.c.s.PostProcessorRegistrationDelegate$BeanPostProcessorChecker : Bean 'org.springframework.cloud.client.loadbalancer.reactive.LoadBalancerBeanPostProcessorAutoConfiguration' of type [org.springframework.cloud.client.loadbalancer.reactive.LoadBalancerBeanPostProcessorAutoConfiguration] is not eligible for getting processed by all BeanPostProcessors (for example: not eligible for auto-proxying)
[2023-12-14 20:33:49.385] [main] INFO  o.s.c.s.PostProcessorRegistrationDelegate$BeanPostProcessorChecker : Bean 'org.springframework.cloud.client.loadbalancer.reactive.LoadBalancerBeanPostProcessorAutoConfiguration$ReactorDeferringLoadBalancerFilterConfig' of type [org.springframework.cloud.client.loadbalancer.reactive.LoadBalancerBeanPostProcessorAutoConfiguration$ReactorDeferringLoadBalancerFilterConfig] is not eligible for getting processed by all BeanPostProcessors (for example: not eligible for auto-proxying)
[2023-12-14 20:33:49.388] [main] INFO  o.s.c.s.PostProcessorRegistrationDelegate$BeanPostProcessorChecker : Bean 'reactorDeferringLoadBalancerExchangeFilterFunction' of type [org.springframework.cloud.client.loadbalancer.reactive.DeferringLoadBalancerExchangeFilterFunction] is not eligible for getting processed by all BeanPostProcessors (for example: not eligible for auto-proxying)
[2023-12-14 20:33:53.600] [main] INFO  o.s.cloud.commons.util.InetUtils : Cannot determine local hostname
[2023-12-14 20:33:55.383] [main] INFO  o.s.c.g.r.RouteDefinitionRouteLocator : Loaded RoutePredicateFactory [After]
[2023-12-14 20:33:55.384] [main] INFO  o.s.c.g.r.RouteDefinitionRouteLocator : Loaded RoutePredicateFactory [Before]
[2023-12-14 20:33:55.384] [main] INFO  o.s.c.g.r.RouteDefinitionRouteLocator : Loaded RoutePredicateFactory [Between]
[2023-12-14 20:33:55.384] [main] INFO  o.s.c.g.r.RouteDefinitionRouteLocator : Loaded RoutePredicateFactory [Cookie]
[2023-12-14 20:33:55.385] [main] INFO  o.s.c.g.r.RouteDefinitionRouteLocator : Loaded RoutePredicateFactory [Header]
[2023-12-14 20:33:55.385] [main] INFO  o.s.c.g.r.RouteDefinitionRouteLocator : Loaded RoutePredicateFactory [Host]
[2023-12-14 20:33:55.385] [main] INFO  o.s.c.g.r.RouteDefinitionRouteLocator : Loaded RoutePredicateFactory [Method]
[2023-12-14 20:33:55.385] [main] INFO  o.s.c.g.r.RouteDefinitionRouteLocator : Loaded RoutePredicateFactory [Path]
[2023-12-14 20:33:55.385] [main] INFO  o.s.c.g.r.RouteDefinitionRouteLocator : Loaded RoutePredicateFactory [Query]
[2023-12-14 20:33:55.385] [main] INFO  o.s.c.g.r.RouteDefinitionRouteLocator : Loaded RoutePredicateFactory [ReadBody]
[2023-12-14 20:33:55.385] [main] INFO  o.s.c.g.r.RouteDefinitionRouteLocator : Loaded RoutePredicateFactory [RemoteAddr]
[2023-12-14 20:33:55.385] [main] INFO  o.s.c.g.r.RouteDefinitionRouteLocator : Loaded RoutePredicateFactory [XForwardedRemoteAddr]
[2023-12-14 20:33:55.386] [main] INFO  o.s.c.g.r.RouteDefinitionRouteLocator : Loaded RoutePredicateFactory [Weight]
[2023-12-14 20:33:55.386] [main] INFO  o.s.c.g.r.RouteDefinitionRouteLocator : Loaded RoutePredicateFactory [CloudFoundryRouteService]
[2023-12-14 20:33:56.836] [main] WARN  o.s.c.l.c.LoadBalancerCacheAutoConfiguration$LoadBalancerCaffeineWarnLogger : Spring Cloud LoadBalancer is currently working with the default cache. While this cache implementation is useful for development and tests, it's recommended to use Caffeine cache in production.You can switch to using Caffeine cache, by adding it and org.springframework.cache.caffeine.CaffeineCacheManager to the classpath.
[2023-12-14 20:33:57.989] [main] INFO  o.s.b.w.e.netty.NettyWebServer : Netty started on port 9000
[2023-12-14 20:33:59.955] [main] INFO  c.a.c.n.r.NacosServiceRegistry : nacos registry, DEFAULT_GROUP xfs-gateway 192.168.229.1:9000 register finished
[2023-12-14 20:33:59.987] [main] INFO  c.yyh.xfs.gateway.GatewayApplication : Started GatewayApplication in 18.332 seconds (JVM running for 20.564)
[2023-12-14 20:33:59.997] [main] INFO  c.a.c.n.r.NacosContextRefresher : listening config: dataId=xfs-gateway, group=DEFAULT_GROUP
[2023-12-14 20:33:59.999] [main] INFO  c.a.c.n.r.NacosContextRefresher : listening config: dataId=xfs-gateway.yaml, group=DEFAULT_GROUP
[2023-12-14 20:34:00.002] [main] INFO  c.a.c.n.r.NacosContextRefresher : listening config: dataId=xfs-gateway-dev.yaml, group=DEFAULT_GROUP
[2023-12-14 20:45:22.085] [Thread-9] WARN  c.a.n.c.http.HttpClientBeanHolder : [HttpClientBeanHolder] Start destroying common HttpClient
[2023-12-14 20:45:22.085] [Thread-44] WARN  c.a.nacos.common.notify.NotifyCenter : [NotifyCenter] Start destroying Publisher
[2023-12-14 20:45:22.087] [Thread-44] WARN  c.a.nacos.common.notify.NotifyCenter : [NotifyCenter] Destruction of the end
[2023-12-14 20:45:22.088] [Thread-9] WARN  c.a.n.c.http.HttpClientBeanHolder : [HttpClientBeanHolder] Destruction of the end
[2023-12-14 20:45:22.100] [SpringApplicationShutdownHook] INFO  c.a.c.n.r.NacosServiceRegistry : De-registering from Nacos Server now...
[2023-12-14 20:45:22.134] [SpringApplicationShutdownHook] INFO  c.a.c.n.r.NacosServiceRegistry : De-registration finished.
[2023-12-14 20:45:49.016] [background-preinit] INFO  o.h.validator.internal.util.Version : HV000001: Hibernate Validator 6.2.0.Final
[2023-12-14 20:45:51.687] [main] WARN  c.a.c.n.c.NacosPropertySourceBuilder : Ignore the empty nacos configuration and get it based on dataId[xfs-gateway] & group[DEFAULT_GROUP]
[2023-12-14 20:45:51.697] [main] WARN  c.a.c.n.c.NacosPropertySourceBuilder : Ignore the empty nacos configuration and get it based on dataId[xfs-gateway.yaml] & group[DEFAULT_GROUP]
[2023-12-14 20:45:51.723] [main] INFO  o.s.c.b.c.PropertySourceBootstrapConfiguration : Located property source: [BootstrapPropertySource {name='bootstrapProperties-xfs-gateway-dev.yaml,DEFAULT_GROUP'}, BootstrapPropertySource {name='bootstrapProperties-xfs-gateway.yaml,DEFAULT_GROUP'}, BootstrapPropertySource {name='bootstrapProperties-xfs-gateway,DEFAULT_GROUP'}, BootstrapPropertySource {name='bootstrapProperties-redis.yaml,DEFAULT_GROUP'}, BootstrapPropertySource {name='bootstrapProperties-jwt.yaml,DEFAULT_GROUP'}]
[2023-12-14 20:45:51.734] [main] INFO  c.yyh.xfs.gateway.GatewayApplication : The following profiles are active: dev
[2023-12-14 20:45:52.779] [main] INFO  o.s.d.r.c.RepositoryConfigurationDelegate : Multiple Spring Data modules found, entering strict repository configuration mode!
[2023-12-14 20:45:52.783] [main] INFO  o.s.d.r.c.RepositoryConfigurationDelegate : Bootstrapping Spring Data Redis repositories in DEFAULT mode.
[2023-12-14 20:45:52.819] [main] INFO  o.s.d.r.c.RepositoryConfigurationDelegate : Finished Spring Data repository scanning in 11 ms. Found 0 Redis repository interfaces.
[2023-12-14 20:45:53.150] [main] INFO  o.s.cloud.context.scope.GenericScope : BeanFactory id=75676e79-8f1d-33b4-bb3c-493b322b265d
[2023-12-14 20:45:53.254] [main] INFO  o.s.c.s.PostProcessorRegistrationDelegate$BeanPostProcessorChecker : Bean 'org.springframework.cloud.client.loadbalancer.reactive.LoadBalancerBeanPostProcessorAutoConfiguration' of type [org.springframework.cloud.client.loadbalancer.reactive.LoadBalancerBeanPostProcessorAutoConfiguration] is not eligible for getting processed by all BeanPostProcessors (for example: not eligible for auto-proxying)
[2023-12-14 20:45:53.257] [main] INFO  o.s.c.s.PostProcessorRegistrationDelegate$BeanPostProcessorChecker : Bean 'org.springframework.cloud.client.loadbalancer.reactive.LoadBalancerBeanPostProcessorAutoConfiguration$ReactorDeferringLoadBalancerFilterConfig' of type [org.springframework.cloud.client.loadbalancer.reactive.LoadBalancerBeanPostProcessorAutoConfiguration$ReactorDeferringLoadBalancerFilterConfig] is not eligible for getting processed by all BeanPostProcessors (for example: not eligible for auto-proxying)
[2023-12-14 20:45:53.259] [main] INFO  o.s.c.s.PostProcessorRegistrationDelegate$BeanPostProcessorChecker : Bean 'reactorDeferringLoadBalancerExchangeFilterFunction' of type [org.springframework.cloud.client.loadbalancer.reactive.DeferringLoadBalancerExchangeFilterFunction] is not eligible for getting processed by all BeanPostProcessors (for example: not eligible for auto-proxying)
[2023-12-14 20:45:57.171] [main] INFO  o.s.cloud.commons.util.InetUtils : Cannot determine local hostname
[2023-12-14 20:45:59.019] [main] INFO  o.s.cloud.commons.util.InetUtils : Cannot determine local hostname
[2023-12-14 20:45:59.811] [main] INFO  o.s.c.g.r.RouteDefinitionRouteLocator : Loaded RoutePredicateFactory [After]
[2023-12-14 20:45:59.812] [main] INFO  o.s.c.g.r.RouteDefinitionRouteLocator : Loaded RoutePredicateFactory [Before]
[2023-12-14 20:45:59.812] [main] INFO  o.s.c.g.r.RouteDefinitionRouteLocator : Loaded RoutePredicateFactory [Between]
[2023-12-14 20:45:59.812] [main] INFO  o.s.c.g.r.RouteDefinitionRouteLocator : Loaded RoutePredicateFactory [Cookie]
[2023-12-14 20:45:59.813] [main] INFO  o.s.c.g.r.RouteDefinitionRouteLocator : Loaded RoutePredicateFactory [Header]
[2023-12-14 20:45:59.813] [main] INFO  o.s.c.g.r.RouteDefinitionRouteLocator : Loaded RoutePredicateFactory [Host]
[2023-12-14 20:45:59.813] [main] INFO  o.s.c.g.r.RouteDefinitionRouteLocator : Loaded RoutePredicateFactory [Method]
[2023-12-14 20:45:59.814] [main] INFO  o.s.c.g.r.RouteDefinitionRouteLocator : Loaded RoutePredicateFactory [Path]
[2023-12-14 20:45:59.814] [main] INFO  o.s.c.g.r.RouteDefinitionRouteLocator : Loaded RoutePredicateFactory [Query]
[2023-12-14 20:45:59.814] [main] INFO  o.s.c.g.r.RouteDefinitionRouteLocator : Loaded RoutePredicateFactory [ReadBody]
[2023-12-14 20:45:59.814] [main] INFO  o.s.c.g.r.RouteDefinitionRouteLocator : Loaded RoutePredicateFactory [RemoteAddr]
[2023-12-14 20:45:59.814] [main] INFO  o.s.c.g.r.RouteDefinitionRouteLocator : Loaded RoutePredicateFactory [XForwardedRemoteAddr]
[2023-12-14 20:45:59.814] [main] INFO  o.s.c.g.r.RouteDefinitionRouteLocator : Loaded RoutePredicateFactory [Weight]
[2023-12-14 20:45:59.815] [main] INFO  o.s.c.g.r.RouteDefinitionRouteLocator : Loaded RoutePredicateFactory [CloudFoundryRouteService]
[2023-12-14 20:46:01.241] [main] WARN  o.s.c.l.c.LoadBalancerCacheAutoConfiguration$LoadBalancerCaffeineWarnLogger : Spring Cloud LoadBalancer is currently working with the default cache. While this cache implementation is useful for development and tests, it's recommended to use Caffeine cache in production.You can switch to using Caffeine cache, by adding it and org.springframework.cache.caffeine.CaffeineCacheManager to the classpath.
[2023-12-14 20:46:02.319] [main] INFO  o.s.b.w.e.netty.NettyWebServer : Netty started on port 9000
[2023-12-14 20:46:03.930] [main] INFO  c.a.c.n.r.NacosServiceRegistry : nacos registry, DEFAULT_GROUP xfs-gateway 192.168.229.1:9000 register finished
[2023-12-14 20:46:03.962] [main] INFO  c.yyh.xfs.gateway.GatewayApplication : Started GatewayApplication in 17.793 seconds (JVM running for 19.907)
[2023-12-14 20:46:03.972] [main] INFO  c.a.c.n.r.NacosContextRefresher : listening config: dataId=xfs-gateway, group=DEFAULT_GROUP
[2023-12-14 20:46:03.974] [main] INFO  c.a.c.n.r.NacosContextRefresher : listening config: dataId=xfs-gateway.yaml, group=DEFAULT_GROUP
[2023-12-14 20:46:03.977] [main] INFO  c.a.c.n.r.NacosContextRefresher : listening config: dataId=xfs-gateway-dev.yaml, group=DEFAULT_GROUP
[2023-12-14 21:14:07.652] [background-preinit] INFO  o.h.validator.internal.util.Version : HV000001: Hibernate Validator 6.2.0.Final
[2023-12-14 21:14:09.780] [main] WARN  c.a.c.n.c.NacosPropertySourceBuilder : Ignore the empty nacos configuration and get it based on dataId[xfs-gateway] & group[DEFAULT_GROUP]
[2023-12-14 21:14:09.789] [main] WARN  c.a.c.n.c.NacosPropertySourceBuilder : Ignore the empty nacos configuration and get it based on dataId[xfs-gateway.yaml] & group[DEFAULT_GROUP]
[2023-12-14 21:14:09.805] [main] INFO  o.s.c.b.c.PropertySourceBootstrapConfiguration : Located property source: [BootstrapPropertySource {name='bootstrapProperties-xfs-gateway-dev.yaml,DEFAULT_GROUP'}, BootstrapPropertySource {name='bootstrapProperties-xfs-gateway.yaml,DEFAULT_GROUP'}, BootstrapPropertySource {name='bootstrapProperties-xfs-gateway,DEFAULT_GROUP'}, BootstrapPropertySource {name='bootstrapProperties-redis.yaml,DEFAULT_GROUP'}, BootstrapPropertySource {name='bootstrapProperties-jwt.yaml,DEFAULT_GROUP'}]
[2023-12-14 21:14:09.810] [main] INFO  c.yyh.xfs.gateway.GatewayApplication : The following profiles are active: dev
[2023-12-14 21:14:10.437] [main] INFO  o.s.d.r.c.RepositoryConfigurationDelegate : Multiple Spring Data modules found, entering strict repository configuration mode!
[2023-12-14 21:14:10.440] [main] INFO  o.s.d.r.c.RepositoryConfigurationDelegate : Bootstrapping Spring Data Redis repositories in DEFAULT mode.
[2023-12-14 21:14:10.458] [main] INFO  o.s.d.r.c.RepositoryConfigurationDelegate : Finished Spring Data repository scanning in 6 ms. Found 0 Redis repository interfaces.
[2023-12-14 21:14:10.623] [main] INFO  o.s.cloud.context.scope.GenericScope : BeanFactory id=75676e79-8f1d-33b4-bb3c-493b322b265d
[2023-12-14 21:14:10.671] [main] INFO  o.s.c.s.PostProcessorRegistrationDelegate$BeanPostProcessorChecker : Bean 'org.springframework.cloud.client.loadbalancer.reactive.LoadBalancerBeanPostProcessorAutoConfiguration' of type [org.springframework.cloud.client.loadbalancer.reactive.LoadBalancerBeanPostProcessorAutoConfiguration] is not eligible for getting processed by all BeanPostProcessors (for example: not eligible for auto-proxying)
[2023-12-14 21:14:10.673] [main] INFO  o.s.c.s.PostProcessorRegistrationDelegate$BeanPostProcessorChecker : Bean 'org.springframework.cloud.client.loadbalancer.reactive.LoadBalancerBeanPostProcessorAutoConfiguration$ReactorDeferringLoadBalancerFilterConfig' of type [org.springframework.cloud.client.loadbalancer.reactive.LoadBalancerBeanPostProcessorAutoConfiguration$ReactorDeferringLoadBalancerFilterConfig] is not eligible for getting processed by all BeanPostProcessors (for example: not eligible for auto-proxying)
[2023-12-14 21:14:10.674] [main] INFO  o.s.c.s.PostProcessorRegistrationDelegate$BeanPostProcessorChecker : Bean 'reactorDeferringLoadBalancerExchangeFilterFunction' of type [org.springframework.cloud.client.loadbalancer.reactive.DeferringLoadBalancerExchangeFilterFunction] is not eligible for getting processed by all BeanPostProcessors (for example: not eligible for auto-proxying)
[2023-12-14 21:14:12.980] [main] INFO  o.s.cloud.commons.util.InetUtils : Cannot determine local hostname
[2023-12-14 21:14:14.821] [main] INFO  o.s.cloud.commons.util.InetUtils : Cannot determine local hostname
[2023-12-14 21:14:15.269] [main] INFO  o.s.c.g.r.RouteDefinitionRouteLocator : Loaded RoutePredicateFactory [After]
[2023-12-14 21:14:15.269] [main] INFO  o.s.c.g.r.RouteDefinitionRouteLocator : Loaded RoutePredicateFactory [Before]
[2023-12-14 21:14:15.270] [main] INFO  o.s.c.g.r.RouteDefinitionRouteLocator : Loaded RoutePredicateFactory [Between]
[2023-12-14 21:14:15.270] [main] INFO  o.s.c.g.r.RouteDefinitionRouteLocator : Loaded RoutePredicateFactory [Cookie]
[2023-12-14 21:14:15.270] [main] INFO  o.s.c.g.r.RouteDefinitionRouteLocator : Loaded RoutePredicateFactory [Header]
[2023-12-14 21:14:15.270] [main] INFO  o.s.c.g.r.RouteDefinitionRouteLocator : Loaded RoutePredicateFactory [Host]
[2023-12-14 21:14:15.270] [main] INFO  o.s.c.g.r.RouteDefinitionRouteLocator : Loaded RoutePredicateFactory [Method]
[2023-12-14 21:14:15.270] [main] INFO  o.s.c.g.r.RouteDefinitionRouteLocator : Loaded RoutePredicateFactory [Path]
[2023-12-14 21:14:15.271] [main] INFO  o.s.c.g.r.RouteDefinitionRouteLocator : Loaded RoutePredicateFactory [Query]
[2023-12-14 21:14:15.271] [main] INFO  o.s.c.g.r.RouteDefinitionRouteLocator : Loaded RoutePredicateFactory [ReadBody]
[2023-12-14 21:14:15.271] [main] INFO  o.s.c.g.r.RouteDefinitionRouteLocator : Loaded RoutePredicateFactory [RemoteAddr]
[2023-12-14 21:14:15.271] [main] INFO  o.s.c.g.r.RouteDefinitionRouteLocator : Loaded RoutePredicateFactory [XForwardedRemoteAddr]
[2023-12-14 21:14:15.271] [main] INFO  o.s.c.g.r.RouteDefinitionRouteLocator : Loaded RoutePredicateFactory [Weight]
[2023-12-14 21:14:15.271] [main] INFO  o.s.c.g.r.RouteDefinitionRouteLocator : Loaded RoutePredicateFactory [CloudFoundryRouteService]
[2023-12-14 21:14:16.918] [main] INFO  o.s.cloud.commons.util.InetUtils : Cannot determine local hostname
[2023-12-14 21:14:17.077] [main] WARN  o.s.c.l.c.LoadBalancerCacheAutoConfiguration$LoadBalancerCaffeineWarnLogger : Spring Cloud LoadBalancer is currently working with the default cache. While this cache implementation is useful for development and tests, it's recommended to use Caffeine cache in production.You can switch to using Caffeine cache, by adding it and org.springframework.cache.caffeine.CaffeineCacheManager to the classpath.
[2023-12-14 21:14:18.210] [main] INFO  o.s.b.w.e.netty.NettyWebServer : Netty started on port 9000
[2023-12-14 21:14:18.976] [main] INFO  c.a.c.n.r.NacosServiceRegistry : nacos registry, DEFAULT_GROUP xfs-gateway 192.168.229.1:9000 register finished
[2023-12-14 21:14:18.990] [main] INFO  c.yyh.xfs.gateway.GatewayApplication : Started GatewayApplication in 13.569 seconds (JVM running for 14.683)
[2023-12-14 21:14:18.995] [main] INFO  c.a.c.n.r.NacosContextRefresher : listening config: dataId=xfs-gateway, group=DEFAULT_GROUP
[2023-12-14 21:14:18.996] [main] INFO  c.a.c.n.r.NacosContextRefresher : listening config: dataId=xfs-gateway.yaml, group=DEFAULT_GROUP
[2023-12-14 21:14:18.996] [main] INFO  c.a.c.n.r.NacosContextRefresher : listening config: dataId=xfs-gateway-dev.yaml, group=DEFAULT_GROUP
[2023-12-14 22:04:14.612] [Thread-37] WARN  c.a.nacos.common.notify.NotifyCenter : [NotifyCenter] Start destroying Publisher
[2023-12-14 22:04:14.614] [Thread-7] WARN  c.a.n.c.http.HttpClientBeanHolder : [HttpClientBeanHolder] Start destroying common HttpClient
[2023-12-14 22:04:14.620] [Thread-37] WARN  c.a.nacos.common.notify.NotifyCenter : [NotifyCenter] Destruction of the end
[2023-12-14 22:04:14.625] [Thread-7] WARN  c.a.n.c.http.HttpClientBeanHolder : [HttpClientBeanHolder] Destruction of the end
[2023-12-14 22:04:14.684] [SpringApplicationShutdownHook] INFO  c.a.c.n.r.NacosServiceRegistry : De-registering from Nacos Server now...
[2023-12-14 22:04:14.696] [SpringApplicationShutdownHook] INFO  c.a.c.n.r.NacosServiceRegistry : De-registration finished.
