[2023-12-12 00:44:41.792] [com.alibaba.nacos.client.Worker.longPolling.fixed-192.168.124.100_8848-54c5b22b-7b63-4073-9a77-f07142769f1f] INFO  o.s.cloud.commons.util.InetUtils : Cannot determine local hostname
[2023-12-12 00:44:42.038] [com.alibaba.nacos.client.Worker.longPolling.fixed-192.168.124.100_8848-54c5b22b-7b63-4073-9a77-f07142769f1f] WARN  c.a.c.n.c.NacosPropertySourceBuilder : Ignore the empty nacos configuration and get it based on dataId[xfs-gateway] & group[DEFAULT_GROUP]
[2023-12-12 00:44:42.043] [com.alibaba.nacos.client.Worker.longPolling.fixed-192.168.124.100_8848-54c5b22b-7b63-4073-9a77-f07142769f1f] WARN  c.a.c.n.c.NacosPropertySourceBuilder : Ignore the empty nacos configuration and get it based on dataId[xfs-gateway.yaml] & group[DEFAULT_GROUP]
[2023-12-12 00:44:42.055] [com.alibaba.nacos.client.Worker.longPolling.fixed-192.168.124.100_8848-54c5b22b-7b63-4073-9a77-f07142769f1f] INFO  o.s.c.b.c.PropertySourceBootstrapConfiguration : Located property source: [BootstrapPropertySource {name='bootstrapProperties-xfs-gateway-dev.yaml,DEFAULT_GROUP'}, BootstrapPropertySource {name='bootstrapProperties-xfs-gateway.yaml,DEFAULT_GROUP'}, BootstrapPropertySource {name='bootstrapProperties-xfs-gateway,DEFAULT_GROUP'}, BootstrapPropertySource {name='bootstrapProperties-redis.yaml,DEFAULT_GROUP'}, BootstrapPropertySource {name='bootstrapProperties-jwt.yaml,DEFAULT_GROUP'}]
[2023-12-12 00:44:42.060] [com.alibaba.nacos.client.Worker.longPolling.fixed-192.168.124.100_8848-54c5b22b-7b63-4073-9a77-f07142769f1f] INFO  o.s.boot.SpringApplication : The following profiles are active: dev
[2023-12-12 00:44:42.090] [com.alibaba.nacos.client.Worker.longPolling.fixed-192.168.124.100_8848-54c5b22b-7b63-4073-9a77-f07142769f1f] INFO  o.s.boot.SpringApplication : Started application in 1.961 seconds (JVM running for 5743.801)
[2023-12-12 00:44:42.277] [com.alibaba.nacos.client.Worker.longPolling.fixed-192.168.124.100_8848-54c5b22b-7b63-4073-9a77-f07142769f1f] INFO  o.s.c.e.event.RefreshEventListener : Refresh keys changed: [spring.cloud.gateway.routes[2].uri, spring.cloud.client.hostname, spring.cloud.gateway.routes[2].id, spring.cloud.gateway.routes[2].predicates[0]]
[2023-12-12 00:44:46.279] [Thread-27] WARN  c.a.nacos.common.notify.NotifyCenter : [NotifyCenter] Start destroying Publisher
[2023-12-12 00:44:46.279] [Thread-4] WARN  c.a.n.c.http.HttpClientBeanHolder : [HttpClientBeanHolder] Start destroying common HttpClient
[2023-12-12 00:44:46.283] [Thread-27] WARN  c.a.nacos.common.notify.NotifyCenter : [NotifyCenter] Destruction of the end
[2023-12-12 00:44:46.297] [Thread-4] WARN  c.a.n.c.http.HttpClientBeanHolder : [HttpClientBeanHolder] Destruction of the end
[2023-12-12 00:44:46.425] [SpringApplicationShutdownHook] INFO  c.a.c.n.r.NacosServiceRegistry : De-registering from Nacos Server now...
[2023-12-12 00:44:46.431] [SpringApplicationShutdownHook] INFO  c.a.c.n.r.NacosServiceRegistry : De-registration finished.
[2023-12-12 00:45:06.693] [background-preinit] INFO  o.h.validator.internal.util.Version : HV000001: Hibernate Validator 6.2.0.Final
[2023-12-12 00:45:09.105] [main] WARN  c.a.c.n.c.NacosPropertySourceBuilder : Ignore the empty nacos configuration and get it based on dataId[xfs-gateway] & group[DEFAULT_GROUP]
[2023-12-12 00:45:09.109] [main] WARN  c.a.c.n.c.NacosPropertySourceBuilder : Ignore the empty nacos configuration and get it based on dataId[xfs-gateway.yaml] & group[DEFAULT_GROUP]
[2023-12-12 00:45:09.125] [main] INFO  o.s.c.b.c.PropertySourceBootstrapConfiguration : Located property source: [BootstrapPropertySource {name='bootstrapProperties-xfs-gateway-dev.yaml,DEFAULT_GROUP'}, BootstrapPropertySource {name='bootstrapProperties-xfs-gateway.yaml,DEFAULT_GROUP'}, BootstrapPropertySource {name='bootstrapProperties-xfs-gateway,DEFAULT_GROUP'}, BootstrapPropertySource {name='bootstrapProperties-redis.yaml,DEFAULT_GROUP'}, BootstrapPropertySource {name='bootstrapProperties-jwt.yaml,DEFAULT_GROUP'}]
[2023-12-12 00:45:09.133] [main] INFO  c.yyh.xfs.gateway.GatewayApplication : The following profiles are active: dev
[2023-12-12 00:45:09.859] [main] INFO  o.s.d.r.c.RepositoryConfigurationDelegate : Multiple Spring Data modules found, entering strict repository configuration mode!
[2023-12-12 00:45:09.861] [main] INFO  o.s.d.r.c.RepositoryConfigurationDelegate : Bootstrapping Spring Data Redis repositories in DEFAULT mode.
[2023-12-12 00:45:09.889] [main] INFO  o.s.d.r.c.RepositoryConfigurationDelegate : Finished Spring Data repository scanning in 9 ms. Found 0 Redis repository interfaces.
[2023-12-12 00:45:10.122] [main] INFO  o.s.cloud.context.scope.GenericScope : BeanFactory id=75676e79-8f1d-33b4-bb3c-493b322b265d
[2023-12-12 00:45:10.203] [main] INFO  o.s.c.s.PostProcessorRegistrationDelegate$BeanPostProcessorChecker : Bean 'org.springframework.cloud.client.loadbalancer.reactive.LoadBalancerBeanPostProcessorAutoConfiguration' of type [org.springframework.cloud.client.loadbalancer.reactive.LoadBalancerBeanPostProcessorAutoConfiguration] is not eligible for getting processed by all BeanPostProcessors (for example: not eligible for auto-proxying)
[2023-12-12 00:45:10.205] [main] INFO  o.s.c.s.PostProcessorRegistrationDelegate$BeanPostProcessorChecker : Bean 'org.springframework.cloud.client.loadbalancer.reactive.LoadBalancerBeanPostProcessorAutoConfiguration$ReactorDeferringLoadBalancerFilterConfig' of type [org.springframework.cloud.client.loadbalancer.reactive.LoadBalancerBeanPostProcessorAutoConfiguration$ReactorDeferringLoadBalancerFilterConfig] is not eligible for getting processed by all BeanPostProcessors (for example: not eligible for auto-proxying)
[2023-12-12 00:45:10.206] [main] INFO  o.s.c.s.PostProcessorRegistrationDelegate$BeanPostProcessorChecker : Bean 'reactorDeferringLoadBalancerExchangeFilterFunction' of type [org.springframework.cloud.client.loadbalancer.reactive.DeferringLoadBalancerExchangeFilterFunction] is not eligible for getting processed by all BeanPostProcessors (for example: not eligible for auto-proxying)
[2023-12-12 00:45:13.053] [main] INFO  o.s.cloud.commons.util.InetUtils : Cannot determine local hostname
[2023-12-12 00:45:14.718] [main] INFO  o.s.cloud.commons.util.InetUtils : Cannot determine local hostname
[2023-12-12 00:45:15.174] [main] INFO  o.s.c.g.r.RouteDefinitionRouteLocator : Loaded RoutePredicateFactory [After]
[2023-12-12 00:45:15.174] [main] INFO  o.s.c.g.r.RouteDefinitionRouteLocator : Loaded RoutePredicateFactory [Before]
[2023-12-12 00:45:15.174] [main] INFO  o.s.c.g.r.RouteDefinitionRouteLocator : Loaded RoutePredicateFactory [Between]
[2023-12-12 00:45:15.174] [main] INFO  o.s.c.g.r.RouteDefinitionRouteLocator : Loaded RoutePredicateFactory [Cookie]
[2023-12-12 00:45:15.175] [main] INFO  o.s.c.g.r.RouteDefinitionRouteLocator : Loaded RoutePredicateFactory [Header]
[2023-12-12 00:45:15.175] [main] INFO  o.s.c.g.r.RouteDefinitionRouteLocator : Loaded RoutePredicateFactory [Host]
[2023-12-12 00:45:15.175] [main] INFO  o.s.c.g.r.RouteDefinitionRouteLocator : Loaded RoutePredicateFactory [Method]
[2023-12-12 00:45:15.175] [main] INFO  o.s.c.g.r.RouteDefinitionRouteLocator : Loaded RoutePredicateFactory [Path]
[2023-12-12 00:45:15.176] [main] INFO  o.s.c.g.r.RouteDefinitionRouteLocator : Loaded RoutePredicateFactory [Query]
[2023-12-12 00:45:15.176] [main] INFO  o.s.c.g.r.RouteDefinitionRouteLocator : Loaded RoutePredicateFactory [ReadBody]
[2023-12-12 00:45:15.176] [main] INFO  o.s.c.g.r.RouteDefinitionRouteLocator : Loaded RoutePredicateFactory [RemoteAddr]
[2023-12-12 00:45:15.176] [main] INFO  o.s.c.g.r.RouteDefinitionRouteLocator : Loaded RoutePredicateFactory [XForwardedRemoteAddr]
[2023-12-12 00:45:15.176] [main] INFO  o.s.c.g.r.RouteDefinitionRouteLocator : Loaded RoutePredicateFactory [Weight]
[2023-12-12 00:45:15.176] [main] INFO  o.s.c.g.r.RouteDefinitionRouteLocator : Loaded RoutePredicateFactory [CloudFoundryRouteService]
[2023-12-12 00:45:17.097] [main] INFO  o.s.cloud.commons.util.InetUtils : Cannot determine local hostname
[2023-12-12 00:45:17.274] [main] WARN  o.s.c.l.c.LoadBalancerCacheAutoConfiguration$LoadBalancerCaffeineWarnLogger : Spring Cloud LoadBalancer is currently working with the default cache. While this cache implementation is useful for development and tests, it's recommended to use Caffeine cache in production.You can switch to using Caffeine cache, by adding it and org.springframework.cache.caffeine.CaffeineCacheManager to the classpath.
[2023-12-12 00:45:18.160] [main] INFO  o.s.b.w.e.netty.NettyWebServer : Netty started on port 9000
[2023-12-12 00:45:19.815] [main] INFO  o.s.cloud.commons.util.InetUtils : Cannot determine local hostname
[2023-12-12 00:45:21.483] [main] INFO  o.s.cloud.commons.util.InetUtils : Cannot determine local hostname
[2023-12-12 00:45:21.500] [main] INFO  c.a.c.n.r.NacosServiceRegistry : nacos registry, DEFAULT_GROUP xfs-gateway 192.168.229.1:9000 register finished
[2023-12-12 00:45:21.523] [main] INFO  c.yyh.xfs.gateway.GatewayApplication : Started GatewayApplication in 17.487 seconds (JVM running for 19.1)
[2023-12-12 00:45:21.534] [main] INFO  c.a.c.n.r.NacosContextRefresher : listening config: dataId=xfs-gateway, group=DEFAULT_GROUP
[2023-12-12 00:45:21.535] [main] INFO  c.a.c.n.r.NacosContextRefresher : listening config: dataId=xfs-gateway.yaml, group=DEFAULT_GROUP
[2023-12-12 00:45:21.537] [main] INFO  c.a.c.n.r.NacosContextRefresher : listening config: dataId=xfs-gateway-dev.yaml, group=DEFAULT_GROUP
[2023-12-12 00:46:52.331] [Thread-39] WARN  c.a.nacos.common.notify.NotifyCenter : [NotifyCenter] Start destroying Publisher
[2023-12-12 00:46:52.333] [Thread-39] WARN  c.a.nacos.common.notify.NotifyCenter : [NotifyCenter] Destruction of the end
[2023-12-12 00:46:52.332] [Thread-7] WARN  c.a.n.c.http.HttpClientBeanHolder : [HttpClientBeanHolder] Start destroying common HttpClient
[2023-12-12 00:46:52.334] [Thread-7] WARN  c.a.n.c.http.HttpClientBeanHolder : [HttpClientBeanHolder] Destruction of the end
[2023-12-12 00:46:52.349] [SpringApplicationShutdownHook] INFO  c.a.c.n.r.NacosServiceRegistry : De-registering from Nacos Server now...
[2023-12-12 00:46:52.363] [SpringApplicationShutdownHook] INFO  c.a.c.n.r.NacosServiceRegistry : De-registration finished.
[2023-12-12 00:47:14.749] [background-preinit] INFO  o.h.validator.internal.util.Version : HV000001: Hibernate Validator 6.2.0.Final
[2023-12-12 00:47:16.999] [main] WARN  c.a.c.n.c.NacosPropertySourceBuilder : Ignore the empty nacos configuration and get it based on dataId[xfs-gateway] & group[DEFAULT_GROUP]
[2023-12-12 00:47:17.009] [main] WARN  c.a.c.n.c.NacosPropertySourceBuilder : Ignore the empty nacos configuration and get it based on dataId[xfs-gateway.yaml] & group[DEFAULT_GROUP]
[2023-12-12 00:47:17.025] [main] INFO  o.s.c.b.c.PropertySourceBootstrapConfiguration : Located property source: [BootstrapPropertySource {name='bootstrapProperties-xfs-gateway-dev.yaml,DEFAULT_GROUP'}, BootstrapPropertySource {name='bootstrapProperties-xfs-gateway.yaml,DEFAULT_GROUP'}, BootstrapPropertySource {name='bootstrapProperties-xfs-gateway,DEFAULT_GROUP'}, BootstrapPropertySource {name='bootstrapProperties-redis.yaml,DEFAULT_GROUP'}, BootstrapPropertySource {name='bootstrapProperties-jwt.yaml,DEFAULT_GROUP'}]
[2023-12-12 00:47:17.033] [main] INFO  c.yyh.xfs.gateway.GatewayApplication : The following profiles are active: dev
[2023-12-12 00:47:17.715] [main] INFO  o.s.d.r.c.RepositoryConfigurationDelegate : Multiple Spring Data modules found, entering strict repository configuration mode!
[2023-12-12 00:47:17.718] [main] INFO  o.s.d.r.c.RepositoryConfigurationDelegate : Bootstrapping Spring Data Redis repositories in DEFAULT mode.
[2023-12-12 00:47:17.744] [main] INFO  o.s.d.r.c.RepositoryConfigurationDelegate : Finished Spring Data repository scanning in 10 ms. Found 0 Redis repository interfaces.
[2023-12-12 00:47:17.986] [main] INFO  o.s.cloud.context.scope.GenericScope : BeanFactory id=75676e79-8f1d-33b4-bb3c-493b322b265d
[2023-12-12 00:47:18.059] [main] INFO  o.s.c.s.PostProcessorRegistrationDelegate$BeanPostProcessorChecker : Bean 'org.springframework.cloud.client.loadbalancer.reactive.LoadBalancerBeanPostProcessorAutoConfiguration' of type [org.springframework.cloud.client.loadbalancer.reactive.LoadBalancerBeanPostProcessorAutoConfiguration] is not eligible for getting processed by all BeanPostProcessors (for example: not eligible for auto-proxying)
[2023-12-12 00:47:18.060] [main] INFO  o.s.c.s.PostProcessorRegistrationDelegate$BeanPostProcessorChecker : Bean 'org.springframework.cloud.client.loadbalancer.reactive.LoadBalancerBeanPostProcessorAutoConfiguration$ReactorDeferringLoadBalancerFilterConfig' of type [org.springframework.cloud.client.loadbalancer.reactive.LoadBalancerBeanPostProcessorAutoConfiguration$ReactorDeferringLoadBalancerFilterConfig] is not eligible for getting processed by all BeanPostProcessors (for example: not eligible for auto-proxying)
[2023-12-12 00:47:18.061] [main] INFO  o.s.c.s.PostProcessorRegistrationDelegate$BeanPostProcessorChecker : Bean 'reactorDeferringLoadBalancerExchangeFilterFunction' of type [org.springframework.cloud.client.loadbalancer.reactive.DeferringLoadBalancerExchangeFilterFunction] is not eligible for getting processed by all BeanPostProcessors (for example: not eligible for auto-proxying)
[2023-12-12 00:47:21.422] [main] INFO  o.s.cloud.commons.util.InetUtils : Cannot determine local hostname
[2023-12-12 00:47:23.137] [main] INFO  o.s.cloud.commons.util.InetUtils : Cannot determine local hostname
[2023-12-12 00:47:23.615] [main] INFO  o.s.c.g.r.RouteDefinitionRouteLocator : Loaded RoutePredicateFactory [After]
[2023-12-12 00:47:23.615] [main] INFO  o.s.c.g.r.RouteDefinitionRouteLocator : Loaded RoutePredicateFactory [Before]
[2023-12-12 00:47:23.615] [main] INFO  o.s.c.g.r.RouteDefinitionRouteLocator : Loaded RoutePredicateFactory [Between]
[2023-12-12 00:47:23.616] [main] INFO  o.s.c.g.r.RouteDefinitionRouteLocator : Loaded RoutePredicateFactory [Cookie]
[2023-12-12 00:47:23.616] [main] INFO  o.s.c.g.r.RouteDefinitionRouteLocator : Loaded RoutePredicateFactory [Header]
[2023-12-12 00:47:23.616] [main] INFO  o.s.c.g.r.RouteDefinitionRouteLocator : Loaded RoutePredicateFactory [Host]
[2023-12-12 00:47:23.616] [main] INFO  o.s.c.g.r.RouteDefinitionRouteLocator : Loaded RoutePredicateFactory [Method]
[2023-12-12 00:47:23.616] [main] INFO  o.s.c.g.r.RouteDefinitionRouteLocator : Loaded RoutePredicateFactory [Path]
[2023-12-12 00:47:23.617] [main] INFO  o.s.c.g.r.RouteDefinitionRouteLocator : Loaded RoutePredicateFactory [Query]
[2023-12-12 00:47:23.617] [main] INFO  o.s.c.g.r.RouteDefinitionRouteLocator : Loaded RoutePredicateFactory [ReadBody]
[2023-12-12 00:47:23.617] [main] INFO  o.s.c.g.r.RouteDefinitionRouteLocator : Loaded RoutePredicateFactory [RemoteAddr]
[2023-12-12 00:47:23.617] [main] INFO  o.s.c.g.r.RouteDefinitionRouteLocator : Loaded RoutePredicateFactory [XForwardedRemoteAddr]
[2023-12-12 00:47:23.618] [main] INFO  o.s.c.g.r.RouteDefinitionRouteLocator : Loaded RoutePredicateFactory [Weight]
[2023-12-12 00:47:23.618] [main] INFO  o.s.c.g.r.RouteDefinitionRouteLocator : Loaded RoutePredicateFactory [CloudFoundryRouteService]
[2023-12-12 00:47:25.509] [main] INFO  o.s.cloud.commons.util.InetUtils : Cannot determine local hostname
[2023-12-12 00:47:25.678] [main] WARN  o.s.c.l.c.LoadBalancerCacheAutoConfiguration$LoadBalancerCaffeineWarnLogger : Spring Cloud LoadBalancer is currently working with the default cache. While this cache implementation is useful for development and tests, it's recommended to use Caffeine cache in production.You can switch to using Caffeine cache, by adding it and org.springframework.cache.caffeine.CaffeineCacheManager to the classpath.
[2023-12-12 00:47:26.550] [main] INFO  o.s.b.w.e.netty.NettyWebServer : Netty started on port 9000
[2023-12-12 00:47:28.271] [main] INFO  o.s.cloud.commons.util.InetUtils : Cannot determine local hostname
[2023-12-12 00:47:29.983] [main] INFO  o.s.cloud.commons.util.InetUtils : Cannot determine local hostname
[2023-12-12 00:47:29.999] [main] INFO  c.a.c.n.r.NacosServiceRegistry : nacos registry, DEFAULT_GROUP xfs-gateway 192.168.229.1:9000 register finished
[2023-12-12 00:47:30.024] [main] INFO  c.yyh.xfs.gateway.GatewayApplication : Started GatewayApplication in 17.463 seconds (JVM running for 18.677)
[2023-12-12 00:47:30.033] [main] INFO  c.a.c.n.r.NacosContextRefresher : listening config: dataId=xfs-gateway, group=DEFAULT_GROUP
[2023-12-12 00:47:30.034] [main] INFO  c.a.c.n.r.NacosContextRefresher : listening config: dataId=xfs-gateway.yaml, group=DEFAULT_GROUP
[2023-12-12 00:47:30.036] [main] INFO  c.a.c.n.r.NacosContextRefresher : listening config: dataId=xfs-gateway-dev.yaml, group=DEFAULT_GROUP
