[2023-12-11 16:59:23.764] [main] WARN  c.a.c.n.c.NacosPropertySourceBuilder : Ignore the empty nacos configuration and get it based on dataId[xfs-user] & group[DEFAULT_GROUP]
[2023-12-11 16:59:23.768] [main] WARN  c.a.c.n.c.NacosPropertySourceBuilder : Ignore the empty nacos configuration and get it based on dataId[xfs-user.yaml] & group[DEFAULT_GROUP]
[2023-12-11 16:59:23.774] [main] INFO  o.s.c.b.c.PropertySourceBootstrapConfiguration : Located property source: [BootstrapPropertySource {name='bootstrapProperties-xfs-user-dev.yaml,DEFAULT_GROUP'}, BootstrapPropertySource {name='bootstrapProperties-xfs-user.yaml,DEFAULT_GROUP'}, BootstrapPropertySource {name='bootstrapProperties-xfs-user,DEFAULT_GROUP'}, BootstrapPropertySource {name='bootstrapProperties-jwt.yaml,DEFAULT_GROUP'}, BootstrapPropertySource {name='bootstrapProperties-redis.yaml,DEFAULT_GROUP'}, BootstrapPropertySource {name='bootstrapProperties-mybatis-plus.yaml,DEFAULT_GROUP'}]
[2023-12-11 16:59:23.779] [main] INFO  com.yyh.xfs.user.UserApplication : The following profiles are active: dev
[2023-12-11 16:59:24.356] [main] INFO  o.s.d.r.c.RepositoryConfigurationDelegate : Multiple Spring Data modules found, entering strict repository configuration mode!
[2023-12-11 16:59:24.357] [main] INFO  o.s.d.r.c.RepositoryConfigurationDelegate : Bootstrapping Spring Data Redis repositories in DEFAULT mode.
[2023-12-11 16:59:24.378] [main] INFO  o.s.d.r.c.RepositoryConfigurationDelegate : Finished Spring Data repository scanning in 7 ms. Found 0 Redis repository interfaces.
[2023-12-11 16:59:24.591] [main] INFO  o.s.cloud.context.scope.GenericScope : BeanFactory id=c89123b9-3586-3632-8cd9-1dc3229eaaa6
[2023-12-11 16:59:24.848] [main] INFO  o.s.b.w.e.tomcat.TomcatWebServer : Tomcat initialized with port(s): 9200 (http)
[2023-12-11 16:59:24.858] [main] INFO  o.a.coyote.http11.Http11NioProtocol : Initializing ProtocolHandler ["http-nio-9200"]
[2023-12-11 16:59:24.886] [main] INFO  o.a.catalina.core.StandardService : Starting service [Tomcat]
[2023-12-11 16:59:24.887] [main] INFO  o.a.catalina.core.StandardEngine : Starting Servlet engine: [Apache Tomcat/9.0.56]
[2023-12-11 16:59:25.007] [main] INFO  o.a.c.c.C.[Tomcat].[localhost].[/] : Initializing Spring embedded WebApplicationContext
[2023-12-11 16:59:25.007] [main] INFO  o.s.b.w.s.c.ServletWebServerApplicationContext : Root WebApplicationContext: initialization completed in 1220 ms
[2023-12-11 16:59:26.702] [main] INFO  o.s.b.f.a.AutowiredAnnotationBeanPostProcessor : Autowired annotation is not supported on static fields: private static java.lang.String com.yyh.xfs.common.web.utils.JWTUtil.secret
[2023-12-11 16:59:27.172] [main] WARN  o.s.c.l.c.LoadBalancerCacheAutoConfiguration$LoadBalancerCaffeineWarnLogger : Spring Cloud LoadBalancer is currently working with the default cache. While this cache implementation is useful for development and tests, it's recommended to use Caffeine cache in production.You can switch to using Caffeine cache, by adding it and org.springframework.cache.caffeine.CaffeineCacheManager to the classpath.
[2023-12-11 16:59:27.324] [main] INFO  o.a.coyote.http11.Http11NioProtocol : Starting ProtocolHandler ["http-nio-9200"]
[2023-12-11 16:59:27.336] [main] INFO  o.s.b.w.e.tomcat.TomcatWebServer : Tomcat started on port(s): 9200 (http) with context path ''
[2023-12-11 16:59:27.362] [main] INFO  c.a.c.n.r.NacosServiceRegistry : nacos registry, DEFAULT_GROUP xfs-user 192.168.229.1:9200 register finished
[2023-12-11 16:59:27.773] [main] INFO  com.yyh.xfs.user.UserApplication : Started UserApplication in 5.501 seconds (JVM running for 6.387)
[2023-12-11 16:59:27.778] [main] INFO  c.a.c.n.r.NacosContextRefresher : listening config: dataId=xfs-user, group=DEFAULT_GROUP
[2023-12-11 16:59:27.778] [main] INFO  c.a.c.n.r.NacosContextRefresher : listening config: dataId=xfs-user.yaml, group=DEFAULT_GROUP
[2023-12-11 16:59:27.781] [main] INFO  c.a.c.n.r.NacosContextRefresher : listening config: dataId=xfs-user-dev.yaml, group=DEFAULT_GROUP
[2023-12-11 17:08:38.916] [Thread-23] WARN  c.a.nacos.common.notify.NotifyCenter : [NotifyCenter] Start destroying Publisher
[2023-12-11 17:08:38.916] [Thread-4] WARN  c.a.n.c.http.HttpClientBeanHolder : [HttpClientBeanHolder] Start destroying common HttpClient
[2023-12-11 17:08:38.916] [Thread-23] WARN  c.a.nacos.common.notify.NotifyCenter : [NotifyCenter] Destruction of the end
[2023-12-11 17:08:38.917] [Thread-4] WARN  c.a.n.c.http.HttpClientBeanHolder : [HttpClientBeanHolder] Destruction of the end
[2023-12-11 17:08:39.152] [SpringApplicationShutdownHook] INFO  c.a.c.n.r.NacosServiceRegistry : De-registering from Nacos Server now...
[2023-12-11 17:08:39.156] [SpringApplicationShutdownHook] INFO  c.a.c.n.r.NacosServiceRegistry : De-registration finished.
[2023-12-11 17:08:52.786] [main] WARN  c.a.c.n.c.NacosPropertySourceBuilder : Ignore the empty nacos configuration and get it based on dataId[xfs-user] & group[DEFAULT_GROUP]
[2023-12-11 17:08:52.790] [main] WARN  c.a.c.n.c.NacosPropertySourceBuilder : Ignore the empty nacos configuration and get it based on dataId[xfs-user.yaml] & group[DEFAULT_GROUP]
[2023-12-11 17:08:52.795] [main] INFO  o.s.c.b.c.PropertySourceBootstrapConfiguration : Located property source: [BootstrapPropertySource {name='bootstrapProperties-xfs-user-dev.yaml,DEFAULT_GROUP'}, BootstrapPropertySource {name='bootstrapProperties-xfs-user.yaml,DEFAULT_GROUP'}, BootstrapPropertySource {name='bootstrapProperties-xfs-user,DEFAULT_GROUP'}, BootstrapPropertySource {name='bootstrapProperties-jwt.yaml,DEFAULT_GROUP'}, BootstrapPropertySource {name='bootstrapProperties-redis.yaml,DEFAULT_GROUP'}, BootstrapPropertySource {name='bootstrapProperties-mybatis-plus.yaml,DEFAULT_GROUP'}]
[2023-12-11 17:08:52.800] [main] INFO  com.yyh.xfs.user.UserApplication : The following profiles are active: dev
[2023-12-11 17:08:53.380] [main] INFO  o.s.d.r.c.RepositoryConfigurationDelegate : Multiple Spring Data modules found, entering strict repository configuration mode!
[2023-12-11 17:08:53.382] [main] INFO  o.s.d.r.c.RepositoryConfigurationDelegate : Bootstrapping Spring Data Redis repositories in DEFAULT mode.
[2023-12-11 17:08:53.402] [main] INFO  o.s.d.r.c.RepositoryConfigurationDelegate : Finished Spring Data repository scanning in 7 ms. Found 0 Redis repository interfaces.
[2023-12-11 17:08:53.611] [main] INFO  o.s.cloud.context.scope.GenericScope : BeanFactory id=c89123b9-3586-3632-8cd9-1dc3229eaaa6
[2023-12-11 17:08:53.860] [main] INFO  o.s.b.w.e.tomcat.TomcatWebServer : Tomcat initialized with port(s): 9200 (http)
[2023-12-11 17:08:53.868] [main] INFO  o.a.coyote.http11.Http11NioProtocol : Initializing ProtocolHandler ["http-nio-9200"]
[2023-12-11 17:08:53.900] [main] INFO  o.a.catalina.core.StandardService : Starting service [Tomcat]
[2023-12-11 17:08:53.900] [main] INFO  o.a.catalina.core.StandardEngine : Starting Servlet engine: [Apache Tomcat/9.0.56]
[2023-12-11 17:08:54.007] [main] INFO  o.a.c.c.C.[Tomcat].[localhost].[/] : Initializing Spring embedded WebApplicationContext
[2023-12-11 17:08:54.007] [main] INFO  o.s.b.w.s.c.ServletWebServerApplicationContext : Root WebApplicationContext: initialization completed in 1197 ms
[2023-12-11 17:08:55.715] [main] INFO  o.s.b.f.a.AutowiredAnnotationBeanPostProcessor : Autowired annotation is not supported on static fields: private static java.lang.String com.yyh.xfs.common.web.utils.JWTUtil.secret
[2023-12-11 17:08:56.198] [main] WARN  o.s.c.l.c.LoadBalancerCacheAutoConfiguration$LoadBalancerCaffeineWarnLogger : Spring Cloud LoadBalancer is currently working with the default cache. While this cache implementation is useful for development and tests, it's recommended to use Caffeine cache in production.You can switch to using Caffeine cache, by adding it and org.springframework.cache.caffeine.CaffeineCacheManager to the classpath.
[2023-12-11 17:08:56.348] [main] INFO  o.a.coyote.http11.Http11NioProtocol : Starting ProtocolHandler ["http-nio-9200"]
[2023-12-11 17:08:56.360] [main] INFO  o.s.b.w.e.tomcat.TomcatWebServer : Tomcat started on port(s): 9200 (http) with context path ''
[2023-12-11 17:08:56.369] [main] INFO  c.a.c.n.r.NacosServiceRegistry : nacos registry, DEFAULT_GROUP xfs-user 192.168.229.1:9200 register finished
[2023-12-11 17:08:56.753] [main] INFO  com.yyh.xfs.user.UserApplication : Started UserApplication in 5.452 seconds (JVM running for 6.426)
[2023-12-11 17:08:56.758] [main] INFO  c.a.c.n.r.NacosContextRefresher : listening config: dataId=xfs-user, group=DEFAULT_GROUP
[2023-12-11 17:08:56.758] [main] INFO  c.a.c.n.r.NacosContextRefresher : listening config: dataId=xfs-user.yaml, group=DEFAULT_GROUP
[2023-12-11 17:08:56.759] [main] INFO  c.a.c.n.r.NacosContextRefresher : listening config: dataId=xfs-user-dev.yaml, group=DEFAULT_GROUP
[2023-12-11 17:10:49.789] [Thread-23] WARN  c.a.nacos.common.notify.NotifyCenter : [NotifyCenter] Start destroying Publisher
[2023-12-11 17:10:49.789] [Thread-4] WARN  c.a.n.c.http.HttpClientBeanHolder : [HttpClientBeanHolder] Start destroying common HttpClient
[2023-12-11 17:10:49.789] [Thread-23] WARN  c.a.nacos.common.notify.NotifyCenter : [NotifyCenter] Destruction of the end
[2023-12-11 17:10:49.790] [Thread-4] WARN  c.a.n.c.http.HttpClientBeanHolder : [HttpClientBeanHolder] Destruction of the end
[2023-12-11 17:10:50.012] [SpringApplicationShutdownHook] INFO  c.a.c.n.r.NacosServiceRegistry : De-registering from Nacos Server now...
[2023-12-11 17:10:50.016] [SpringApplicationShutdownHook] INFO  c.a.c.n.r.NacosServiceRegistry : De-registration finished.
[2023-12-11 17:11:03.311] [main] WARN  c.a.c.n.c.NacosPropertySourceBuilder : Ignore the empty nacos configuration and get it based on dataId[xfs-user] & group[DEFAULT_GROUP]
[2023-12-11 17:11:03.315] [main] WARN  c.a.c.n.c.NacosPropertySourceBuilder : Ignore the empty nacos configuration and get it based on dataId[xfs-user.yaml] & group[DEFAULT_GROUP]
[2023-12-11 17:11:03.323] [main] INFO  o.s.c.b.c.PropertySourceBootstrapConfiguration : Located property source: [BootstrapPropertySource {name='bootstrapProperties-xfs-user-dev.yaml,DEFAULT_GROUP'}, BootstrapPropertySource {name='bootstrapProperties-xfs-user.yaml,DEFAULT_GROUP'}, BootstrapPropertySource {name='bootstrapProperties-xfs-user,DEFAULT_GROUP'}, BootstrapPropertySource {name='bootstrapProperties-jwt.yaml,DEFAULT_GROUP'}, BootstrapPropertySource {name='bootstrapProperties-redis.yaml,DEFAULT_GROUP'}, BootstrapPropertySource {name='bootstrapProperties-mybatis-plus.yaml,DEFAULT_GROUP'}]
[2023-12-11 17:11:03.328] [main] INFO  com.yyh.xfs.user.UserApplication : The following profiles are active: dev
[2023-12-11 17:11:03.919] [main] INFO  o.s.d.r.c.RepositoryConfigurationDelegate : Multiple Spring Data modules found, entering strict repository configuration mode!
[2023-12-11 17:11:03.921] [main] INFO  o.s.d.r.c.RepositoryConfigurationDelegate : Bootstrapping Spring Data Redis repositories in DEFAULT mode.
[2023-12-11 17:11:03.942] [main] INFO  o.s.d.r.c.RepositoryConfigurationDelegate : Finished Spring Data repository scanning in 7 ms. Found 0 Redis repository interfaces.
[2023-12-11 17:11:04.151] [main] INFO  o.s.cloud.context.scope.GenericScope : BeanFactory id=3d2a4c4d-5077-361f-bdb1-120b792826d1
[2023-12-11 17:11:04.410] [main] INFO  o.s.b.w.e.tomcat.TomcatWebServer : Tomcat initialized with port(s): 9200 (http)
[2023-12-11 17:11:04.449] [main] INFO  o.a.coyote.http11.Http11NioProtocol : Initializing ProtocolHandler ["http-nio-9200"]
[2023-12-11 17:11:04.450] [main] INFO  o.a.catalina.core.StandardService : Starting service [Tomcat]
[2023-12-11 17:11:04.450] [main] INFO  o.a.catalina.core.StandardEngine : Starting Servlet engine: [Apache Tomcat/9.0.56]
[2023-12-11 17:11:04.557] [main] INFO  o.a.c.c.C.[Tomcat].[localhost].[/] : Initializing Spring embedded WebApplicationContext
[2023-12-11 17:11:04.557] [main] INFO  o.s.b.w.s.c.ServletWebServerApplicationContext : Root WebApplicationContext: initialization completed in 1217 ms
[2023-12-11 17:11:06.276] [main] INFO  o.s.b.f.a.AutowiredAnnotationBeanPostProcessor : Autowired annotation is not supported on static fields: private static java.lang.String com.yyh.xfs.common.web.utils.JWTUtil.secret
[2023-12-11 17:11:06.724] [main] WARN  o.s.c.l.c.LoadBalancerCacheAutoConfiguration$LoadBalancerCaffeineWarnLogger : Spring Cloud LoadBalancer is currently working with the default cache. While this cache implementation is useful for development and tests, it's recommended to use Caffeine cache in production.You can switch to using Caffeine cache, by adding it and org.springframework.cache.caffeine.CaffeineCacheManager to the classpath.
[2023-12-11 17:11:06.871] [main] INFO  o.a.coyote.http11.Http11NioProtocol : Starting ProtocolHandler ["http-nio-9200"]
[2023-12-11 17:11:06.885] [main] INFO  o.s.b.w.e.tomcat.TomcatWebServer : Tomcat started on port(s): 9200 (http) with context path ''
[2023-12-11 17:11:06.894] [main] INFO  c.a.c.n.r.NacosServiceRegistry : nacos registry, DEFAULT_GROUP xfs-user 192.168.229.1:9200 register finished
[2023-12-11 17:11:07.258] [main] INFO  com.yyh.xfs.user.UserApplication : Started UserApplication in 5.436 seconds (JVM running for 6.459)
[2023-12-11 17:11:07.262] [main] INFO  c.a.c.n.r.NacosContextRefresher : listening config: dataId=xfs-user, group=DEFAULT_GROUP
[2023-12-11 17:11:07.262] [main] INFO  c.a.c.n.r.NacosContextRefresher : listening config: dataId=xfs-user.yaml, group=DEFAULT_GROUP
[2023-12-11 17:11:07.264] [main] INFO  c.a.c.n.r.NacosContextRefresher : listening config: dataId=xfs-user-dev.yaml, group=DEFAULT_GROUP
[2023-12-11 17:24:42.319] [Thread-23] WARN  c.a.nacos.common.notify.NotifyCenter : [NotifyCenter] Start destroying Publisher
[2023-12-11 17:24:42.319] [Thread-4] WARN  c.a.n.c.http.HttpClientBeanHolder : [HttpClientBeanHolder] Start destroying common HttpClient
[2023-12-11 17:24:42.319] [Thread-23] WARN  c.a.nacos.common.notify.NotifyCenter : [NotifyCenter] Destruction of the end
[2023-12-11 17:24:42.319] [Thread-4] WARN  c.a.n.c.http.HttpClientBeanHolder : [HttpClientBeanHolder] Destruction of the end
[2023-12-11 17:24:42.549] [SpringApplicationShutdownHook] INFO  c.a.c.n.r.NacosServiceRegistry : De-registering from Nacos Server now...
[2023-12-11 17:24:42.553] [SpringApplicationShutdownHook] INFO  c.a.c.n.r.NacosServiceRegistry : De-registration finished.
[2023-12-11 17:24:54.205] [main] WARN  c.a.c.n.c.NacosPropertySourceBuilder : Ignore the empty nacos configuration and get it based on dataId[xfs-user] & group[DEFAULT_GROUP]
[2023-12-11 17:24:54.208] [main] WARN  c.a.c.n.c.NacosPropertySourceBuilder : Ignore the empty nacos configuration and get it based on dataId[xfs-user.yaml] & group[DEFAULT_GROUP]
[2023-12-11 17:24:54.215] [main] INFO  o.s.c.b.c.PropertySourceBootstrapConfiguration : Located property source: [BootstrapPropertySource {name='bootstrapProperties-xfs-user-dev.yaml,DEFAULT_GROUP'}, BootstrapPropertySource {name='bootstrapProperties-xfs-user.yaml,DEFAULT_GROUP'}, BootstrapPropertySource {name='bootstrapProperties-xfs-user,DEFAULT_GROUP'}, BootstrapPropertySource {name='bootstrapProperties-jwt.yaml,DEFAULT_GROUP'}, BootstrapPropertySource {name='bootstrapProperties-redis.yaml,DEFAULT_GROUP'}, BootstrapPropertySource {name='bootstrapProperties-mybatis-plus.yaml,DEFAULT_GROUP'}]
[2023-12-11 17:24:54.220] [main] INFO  com.yyh.xfs.user.UserApplication : The following profiles are active: dev
[2023-12-11 17:24:54.819] [main] INFO  o.s.d.r.c.RepositoryConfigurationDelegate : Multiple Spring Data modules found, entering strict repository configuration mode!
[2023-12-11 17:24:54.821] [main] INFO  o.s.d.r.c.RepositoryConfigurationDelegate : Bootstrapping Spring Data Redis repositories in DEFAULT mode.
[2023-12-11 17:24:54.839] [main] INFO  o.s.d.r.c.RepositoryConfigurationDelegate : Finished Spring Data repository scanning in 7 ms. Found 0 Redis repository interfaces.
[2023-12-11 17:24:55.044] [main] INFO  o.s.cloud.context.scope.GenericScope : BeanFactory id=3d2a4c4d-5077-361f-bdb1-120b792826d1
[2023-12-11 17:24:55.286] [main] INFO  o.s.b.w.e.tomcat.TomcatWebServer : Tomcat initialized with port(s): 9200 (http)
[2023-12-11 17:24:55.293] [main] INFO  o.a.coyote.http11.Http11NioProtocol : Initializing ProtocolHandler ["http-nio-9200"]
[2023-12-11 17:24:55.322] [main] INFO  o.a.catalina.core.StandardService : Starting service [Tomcat]
[2023-12-11 17:24:55.323] [main] INFO  o.a.catalina.core.StandardEngine : Starting Servlet engine: [Apache Tomcat/9.0.56]
[2023-12-11 17:24:55.428] [main] INFO  o.a.c.c.C.[Tomcat].[localhost].[/] : Initializing Spring embedded WebApplicationContext
[2023-12-11 17:24:55.428] [main] INFO  o.s.b.w.s.c.ServletWebServerApplicationContext : Root WebApplicationContext: initialization completed in 1199 ms
[2023-12-11 17:24:57.410] [main] INFO  o.s.b.f.a.AutowiredAnnotationBeanPostProcessor : Autowired annotation is not supported on static fields: private static java.lang.String com.yyh.xfs.common.web.utils.JWTUtil.secret
[2023-12-11 17:24:57.900] [main] WARN  o.s.c.l.c.LoadBalancerCacheAutoConfiguration$LoadBalancerCaffeineWarnLogger : Spring Cloud LoadBalancer is currently working with the default cache. While this cache implementation is useful for development and tests, it's recommended to use Caffeine cache in production.You can switch to using Caffeine cache, by adding it and org.springframework.cache.caffeine.CaffeineCacheManager to the classpath.
[2023-12-11 17:24:58.054] [main] INFO  o.a.coyote.http11.Http11NioProtocol : Starting ProtocolHandler ["http-nio-9200"]
[2023-12-11 17:24:58.068] [main] INFO  o.s.b.w.e.tomcat.TomcatWebServer : Tomcat started on port(s): 9200 (http) with context path ''
[2023-12-11 17:24:58.076] [main] INFO  c.a.c.n.r.NacosServiceRegistry : nacos registry, DEFAULT_GROUP xfs-user 192.168.229.1:9200 register finished
[2023-12-11 17:24:58.464] [main] INFO  com.yyh.xfs.user.UserApplication : Started UserApplication in 5.853 seconds (JVM running for 6.865)
[2023-12-11 17:24:58.469] [main] INFO  c.a.c.n.r.NacosContextRefresher : listening config: dataId=xfs-user, group=DEFAULT_GROUP
[2023-12-11 17:24:58.470] [main] INFO  c.a.c.n.r.NacosContextRefresher : listening config: dataId=xfs-user.yaml, group=DEFAULT_GROUP
[2023-12-11 17:24:58.472] [main] INFO  c.a.c.n.r.NacosContextRefresher : listening config: dataId=xfs-user-dev.yaml, group=DEFAULT_GROUP
[2023-12-11 17:28:09.223] [Thread-23] WARN  c.a.nacos.common.notify.NotifyCenter : [NotifyCenter] Start destroying Publisher
[2023-12-11 17:28:09.223] [Thread-4] WARN  c.a.n.c.http.HttpClientBeanHolder : [HttpClientBeanHolder] Start destroying common HttpClient
[2023-12-11 17:28:09.223] [Thread-23] WARN  c.a.nacos.common.notify.NotifyCenter : [NotifyCenter] Destruction of the end
[2023-12-11 17:28:09.223] [Thread-4] WARN  c.a.n.c.http.HttpClientBeanHolder : [HttpClientBeanHolder] Destruction of the end
[2023-12-11 17:28:09.443] [SpringApplicationShutdownHook] INFO  c.a.c.n.r.NacosServiceRegistry : De-registering from Nacos Server now...
[2023-12-11 17:28:09.447] [SpringApplicationShutdownHook] INFO  c.a.c.n.r.NacosServiceRegistry : De-registration finished.
[2023-12-11 17:28:26.787] [main] WARN  c.a.c.n.c.NacosPropertySourceBuilder : Ignore the empty nacos configuration and get it based on dataId[xfs-user] & group[DEFAULT_GROUP]
[2023-12-11 17:28:26.790] [main] WARN  c.a.c.n.c.NacosPropertySourceBuilder : Ignore the empty nacos configuration and get it based on dataId[xfs-user.yaml] & group[DEFAULT_GROUP]
[2023-12-11 17:28:26.796] [main] INFO  o.s.c.b.c.PropertySourceBootstrapConfiguration : Located property source: [BootstrapPropertySource {name='bootstrapProperties-xfs-user-dev.yaml,DEFAULT_GROUP'}, BootstrapPropertySource {name='bootstrapProperties-xfs-user.yaml,DEFAULT_GROUP'}, BootstrapPropertySource {name='bootstrapProperties-xfs-user,DEFAULT_GROUP'}, BootstrapPropertySource {name='bootstrapProperties-jwt.yaml,DEFAULT_GROUP'}, BootstrapPropertySource {name='bootstrapProperties-redis.yaml,DEFAULT_GROUP'}, BootstrapPropertySource {name='bootstrapProperties-mybatis-plus.yaml,DEFAULT_GROUP'}]
[2023-12-11 17:28:26.800] [main] INFO  com.yyh.xfs.user.UserApplication : The following profiles are active: dev
[2023-12-11 17:28:27.393] [main] INFO  o.s.d.r.c.RepositoryConfigurationDelegate : Multiple Spring Data modules found, entering strict repository configuration mode!
[2023-12-11 17:28:27.395] [main] INFO  o.s.d.r.c.RepositoryConfigurationDelegate : Bootstrapping Spring Data Redis repositories in DEFAULT mode.
[2023-12-11 17:28:27.414] [main] INFO  o.s.d.r.c.RepositoryConfigurationDelegate : Finished Spring Data repository scanning in 7 ms. Found 0 Redis repository interfaces.
[2023-12-11 17:28:27.624] [main] INFO  o.s.cloud.context.scope.GenericScope : BeanFactory id=3d2a4c4d-5077-361f-bdb1-120b792826d1
[2023-12-11 17:28:27.873] [main] INFO  o.s.b.w.e.tomcat.TomcatWebServer : Tomcat initialized with port(s): 9200 (http)
[2023-12-11 17:28:27.912] [main] INFO  o.a.coyote.http11.Http11NioProtocol : Initializing ProtocolHandler ["http-nio-9200"]
[2023-12-11 17:28:27.914] [main] INFO  o.a.catalina.core.StandardService : Starting service [Tomcat]
[2023-12-11 17:28:27.914] [main] INFO  o.a.catalina.core.StandardEngine : Starting Servlet engine: [Apache Tomcat/9.0.56]
[2023-12-11 17:28:28.054] [main] INFO  o.a.c.c.C.[Tomcat].[localhost].[/] : Initializing Spring embedded WebApplicationContext
[2023-12-11 17:28:28.054] [main] INFO  o.s.b.w.s.c.ServletWebServerApplicationContext : Root WebApplicationContext: initialization completed in 1244 ms
[2023-12-11 17:28:30.110] [main] INFO  o.s.b.f.a.AutowiredAnnotationBeanPostProcessor : Autowired annotation is not supported on static fields: private static java.lang.String com.yyh.xfs.common.web.utils.JWTUtil.secret
[2023-12-11 17:28:30.616] [main] WARN  o.s.c.l.c.LoadBalancerCacheAutoConfiguration$LoadBalancerCaffeineWarnLogger : Spring Cloud LoadBalancer is currently working with the default cache. While this cache implementation is useful for development and tests, it's recommended to use Caffeine cache in production.You can switch to using Caffeine cache, by adding it and org.springframework.cache.caffeine.CaffeineCacheManager to the classpath.
[2023-12-11 17:28:30.827] [main] INFO  o.a.coyote.http11.Http11NioProtocol : Starting ProtocolHandler ["http-nio-9200"]
[2023-12-11 17:28:30.851] [main] INFO  o.s.b.w.e.tomcat.TomcatWebServer : Tomcat started on port(s): 9200 (http) with context path ''
[2023-12-11 17:28:30.863] [main] INFO  c.a.c.n.r.NacosServiceRegistry : nacos registry, DEFAULT_GROUP xfs-user 192.168.229.1:9200 register finished
[2023-12-11 17:28:31.289] [main] INFO  com.yyh.xfs.user.UserApplication : Started UserApplication in 6.183 seconds (JVM running for 7.334)
[2023-12-11 17:28:31.294] [main] INFO  c.a.c.n.r.NacosContextRefresher : listening config: dataId=xfs-user, group=DEFAULT_GROUP
[2023-12-11 17:28:31.295] [main] INFO  c.a.c.n.r.NacosContextRefresher : listening config: dataId=xfs-user.yaml, group=DEFAULT_GROUP
[2023-12-11 17:28:31.296] [main] INFO  c.a.c.n.r.NacosContextRefresher : listening config: dataId=xfs-user-dev.yaml, group=DEFAULT_GROUP
[2023-12-11 17:33:20.210] [Thread-4] WARN  c.a.n.c.http.HttpClientBeanHolder : [HttpClientBeanHolder] Start destroying common HttpClient
[2023-12-11 17:33:20.210] [Thread-23] WARN  c.a.nacos.common.notify.NotifyCenter : [NotifyCenter] Start destroying Publisher
[2023-12-11 17:33:20.210] [Thread-23] WARN  c.a.nacos.common.notify.NotifyCenter : [NotifyCenter] Destruction of the end
[2023-12-11 17:33:20.211] [Thread-4] WARN  c.a.n.c.http.HttpClientBeanHolder : [HttpClientBeanHolder] Destruction of the end
[2023-12-11 17:33:20.444] [SpringApplicationShutdownHook] INFO  c.a.c.n.r.NacosServiceRegistry : De-registering from Nacos Server now...
[2023-12-11 17:33:20.449] [SpringApplicationShutdownHook] INFO  c.a.c.n.r.NacosServiceRegistry : De-registration finished.
[2023-12-11 17:33:34.288] [main] WARN  c.a.c.n.c.NacosPropertySourceBuilder : Ignore the empty nacos configuration and get it based on dataId[xfs-user] & group[DEFAULT_GROUP]
[2023-12-11 17:33:34.293] [main] WARN  c.a.c.n.c.NacosPropertySourceBuilder : Ignore the empty nacos configuration and get it based on dataId[xfs-user.yaml] & group[DEFAULT_GROUP]
[2023-12-11 17:33:34.299] [main] INFO  o.s.c.b.c.PropertySourceBootstrapConfiguration : Located property source: [BootstrapPropertySource {name='bootstrapProperties-xfs-user-dev.yaml,DEFAULT_GROUP'}, BootstrapPropertySource {name='bootstrapProperties-xfs-user.yaml,DEFAULT_GROUP'}, BootstrapPropertySource {name='bootstrapProperties-xfs-user,DEFAULT_GROUP'}, BootstrapPropertySource {name='bootstrapProperties-jwt.yaml,DEFAULT_GROUP'}, BootstrapPropertySource {name='bootstrapProperties-redis.yaml,DEFAULT_GROUP'}, BootstrapPropertySource {name='bootstrapProperties-mybatis-plus.yaml,DEFAULT_GROUP'}]
[2023-12-11 17:33:34.303] [main] INFO  com.yyh.xfs.user.UserApplication : The following profiles are active: dev
[2023-12-11 17:33:35.208] [main] INFO  o.s.d.r.c.RepositoryConfigurationDelegate : Multiple Spring Data modules found, entering strict repository configuration mode!
[2023-12-11 17:33:35.211] [main] INFO  o.s.d.r.c.RepositoryConfigurationDelegate : Bootstrapping Spring Data Redis repositories in DEFAULT mode.
[2023-12-11 17:33:35.235] [main] INFO  o.s.d.r.c.RepositoryConfigurationDelegate : Finished Spring Data repository scanning in 9 ms. Found 0 Redis repository interfaces.
[2023-12-11 17:33:35.660] [main] INFO  o.s.cloud.context.scope.GenericScope : BeanFactory id=3d2a4c4d-5077-361f-bdb1-120b792826d1
[2023-12-11 17:33:36.224] [main] INFO  o.s.b.w.e.tomcat.TomcatWebServer : Tomcat initialized with port(s): 9200 (http)
[2023-12-11 17:33:36.233] [main] INFO  o.a.coyote.http11.Http11NioProtocol : Initializing ProtocolHandler ["http-nio-9200"]
[2023-12-11 17:33:36.234] [main] INFO  o.a.catalina.core.StandardService : Starting service [Tomcat]
[2023-12-11 17:33:36.234] [main] INFO  o.a.catalina.core.StandardEngine : Starting Servlet engine: [Apache Tomcat/9.0.56]
[2023-12-11 17:33:36.420] [main] INFO  o.a.c.c.C.[Tomcat].[localhost].[/] : Initializing Spring embedded WebApplicationContext
[2023-12-11 17:33:36.421] [main] INFO  o.s.b.w.s.c.ServletWebServerApplicationContext : Root WebApplicationContext: initialization completed in 2109 ms
[2023-12-11 17:33:38.447] [main] INFO  o.s.b.f.a.AutowiredAnnotationBeanPostProcessor : Autowired annotation is not supported on static fields: private static java.lang.String com.yyh.xfs.common.web.utils.JWTUtil.secret
[2023-12-11 17:33:38.950] [main] WARN  o.s.c.l.c.LoadBalancerCacheAutoConfiguration$LoadBalancerCaffeineWarnLogger : Spring Cloud LoadBalancer is currently working with the default cache. While this cache implementation is useful for development and tests, it's recommended to use Caffeine cache in production.You can switch to using Caffeine cache, by adding it and org.springframework.cache.caffeine.CaffeineCacheManager to the classpath.
[2023-12-11 17:33:39.118] [main] INFO  o.a.coyote.http11.Http11NioProtocol : Starting ProtocolHandler ["http-nio-9200"]
[2023-12-11 17:33:39.134] [main] INFO  o.s.b.w.e.tomcat.TomcatWebServer : Tomcat started on port(s): 9200 (http) with context path ''
[2023-12-11 17:33:39.145] [main] INFO  c.a.c.n.r.NacosServiceRegistry : nacos registry, DEFAULT_GROUP xfs-user 192.168.229.1:9200 register finished
[2023-12-11 17:33:39.545] [main] INFO  com.yyh.xfs.user.UserApplication : Started UserApplication in 6.952 seconds (JVM running for 7.994)
[2023-12-11 17:33:39.550] [main] INFO  c.a.c.n.r.NacosContextRefresher : listening config: dataId=xfs-user, group=DEFAULT_GROUP
[2023-12-11 17:33:39.550] [main] INFO  c.a.c.n.r.NacosContextRefresher : listening config: dataId=xfs-user.yaml, group=DEFAULT_GROUP
[2023-12-11 17:33:39.551] [main] INFO  c.a.c.n.r.NacosContextRefresher : listening config: dataId=xfs-user-dev.yaml, group=DEFAULT_GROUP
[2023-12-11 17:48:26.490] [Thread-4] WARN  c.a.n.c.http.HttpClientBeanHolder : [HttpClientBeanHolder] Start destroying common HttpClient
[2023-12-11 17:48:26.490] [Thread-20] WARN  c.a.nacos.common.notify.NotifyCenter : [NotifyCenter] Start destroying Publisher
[2023-12-11 17:48:26.490] [Thread-20] WARN  c.a.nacos.common.notify.NotifyCenter : [NotifyCenter] Destruction of the end
[2023-12-11 17:48:26.492] [Thread-4] WARN  c.a.n.c.http.HttpClientBeanHolder : [HttpClientBeanHolder] Destruction of the end
[2023-12-11 17:48:26.754] [SpringApplicationShutdownHook] INFO  c.a.c.n.r.NacosServiceRegistry : De-registering from Nacos Server now...
[2023-12-11 17:48:26.758] [SpringApplicationShutdownHook] INFO  c.a.c.n.r.NacosServiceRegistry : De-registration finished.
[2023-12-11 18:27:16.952] [main] WARN  c.a.c.n.c.NacosPropertySourceBuilder : Ignore the empty nacos configuration and get it based on dataId[xfs-user] & group[DEFAULT_GROUP]
[2023-12-11 18:27:16.962] [main] WARN  c.a.c.n.c.NacosPropertySourceBuilder : Ignore the empty nacos configuration and get it based on dataId[xfs-user.yaml] & group[DEFAULT_GROUP]
[2023-12-11 18:27:16.975] [main] INFO  o.s.c.b.c.PropertySourceBootstrapConfiguration : Located property source: [BootstrapPropertySource {name='bootstrapProperties-xfs-user-dev.yaml,DEFAULT_GROUP'}, BootstrapPropertySource {name='bootstrapProperties-xfs-user.yaml,DEFAULT_GROUP'}, BootstrapPropertySource {name='bootstrapProperties-xfs-user,DEFAULT_GROUP'}, BootstrapPropertySource {name='bootstrapProperties-jwt.yaml,DEFAULT_GROUP'}, BootstrapPropertySource {name='bootstrapProperties-redis.yaml,DEFAULT_GROUP'}, BootstrapPropertySource {name='bootstrapProperties-mybatis-plus.yaml,DEFAULT_GROUP'}]
[2023-12-11 18:27:16.982] [main] INFO  com.yyh.xfs.user.UserApplication : The following profiles are active: dev
[2023-12-11 18:27:18.151] [main] INFO  o.s.d.r.c.RepositoryConfigurationDelegate : Multiple Spring Data modules found, entering strict repository configuration mode!
[2023-12-11 18:27:18.160] [main] INFO  o.s.d.r.c.RepositoryConfigurationDelegate : Bootstrapping Spring Data Redis repositories in DEFAULT mode.
[2023-12-11 18:27:18.236] [main] INFO  o.s.d.r.c.RepositoryConfigurationDelegate : Finished Spring Data repository scanning in 16 ms. Found 0 Redis repository interfaces.
[2023-12-11 18:27:19.069] [main] INFO  o.s.cloud.context.scope.GenericScope : BeanFactory id=3d2a4c4d-5077-361f-bdb1-120b792826d1
[2023-12-11 18:27:19.514] [main] INFO  o.s.b.w.e.tomcat.TomcatWebServer : Tomcat initialized with port(s): 9200 (http)
[2023-12-11 18:27:19.525] [main] INFO  o.a.coyote.http11.Http11NioProtocol : Initializing ProtocolHandler ["http-nio-9200"]
[2023-12-11 18:27:19.527] [main] INFO  o.a.catalina.core.StandardService : Starting service [Tomcat]
[2023-12-11 18:27:19.527] [main] INFO  o.a.catalina.core.StandardEngine : Starting Servlet engine: [Apache Tomcat/9.0.56]
[2023-12-11 18:27:19.725] [main] INFO  o.a.c.c.C.[Tomcat].[localhost].[/] : Initializing Spring embedded WebApplicationContext
[2023-12-11 18:27:19.726] [main] INFO  o.s.b.w.s.c.ServletWebServerApplicationContext : Root WebApplicationContext: initialization completed in 2723 ms
[2023-12-11 18:27:22.213] [main] INFO  o.s.b.f.a.AutowiredAnnotationBeanPostProcessor : Autowired annotation is not supported on static fields: private static java.lang.String com.yyh.xfs.common.web.utils.JWTUtil.secret
[2023-12-11 18:27:22.894] [main] WARN  o.s.c.l.c.LoadBalancerCacheAutoConfiguration$LoadBalancerCaffeineWarnLogger : Spring Cloud LoadBalancer is currently working with the default cache. While this cache implementation is useful for development and tests, it's recommended to use Caffeine cache in production.You can switch to using Caffeine cache, by adding it and org.springframework.cache.caffeine.CaffeineCacheManager to the classpath.
[2023-12-11 18:27:23.257] [main] INFO  o.a.coyote.http11.Http11NioProtocol : Starting ProtocolHandler ["http-nio-9200"]
[2023-12-11 18:27:23.277] [main] INFO  o.s.b.w.e.tomcat.TomcatWebServer : Tomcat started on port(s): 9200 (http) with context path ''
[2023-12-11 18:27:23.301] [main] INFO  c.a.c.n.r.NacosServiceRegistry : nacos registry, DEFAULT_GROUP xfs-user 192.168.229.1:9200 register finished
[2023-12-11 18:27:23.775] [main] INFO  com.yyh.xfs.user.UserApplication : Started UserApplication in 9.763 seconds (JVM running for 12.449)
[2023-12-11 18:27:23.784] [main] INFO  c.a.c.n.r.NacosContextRefresher : listening config: dataId=xfs-user, group=DEFAULT_GROUP
[2023-12-11 18:27:23.785] [main] INFO  c.a.c.n.r.NacosContextRefresher : listening config: dataId=xfs-user.yaml, group=DEFAULT_GROUP
[2023-12-11 18:27:23.787] [main] INFO  c.a.c.n.r.NacosContextRefresher : listening config: dataId=xfs-user-dev.yaml, group=DEFAULT_GROUP
[2023-12-11 19:20:41.472] [Thread-31] WARN  c.a.nacos.common.notify.NotifyCenter : [NotifyCenter] Start destroying Publisher
[2023-12-11 19:20:41.472] [Thread-6] WARN  c.a.n.c.http.HttpClientBeanHolder : [HttpClientBeanHolder] Start destroying common HttpClient
[2023-12-11 19:20:41.480] [Thread-6] WARN  c.a.n.c.http.HttpClientBeanHolder : [HttpClientBeanHolder] Destruction of the end
[2023-12-11 19:20:41.480] [Thread-31] WARN  c.a.nacos.common.notify.NotifyCenter : [NotifyCenter] Destruction of the end
[2023-12-11 19:20:41.923] [SpringApplicationShutdownHook] INFO  c.a.c.n.r.NacosServiceRegistry : De-registering from Nacos Server now...
[2023-12-11 19:20:41.927] [SpringApplicationShutdownHook] INFO  c.a.c.n.r.NacosServiceRegistry : De-registration finished.
[2023-12-11 19:20:56.739] [main] WARN  c.a.c.n.c.NacosPropertySourceBuilder : Ignore the empty nacos configuration and get it based on dataId[xfs-user] & group[DEFAULT_GROUP]
[2023-12-11 19:20:56.746] [main] WARN  c.a.c.n.c.NacosPropertySourceBuilder : Ignore the empty nacos configuration and get it based on dataId[xfs-user.yaml] & group[DEFAULT_GROUP]
[2023-12-11 19:20:56.757] [main] INFO  o.s.c.b.c.PropertySourceBootstrapConfiguration : Located property source: [BootstrapPropertySource {name='bootstrapProperties-xfs-user-dev.yaml,DEFAULT_GROUP'}, BootstrapPropertySource {name='bootstrapProperties-xfs-user.yaml,DEFAULT_GROUP'}, BootstrapPropertySource {name='bootstrapProperties-xfs-user,DEFAULT_GROUP'}, BootstrapPropertySource {name='bootstrapProperties-jwt.yaml,DEFAULT_GROUP'}, BootstrapPropertySource {name='bootstrapProperties-redis.yaml,DEFAULT_GROUP'}, BootstrapPropertySource {name='bootstrapProperties-mybatis-plus.yaml,DEFAULT_GROUP'}]
[2023-12-11 19:20:56.765] [main] INFO  com.yyh.xfs.user.UserApplication : The following profiles are active: dev
[2023-12-11 19:20:57.534] [main] INFO  o.s.d.r.c.RepositoryConfigurationDelegate : Multiple Spring Data modules found, entering strict repository configuration mode!
[2023-12-11 19:20:57.536] [main] INFO  o.s.d.r.c.RepositoryConfigurationDelegate : Bootstrapping Spring Data Redis repositories in DEFAULT mode.
[2023-12-11 19:20:57.557] [main] INFO  o.s.d.r.c.RepositoryConfigurationDelegate : Finished Spring Data repository scanning in 9 ms. Found 0 Redis repository interfaces.
[2023-12-11 19:20:57.806] [main] INFO  o.s.cloud.context.scope.GenericScope : BeanFactory id=3d2a4c4d-5077-361f-bdb1-120b792826d1
[2023-12-11 19:20:58.077] [main] INFO  o.s.b.w.e.tomcat.TomcatWebServer : Tomcat initialized with port(s): 9200 (http)
[2023-12-11 19:20:58.120] [main] INFO  o.a.coyote.http11.Http11NioProtocol : Initializing ProtocolHandler ["http-nio-9200"]
[2023-12-11 19:20:58.120] [main] INFO  o.a.catalina.core.StandardService : Starting service [Tomcat]
[2023-12-11 19:20:58.120] [main] INFO  o.a.catalina.core.StandardEngine : Starting Servlet engine: [Apache Tomcat/9.0.56]
[2023-12-11 19:20:58.241] [main] INFO  o.a.c.c.C.[Tomcat].[localhost].[/] : Initializing Spring embedded WebApplicationContext
[2023-12-11 19:20:58.241] [main] INFO  o.s.b.w.s.c.ServletWebServerApplicationContext : Root WebApplicationContext: initialization completed in 1462 ms
[2023-12-11 19:21:00.298] [main] INFO  o.s.b.f.a.AutowiredAnnotationBeanPostProcessor : Autowired annotation is not supported on static fields: private static java.lang.String com.yyh.xfs.common.web.utils.JWTUtil.secret
[2023-12-11 19:21:00.864] [main] WARN  o.s.c.l.c.LoadBalancerCacheAutoConfiguration$LoadBalancerCaffeineWarnLogger : Spring Cloud LoadBalancer is currently working with the default cache. While this cache implementation is useful for development and tests, it's recommended to use Caffeine cache in production.You can switch to using Caffeine cache, by adding it and org.springframework.cache.caffeine.CaffeineCacheManager to the classpath.
[2023-12-11 19:21:01.044] [main] INFO  o.a.coyote.http11.Http11NioProtocol : Starting ProtocolHandler ["http-nio-9200"]
[2023-12-11 19:21:01.058] [main] INFO  o.s.b.w.e.tomcat.TomcatWebServer : Tomcat started on port(s): 9200 (http) with context path ''
[2023-12-11 19:21:01.072] [main] INFO  c.a.c.n.r.NacosServiceRegistry : nacos registry, DEFAULT_GROUP xfs-user 192.168.229.1:9200 register finished
[2023-12-11 19:21:01.537] [main] INFO  com.yyh.xfs.user.UserApplication : Started UserApplication in 6.495 seconds (JVM running for 7.625)
[2023-12-11 19:21:01.548] [main] INFO  c.a.c.n.r.NacosContextRefresher : listening config: dataId=xfs-user, group=DEFAULT_GROUP
[2023-12-11 19:21:01.550] [main] INFO  c.a.c.n.r.NacosContextRefresher : listening config: dataId=xfs-user.yaml, group=DEFAULT_GROUP
[2023-12-11 19:21:01.553] [main] INFO  c.a.c.n.r.NacosContextRefresher : listening config: dataId=xfs-user-dev.yaml, group=DEFAULT_GROUP
[2023-12-11 20:21:05.691] [Thread-25] WARN  c.a.nacos.common.notify.NotifyCenter : [NotifyCenter] Start destroying Publisher
[2023-12-11 20:21:05.691] [Thread-4] WARN  c.a.n.c.http.HttpClientBeanHolder : [HttpClientBeanHolder] Start destroying common HttpClient
[2023-12-11 20:21:05.699] [Thread-25] WARN  c.a.nacos.common.notify.NotifyCenter : [NotifyCenter] Destruction of the end
[2023-12-11 20:21:05.701] [Thread-4] WARN  c.a.n.c.http.HttpClientBeanHolder : [HttpClientBeanHolder] Destruction of the end
[2023-12-11 20:21:06.081] [SpringApplicationShutdownHook] INFO  c.a.c.n.r.NacosServiceRegistry : De-registering from Nacos Server now...
[2023-12-11 20:21:06.086] [SpringApplicationShutdownHook] INFO  c.a.c.n.r.NacosServiceRegistry : De-registration finished.
[2023-12-11 20:21:27.228] [main] WARN  c.a.c.n.c.NacosPropertySourceBuilder : Ignore the empty nacos configuration and get it based on dataId[xfs-user] & group[DEFAULT_GROUP]
[2023-12-11 20:21:27.232] [main] WARN  c.a.c.n.c.NacosPropertySourceBuilder : Ignore the empty nacos configuration and get it based on dataId[xfs-user.yaml] & group[DEFAULT_GROUP]
[2023-12-11 20:21:27.239] [main] INFO  o.s.c.b.c.PropertySourceBootstrapConfiguration : Located property source: [BootstrapPropertySource {name='bootstrapProperties-xfs-user-dev.yaml,DEFAULT_GROUP'}, BootstrapPropertySource {name='bootstrapProperties-xfs-user.yaml,DEFAULT_GROUP'}, BootstrapPropertySource {name='bootstrapProperties-xfs-user,DEFAULT_GROUP'}, BootstrapPropertySource {name='bootstrapProperties-jwt.yaml,DEFAULT_GROUP'}, BootstrapPropertySource {name='bootstrapProperties-redis.yaml,DEFAULT_GROUP'}, BootstrapPropertySource {name='bootstrapProperties-mybatis-plus.yaml,DEFAULT_GROUP'}]
[2023-12-11 20:21:27.243] [main] INFO  com.yyh.xfs.user.UserApplication : The following profiles are active: dev
[2023-12-11 20:21:27.962] [main] INFO  o.s.d.r.c.RepositoryConfigurationDelegate : Multiple Spring Data modules found, entering strict repository configuration mode!
[2023-12-11 20:21:27.964] [main] INFO  o.s.d.r.c.RepositoryConfigurationDelegate : Bootstrapping Spring Data Redis repositories in DEFAULT mode.
[2023-12-11 20:21:27.986] [main] INFO  o.s.d.r.c.RepositoryConfigurationDelegate : Finished Spring Data repository scanning in 9 ms. Found 0 Redis repository interfaces.
[2023-12-11 20:21:28.252] [main] INFO  o.s.cloud.context.scope.GenericScope : BeanFactory id=9430e3ef-5639-3ff0-90bb-fc8c8547073b
[2023-12-11 20:21:28.629] [main] INFO  o.s.b.w.e.tomcat.TomcatWebServer : Tomcat initialized with port(s): 9200 (http)
[2023-12-11 20:21:28.640] [main] INFO  o.a.coyote.http11.Http11NioProtocol : Initializing ProtocolHandler ["http-nio-9200"]
[2023-12-11 20:21:28.640] [main] INFO  o.a.catalina.core.StandardService : Starting service [Tomcat]
[2023-12-11 20:21:28.640] [main] INFO  o.a.catalina.core.StandardEngine : Starting Servlet engine: [Apache Tomcat/9.0.56]
[2023-12-11 20:21:28.853] [main] INFO  o.a.c.c.C.[Tomcat].[localhost].[/] : Initializing Spring embedded WebApplicationContext
[2023-12-11 20:21:28.853] [main] INFO  o.s.b.w.s.c.ServletWebServerApplicationContext : Root WebApplicationContext: initialization completed in 1600 ms
[2023-12-11 20:21:32.267] [main] WARN  o.s.c.l.c.LoadBalancerCacheAutoConfiguration$LoadBalancerCaffeineWarnLogger : Spring Cloud LoadBalancer is currently working with the default cache. While this cache implementation is useful for development and tests, it's recommended to use Caffeine cache in production.You can switch to using Caffeine cache, by adding it and org.springframework.cache.caffeine.CaffeineCacheManager to the classpath.
[2023-12-11 20:21:32.451] [main] INFO  o.a.coyote.http11.Http11NioProtocol : Starting ProtocolHandler ["http-nio-9200"]
[2023-12-11 20:21:32.467] [main] INFO  o.s.b.w.e.tomcat.TomcatWebServer : Tomcat started on port(s): 9200 (http) with context path ''
[2023-12-11 20:21:32.477] [main] INFO  c.a.c.n.r.NacosServiceRegistry : nacos registry, DEFAULT_GROUP xfs-user 192.168.229.1:9200 register finished
[2023-12-11 20:21:33.033] [main] INFO  com.yyh.xfs.user.UserApplication : Started UserApplication in 7.717 seconds (JVM running for 8.868)
[2023-12-11 20:21:33.040] [main] INFO  c.a.c.n.r.NacosContextRefresher : listening config: dataId=xfs-user, group=DEFAULT_GROUP
[2023-12-11 20:21:33.040] [main] INFO  c.a.c.n.r.NacosContextRefresher : listening config: dataId=xfs-user.yaml, group=DEFAULT_GROUP
[2023-12-11 20:21:33.041] [main] INFO  c.a.c.n.r.NacosContextRefresher : listening config: dataId=xfs-user-dev.yaml, group=DEFAULT_GROUP
[2023-12-11 20:25:17.664] [Thread-26] WARN  c.a.nacos.common.notify.NotifyCenter : [NotifyCenter] Start destroying Publisher
[2023-12-11 20:25:17.664] [Thread-4] WARN  c.a.n.c.http.HttpClientBeanHolder : [HttpClientBeanHolder] Start destroying common HttpClient
[2023-12-11 20:25:17.664] [Thread-26] WARN  c.a.nacos.common.notify.NotifyCenter : [NotifyCenter] Destruction of the end
[2023-12-11 20:25:17.665] [Thread-4] WARN  c.a.n.c.http.HttpClientBeanHolder : [HttpClientBeanHolder] Destruction of the end
[2023-12-11 20:25:17.978] [SpringApplicationShutdownHook] INFO  c.a.c.n.r.NacosServiceRegistry : De-registering from Nacos Server now...
[2023-12-11 20:25:17.982] [SpringApplicationShutdownHook] INFO  c.a.c.n.r.NacosServiceRegistry : De-registration finished.
[2023-12-11 20:25:30.304] [main] WARN  c.a.c.n.c.NacosPropertySourceBuilder : Ignore the empty nacos configuration and get it based on dataId[xfs-user] & group[DEFAULT_GROUP]
[2023-12-11 20:25:30.310] [main] WARN  c.a.c.n.c.NacosPropertySourceBuilder : Ignore the empty nacos configuration and get it based on dataId[xfs-user.yaml] & group[DEFAULT_GROUP]
[2023-12-11 20:25:30.318] [main] INFO  o.s.c.b.c.PropertySourceBootstrapConfiguration : Located property source: [BootstrapPropertySource {name='bootstrapProperties-xfs-user-dev.yaml,DEFAULT_GROUP'}, BootstrapPropertySource {name='bootstrapProperties-xfs-user.yaml,DEFAULT_GROUP'}, BootstrapPropertySource {name='bootstrapProperties-xfs-user,DEFAULT_GROUP'}, BootstrapPropertySource {name='bootstrapProperties-jwt.yaml,DEFAULT_GROUP'}, BootstrapPropertySource {name='bootstrapProperties-redis.yaml,DEFAULT_GROUP'}, BootstrapPropertySource {name='bootstrapProperties-mybatis-plus.yaml,DEFAULT_GROUP'}]
[2023-12-11 20:25:30.322] [main] INFO  com.yyh.xfs.user.UserApplication : The following profiles are active: dev
[2023-12-11 20:25:30.940] [main] INFO  o.s.d.r.c.RepositoryConfigurationDelegate : Multiple Spring Data modules found, entering strict repository configuration mode!
[2023-12-11 20:25:30.942] [main] INFO  o.s.d.r.c.RepositoryConfigurationDelegate : Bootstrapping Spring Data Redis repositories in DEFAULT mode.
[2023-12-11 20:25:30.962] [main] INFO  o.s.d.r.c.RepositoryConfigurationDelegate : Finished Spring Data repository scanning in 8 ms. Found 0 Redis repository interfaces.
[2023-12-11 20:25:31.207] [main] INFO  o.s.cloud.context.scope.GenericScope : BeanFactory id=9430e3ef-5639-3ff0-90bb-fc8c8547073b
[2023-12-11 20:25:31.469] [main] INFO  o.s.b.w.e.tomcat.TomcatWebServer : Tomcat initialized with port(s): 9200 (http)
[2023-12-11 20:25:31.507] [main] INFO  o.a.coyote.http11.Http11NioProtocol : Initializing ProtocolHandler ["http-nio-9200"]
[2023-12-11 20:25:31.508] [main] INFO  o.a.catalina.core.StandardService : Starting service [Tomcat]
[2023-12-11 20:25:31.508] [main] INFO  o.a.catalina.core.StandardEngine : Starting Servlet engine: [Apache Tomcat/9.0.56]
[2023-12-11 20:25:31.621] [main] INFO  o.a.c.c.C.[Tomcat].[localhost].[/] : Initializing Spring embedded WebApplicationContext
[2023-12-11 20:25:31.621] [main] INFO  o.s.b.w.s.c.ServletWebServerApplicationContext : Root WebApplicationContext: initialization completed in 1289 ms
[2023-12-11 20:25:31.876] [main] WARN  o.s.b.w.s.c.AnnotationConfigServletWebServerApplicationContext : Exception encountered during context initialization - cancelling refresh attempt: org.springframework.beans.factory.UnsatisfiedDependencyException: Error creating bean with name 'userServiceImpl' defined in file [D:\ideaproject\xiaofanshu\xfs-modules-server\xfs-user-server\target\classes\com\yyh\xfs\user\service\impl\UserServiceImpl.class]: Unsatisfied dependency expressed through constructor parameter 1; nested exception is org.springframework.boot.context.properties.ConfigurationPropertiesBindException: Error creating bean with name 'com.yyh.xfs.common.web.properties.JwtProperties': Could not bind properties to 'JwtProperties' : prefix=jwt, ignoreInvalidFields=false, ignoreUnknownFields=true; nested exception is org.springframework.boot.context.properties.bind.BindException: Failed to bind properties under 'jwt.expire-time' to long
[2023-12-11 20:25:31.889] [main] INFO  o.a.catalina.core.StandardService : Stopping service [Tomcat]
[2023-12-11 20:25:31.902] [main] INFO  o.s.b.a.l.ConditionEvaluationReportLoggingListener : 

Error starting ApplicationContext. To display the conditions report re-run your application with 'debug' enabled.
[2023-12-11 20:25:31.920] [main] ERROR o.s.b.d.LoggingFailureAnalysisReporter : 

***************************
APPLICATION FAILED TO START
***************************

Description:

Failed to bind properties under 'jwt.expire-time' to long:

    Property: jwt.expire-time
    Value: ${24 * 60 * 60 * 1000}
    Origin: "jwt.expire-time" from property source "bootstrapProperties-jwt.yaml,DEFAULT_GROUP"
    Reason: failed to convert java.lang.String to long (caused by java.lang.NumberFormatException: For input string: "${24*60*60*1000}")

Action:

Update your application's configuration

[2023-12-11 20:25:32.707] [Thread-4] WARN  c.a.n.c.http.HttpClientBeanHolder : [HttpClientBeanHolder] Start destroying common HttpClient
[2023-12-11 20:28:15.589] [main] WARN  c.a.c.n.c.NacosPropertySourceBuilder : Ignore the empty nacos configuration and get it based on dataId[xfs-user] & group[DEFAULT_GROUP]
[2023-12-11 20:28:15.594] [main] WARN  c.a.c.n.c.NacosPropertySourceBuilder : Ignore the empty nacos configuration and get it based on dataId[xfs-user.yaml] & group[DEFAULT_GROUP]
[2023-12-11 20:28:15.599] [main] INFO  o.s.c.b.c.PropertySourceBootstrapConfiguration : Located property source: [BootstrapPropertySource {name='bootstrapProperties-xfs-user-dev.yaml,DEFAULT_GROUP'}, BootstrapPropertySource {name='bootstrapProperties-xfs-user.yaml,DEFAULT_GROUP'}, BootstrapPropertySource {name='bootstrapProperties-xfs-user,DEFAULT_GROUP'}, BootstrapPropertySource {name='bootstrapProperties-jwt.yaml,DEFAULT_GROUP'}, BootstrapPropertySource {name='bootstrapProperties-redis.yaml,DEFAULT_GROUP'}, BootstrapPropertySource {name='bootstrapProperties-mybatis-plus.yaml,DEFAULT_GROUP'}]
[2023-12-11 20:28:15.604] [main] INFO  com.yyh.xfs.user.UserApplication : The following profiles are active: dev
[2023-12-11 20:28:15.828] [Thread-5] WARN  c.a.n.c.http.HttpClientBeanHolder : [HttpClientBeanHolder] Start destroying common HttpClient
[2023-12-11 20:28:15.829] [Thread-5] WARN  c.a.n.c.http.HttpClientBeanHolder : [HttpClientBeanHolder] Destruction of the end
[2023-12-11 20:28:16.326] [main] INFO  o.s.d.r.c.RepositoryConfigurationDelegate : Multiple Spring Data modules found, entering strict repository configuration mode!
[2023-12-11 20:28:16.328] [main] INFO  o.s.d.r.c.RepositoryConfigurationDelegate : Bootstrapping Spring Data Redis repositories in DEFAULT mode.
[2023-12-11 20:28:16.350] [main] INFO  o.s.d.r.c.RepositoryConfigurationDelegate : Finished Spring Data repository scanning in 8 ms. Found 0 Redis repository interfaces.
[2023-12-11 20:28:16.593] [main] INFO  o.s.cloud.context.scope.GenericScope : BeanFactory id=9430e3ef-5639-3ff0-90bb-fc8c8547073b
[2023-12-11 20:28:16.864] [main] INFO  o.s.b.w.e.tomcat.TomcatWebServer : Tomcat initialized with port(s): 9200 (http)
[2023-12-11 20:28:17.036] [main] INFO  o.s.b.w.s.c.ServletWebServerApplicationContext : Root WebApplicationContext: initialization completed in 1421 ms
[2023-12-11 20:28:19.655] [main] WARN  o.s.c.l.c.LoadBalancerCacheAutoConfiguration$LoadBalancerCaffeineWarnLogger : Spring Cloud LoadBalancer is currently working with the default cache. While this cache implementation is useful for development and tests, it's recommended to use Caffeine cache in production.You can switch to using Caffeine cache, by adding it and org.springframework.cache.caffeine.CaffeineCacheManager to the classpath.
[2023-12-11 20:28:19.741] [main] WARN  o.s.b.w.s.c.AnnotationConfigServletWebServerApplicationContext : Exception encountered during context initialization - cancelling refresh attempt: org.springframework.context.ApplicationContextException: Failed to start bean 'nacosWatch'; nested exception is java.lang.RuntimeException: ErrCode:-400, ErrMsg:Shutdown in progress
[2023-12-11 20:28:19.747] [main] ERROR c.a.cloud.nacos.discovery.NacosWatch : namingService unsubscribe failed, properties:NacosDiscoveryProperties{serverAddr='192.168.124.100:8848', username='', password='', endpoint='', namespace='54c5b22b-7b63-4073-9a77-f07142769f1f', watchDelay=30000, logName='', service='xfs-user', weight=1.0, clusterName='DEFAULT', group='DEFAULT_GROUP', namingLoadCacheAtStart='false', metadata={preserved.register.source=SPRING_CLOUD}, registerEnabled=true, ip='192.168.229.1', networkInterface='', port=-1, secure=false, accessKey='', secretKey='', heartBeatInterval=null, heartBeatTimeout=null, ipDeleteTimeout=null, instanceEnabled=true, ephemeral=true, failureToleranceEnabled=false}, ipDeleteTimeout=null, failFast=true}
java.lang.RuntimeException: ErrCode:-400, ErrMsg:Exception java.lang.IllegalStateException: Shutdown in progress [in thread "main"]
	at com.alibaba.cloud.nacos.NacosServiceManager.createNewNamingService(NacosServiceManager.java:101)
	at com.alibaba.cloud.nacos.NacosServiceManager.buildNamingService(NacosServiceManager.java:89)
	at com.alibaba.cloud.nacos.NacosServiceManager.getNamingService(NacosServiceManager.java:52)
	at com.alibaba.cloud.nacos.discovery.NacosWatch.stop(NacosWatch.java:175)
	at com.alibaba.cloud.nacos.discovery.NacosWatch.destroy(NacosWatch.java:206)
	at org.springframework.beans.factory.support.DisposableBeanAdapter.destroy(DisposableBeanAdapter.java:212)
	at org.springframework.beans.factory.support.DefaultSingletonBeanRegistry.destroyBean(DefaultSingletonBeanRegistry.java:587)
	at org.springframework.beans.factory.support.DefaultSingletonBeanRegistry.destroySingleton(DefaultSingletonBeanRegistry.java:559)
	at org.springframework.beans.factory.support.DefaultListableBeanFactory.destroySingleton(DefaultListableBeanFactory.java:1161)
	at org.springframework.beans.factory.support.DefaultSingletonBeanRegistry.destroySingletons(DefaultSingletonBeanRegistry.java:520)
	at org.springframework.beans.factory.support.DefaultListableBeanFactory.destroySingletons(DefaultListableBeanFactory.java:1154)
	at org.springframework.context.support.AbstractApplicationContext.destroyBeans(AbstractApplicationContext.java:1106)
	at org.springframework.context.support.AbstractApplicationContext.refresh(AbstractApplicationContext.java:596)
	at org.springframework.boot.web.servlet.context.ServletWebServerApplicationContext.refresh(ServletWebServerApplicationContext.java:145)
	at org.springframework.boot.SpringApplication.refresh(SpringApplication.java:732)
	at org.springframework.boot.SpringApplication.refreshContext(SpringApplication.java:414)
	at org.springframework.boot.SpringApplication.run(SpringApplication.java:302)
	at org.springframework.boot.SpringApplication.run(SpringApplication.java:1303)
	at org.springframework.boot.SpringApplication.run(SpringApplication.java:1292)
	at com.yyh.xfs.user.UserApplication.main(UserApplication.java:13)
Caused by: com.alibaba.nacos.api.exception.NacosException: java.lang.reflect.InvocationTargetException
	at com.alibaba.nacos.api.naming.NamingFactory.createNamingService(NamingFactory.java:63)
	at com.alibaba.nacos.api.NacosFactory.createNamingService(NacosFactory.java:77)
	at com.alibaba.cloud.nacos.NacosServiceManager.createNewNamingService(NacosServiceManager.java:98)
	... 19 common frames omitted
Caused by: java.lang.reflect.InvocationTargetException: null
	at sun.reflect.NativeConstructorAccessorImpl.newInstance0(Native Method)
	at sun.reflect.NativeConstructorAccessorImpl.newInstance(NativeConstructorAccessorImpl.java:62)
	at sun.reflect.DelegatingConstructorAccessorImpl.newInstance(DelegatingConstructorAccessorImpl.java:45)
	at java.lang.reflect.Constructor.newInstance(Constructor.java:423)
	at com.alibaba.nacos.api.naming.NamingFactory.createNamingService(NamingFactory.java:60)
	... 21 common frames omitted
Caused by: java.lang.NoClassDefFoundError: Could not initialize class com.alibaba.nacos.common.notify.NotifyCenter
	at com.alibaba.nacos.client.naming.core.HostReactor.<init>(HostReactor.java:118)
	at com.alibaba.nacos.client.naming.NacosNamingService.init(NacosNamingService.java:96)
	at com.alibaba.nacos.client.naming.NacosNamingService.<init>(NacosNamingService.java:81)
	... 26 common frames omitted
Caused by: java.lang.ExceptionInInitializerError: Exception java.lang.IllegalStateException: Shutdown in progress [in thread "main"]
	at java.lang.ApplicationShutdownHooks.add(ApplicationShutdownHooks.java:66)
	at java.lang.Runtime.addShutdownHook(Runtime.java:203)
	at com.alibaba.nacos.common.utils.ThreadUtils.addShutdownHook(ThreadUtils.java:147)
	at com.alibaba.nacos.common.notify.NotifyCenter.<clinit>(NotifyCenter.java:112)
	at com.alibaba.nacos.client.naming.core.HostReactor.<init>(HostReactor.java:118)
	at com.alibaba.nacos.client.naming.NacosNamingService.init(NacosNamingService.java:96)
	at com.alibaba.nacos.client.naming.NacosNamingService.<init>(NacosNamingService.java:81)
	at sun.reflect.NativeConstructorAccessorImpl.newInstance0(Native Method)
	at sun.reflect.NativeConstructorAccessorImpl.newInstance(NativeConstructorAccessorImpl.java:62)
	at sun.reflect.DelegatingConstructorAccessorImpl.newInstance(DelegatingConstructorAccessorImpl.java:45)
	at java.lang.reflect.Constructor.newInstance(Constructor.java:423)
	at com.alibaba.nacos.api.naming.NamingFactory.createNamingService(NamingFactory.java:60)
	at com.alibaba.nacos.api.NacosFactory.createNamingService(NacosFactory.java:77)
	at com.alibaba.cloud.nacos.NacosServiceManager.createNewNamingService(NacosServiceManager.java:98)
	at com.alibaba.cloud.nacos.NacosServiceManager.buildNamingService(NacosServiceManager.java:89)
	at com.alibaba.cloud.nacos.NacosServiceManager.getNamingService(NacosServiceManager.java:52)
	at com.alibaba.cloud.nacos.discovery.NacosWatch.start(NacosWatch.java:131)
	at org.springframework.context.support.DefaultLifecycleProcessor.doStart(DefaultLifecycleProcessor.java:178)
	at org.springframework.context.support.DefaultLifecycleProcessor.access$200(DefaultLifecycleProcessor.java:54)
	at org.springframework.context.support.DefaultLifecycleProcessor$LifecycleGroup.start(DefaultLifecycleProcessor.java:356)
	at java.lang.Iterable.forEach(Iterable.java:75)
	at org.springframework.context.support.DefaultLifecycleProcessor.startBeans(DefaultLifecycleProcessor.java:155)
	at org.springframework.context.support.DefaultLifecycleProcessor.onRefresh(DefaultLifecycleProcessor.java:123)
	at org.springframework.context.support.AbstractApplicationContext.finishRefresh(AbstractApplicationContext.java:935)
	at org.springframework.context.support.AbstractApplicationContext.refresh(AbstractApplicationContext.java:586)
	... 7 common frames omitted
[2023-12-11 20:28:23.512] [main] WARN  c.a.c.n.c.NacosPropertySourceBuilder : Ignore the empty nacos configuration and get it based on dataId[xfs-user] & group[DEFAULT_GROUP]
[2023-12-11 20:28:23.516] [main] WARN  c.a.c.n.c.NacosPropertySourceBuilder : Ignore the empty nacos configuration and get it based on dataId[xfs-user.yaml] & group[DEFAULT_GROUP]
[2023-12-11 20:28:23.522] [main] INFO  o.s.c.b.c.PropertySourceBootstrapConfiguration : Located property source: [BootstrapPropertySource {name='bootstrapProperties-xfs-user-dev.yaml,DEFAULT_GROUP'}, BootstrapPropertySource {name='bootstrapProperties-xfs-user.yaml,DEFAULT_GROUP'}, BootstrapPropertySource {name='bootstrapProperties-xfs-user,DEFAULT_GROUP'}, BootstrapPropertySource {name='bootstrapProperties-jwt.yaml,DEFAULT_GROUP'}, BootstrapPropertySource {name='bootstrapProperties-redis.yaml,DEFAULT_GROUP'}, BootstrapPropertySource {name='bootstrapProperties-mybatis-plus.yaml,DEFAULT_GROUP'}]
[2023-12-11 20:28:23.526] [main] INFO  com.yyh.xfs.user.UserApplication : The following profiles are active: dev
[2023-12-11 20:28:24.103] [main] INFO  o.s.d.r.c.RepositoryConfigurationDelegate : Multiple Spring Data modules found, entering strict repository configuration mode!
[2023-12-11 20:28:24.106] [main] INFO  o.s.d.r.c.RepositoryConfigurationDelegate : Bootstrapping Spring Data Redis repositories in DEFAULT mode.
[2023-12-11 20:28:24.125] [main] INFO  o.s.d.r.c.RepositoryConfigurationDelegate : Finished Spring Data repository scanning in 7 ms. Found 0 Redis repository interfaces.
[2023-12-11 20:28:24.336] [main] INFO  o.s.cloud.context.scope.GenericScope : BeanFactory id=9430e3ef-5639-3ff0-90bb-fc8c8547073b
[2023-12-11 20:28:24.590] [main] INFO  o.s.b.w.e.tomcat.TomcatWebServer : Tomcat initialized with port(s): 9200 (http)
[2023-12-11 20:28:24.626] [main] INFO  o.a.coyote.http11.Http11NioProtocol : Initializing ProtocolHandler ["http-nio-9200"]
[2023-12-11 20:28:24.627] [main] INFO  o.a.catalina.core.StandardService : Starting service [Tomcat]
[2023-12-11 20:28:24.627] [main] INFO  o.a.catalina.core.StandardEngine : Starting Servlet engine: [Apache Tomcat/9.0.56]
[2023-12-11 20:28:24.730] [main] INFO  o.a.c.c.C.[Tomcat].[localhost].[/] : Initializing Spring embedded WebApplicationContext
[2023-12-11 20:28:24.730] [main] INFO  o.s.b.w.s.c.ServletWebServerApplicationContext : Root WebApplicationContext: initialization completed in 1194 ms
[2023-12-11 20:28:27.029] [main] WARN  o.s.c.l.c.LoadBalancerCacheAutoConfiguration$LoadBalancerCaffeineWarnLogger : Spring Cloud LoadBalancer is currently working with the default cache. While this cache implementation is useful for development and tests, it's recommended to use Caffeine cache in production.You can switch to using Caffeine cache, by adding it and org.springframework.cache.caffeine.CaffeineCacheManager to the classpath.
[2023-12-11 20:28:27.202] [main] INFO  o.a.coyote.http11.Http11NioProtocol : Starting ProtocolHandler ["http-nio-9200"]
[2023-12-11 20:28:27.216] [main] INFO  o.s.b.w.e.tomcat.TomcatWebServer : Tomcat started on port(s): 9200 (http) with context path ''
[2023-12-11 20:28:27.228] [main] INFO  c.a.c.n.r.NacosServiceRegistry : nacos registry, DEFAULT_GROUP xfs-user 192.168.229.1:9200 register finished
[2023-12-11 20:28:27.653] [main] INFO  com.yyh.xfs.user.UserApplication : Started UserApplication in 5.719 seconds (JVM running for 6.661)
[2023-12-11 20:28:27.658] [main] INFO  c.a.c.n.r.NacosContextRefresher : listening config: dataId=xfs-user, group=DEFAULT_GROUP
[2023-12-11 20:28:27.658] [main] INFO  c.a.c.n.r.NacosContextRefresher : listening config: dataId=xfs-user.yaml, group=DEFAULT_GROUP
[2023-12-11 20:28:27.659] [main] INFO  c.a.c.n.r.NacosContextRefresher : listening config: dataId=xfs-user-dev.yaml, group=DEFAULT_GROUP
[2023-12-11 20:31:20.285] [Thread-4] WARN  c.a.n.c.http.HttpClientBeanHolder : [HttpClientBeanHolder] Start destroying common HttpClient
[2023-12-11 20:31:20.286] [Thread-22] WARN  c.a.nacos.common.notify.NotifyCenter : [NotifyCenter] Start destroying Publisher
[2023-12-11 20:31:20.286] [Thread-22] WARN  c.a.nacos.common.notify.NotifyCenter : [NotifyCenter] Destruction of the end
[2023-12-11 20:31:20.286] [Thread-4] WARN  c.a.n.c.http.HttpClientBeanHolder : [HttpClientBeanHolder] Destruction of the end
[2023-12-11 20:31:20.629] [SpringApplicationShutdownHook] INFO  c.a.c.n.r.NacosServiceRegistry : De-registering from Nacos Server now...
[2023-12-11 20:31:20.636] [SpringApplicationShutdownHook] INFO  c.a.c.n.r.NacosServiceRegistry : De-registration finished.
[2023-12-11 23:09:14.717] [main] WARN  c.a.c.n.c.NacosPropertySourceBuilder : Ignore the empty nacos configuration and get it based on dataId[xfs-user] & group[DEFAULT_GROUP]
[2023-12-11 23:09:14.723] [main] WARN  c.a.c.n.c.NacosPropertySourceBuilder : Ignore the empty nacos configuration and get it based on dataId[xfs-user.yaml] & group[DEFAULT_GROUP]
[2023-12-11 23:09:14.734] [main] INFO  o.s.c.b.c.PropertySourceBootstrapConfiguration : Located property source: [BootstrapPropertySource {name='bootstrapProperties-xfs-user-dev.yaml,DEFAULT_GROUP'}, BootstrapPropertySource {name='bootstrapProperties-xfs-user.yaml,DEFAULT_GROUP'}, BootstrapPropertySource {name='bootstrapProperties-xfs-user,DEFAULT_GROUP'}, BootstrapPropertySource {name='bootstrapProperties-jwt.yaml,DEFAULT_GROUP'}, BootstrapPropertySource {name='bootstrapProperties-redis.yaml,DEFAULT_GROUP'}, BootstrapPropertySource {name='bootstrapProperties-mybatis-plus.yaml,DEFAULT_GROUP'}]
[2023-12-11 23:09:14.741] [main] INFO  com.yyh.xfs.user.UserApplication : The following profiles are active: dev
[2023-12-11 23:09:15.551] [main] INFO  o.s.d.r.c.RepositoryConfigurationDelegate : Multiple Spring Data modules found, entering strict repository configuration mode!
[2023-12-11 23:09:15.554] [main] INFO  o.s.d.r.c.RepositoryConfigurationDelegate : Bootstrapping Spring Data Redis repositories in DEFAULT mode.
[2023-12-11 23:09:15.579] [main] INFO  o.s.d.r.c.RepositoryConfigurationDelegate : Finished Spring Data repository scanning in 9 ms. Found 0 Redis repository interfaces.
[2023-12-11 23:09:15.880] [main] INFO  o.s.cloud.context.scope.GenericScope : BeanFactory id=9430e3ef-5639-3ff0-90bb-fc8c8547073b
[2023-12-11 23:09:16.202] [main] INFO  o.s.b.w.e.tomcat.TomcatWebServer : Tomcat initialized with port(s): 9200 (http)
[2023-12-11 23:09:16.253] [main] INFO  o.a.coyote.http11.Http11NioProtocol : Initializing ProtocolHandler ["http-nio-9200"]
[2023-12-11 23:09:16.254] [main] INFO  o.a.catalina.core.StandardService : Starting service [Tomcat]
[2023-12-11 23:09:16.255] [main] INFO  o.a.catalina.core.StandardEngine : Starting Servlet engine: [Apache Tomcat/9.0.56]
[2023-12-11 23:09:16.399] [main] INFO  o.a.c.c.C.[Tomcat].[localhost].[/] : Initializing Spring embedded WebApplicationContext
[2023-12-11 23:09:16.399] [main] INFO  o.s.b.w.s.c.ServletWebServerApplicationContext : Root WebApplicationContext: initialization completed in 1643 ms
[2023-12-11 23:09:19.515] [main] WARN  o.s.c.l.c.LoadBalancerCacheAutoConfiguration$LoadBalancerCaffeineWarnLogger : Spring Cloud LoadBalancer is currently working with the default cache. While this cache implementation is useful for development and tests, it's recommended to use Caffeine cache in production.You can switch to using Caffeine cache, by adding it and org.springframework.cache.caffeine.CaffeineCacheManager to the classpath.
[2023-12-11 23:09:19.762] [main] INFO  o.a.coyote.http11.Http11NioProtocol : Starting ProtocolHandler ["http-nio-9200"]
[2023-12-11 23:09:19.780] [main] INFO  o.s.b.w.e.tomcat.TomcatWebServer : Tomcat started on port(s): 9200 (http) with context path ''
[2023-12-11 23:09:19.797] [main] INFO  c.a.c.n.r.NacosServiceRegistry : nacos registry, DEFAULT_GROUP xfs-user 192.168.229.1:9200 register finished
[2023-12-11 23:09:20.298] [main] INFO  com.yyh.xfs.user.UserApplication : Started UserApplication in 7.624 seconds (JVM running for 8.937)
[2023-12-11 23:09:20.303] [main] INFO  c.a.c.n.r.NacosContextRefresher : listening config: dataId=xfs-user, group=DEFAULT_GROUP
[2023-12-11 23:09:20.303] [main] INFO  c.a.c.n.r.NacosContextRefresher : listening config: dataId=xfs-user.yaml, group=DEFAULT_GROUP
[2023-12-11 23:09:20.305] [main] INFO  c.a.c.n.r.NacosContextRefresher : listening config: dataId=xfs-user-dev.yaml, group=DEFAULT_GROUP
